<?xml version="1.0" encoding="UTF-8"?>
<testsuite xmlns:xsi="http://www.w3.org/2001/XMLSchema-instance" xsi:noNamespaceSchemaLocation="https://maven.apache.org/surefire/maven-surefire-plugin/xsd/surefire-test-report.xsd" name="net.revature.binarybuiltbyte.project2.AddressTest" time="14.42" tests="3" errors="0" skipped="0" failures="3">
  <properties>
    <property name="sun.desktop" value="windows"/>
    <property name="awt.toolkit" value="sun.awt.windows.WToolkit"/>
    <property name="file.encoding.pkg" value="sun.io"/>
    <property name="java.specification.version" value="1.8"/>
    <property name="sun.cpu.isalist" value="amd64"/>
    <property name="sun.jnu.encoding" value="Cp1252"/>
    <property name="java.class.path" value="C:\Users\Shadow\Desktop\ByteBuilders-Project2\ByteBuildersBackEnd\project2-backend\target\test-classes;C:\Users\Shadow\Desktop\ByteBuilders-Project2\ByteBuildersBackEnd\project2-backend\target\classes;C:\Users\Shadow\.m2\repository\org\springframework\boot\spring-boot-starter-actuator\2.4.4\spring-boot-starter-actuator-2.4.4.jar;C:\Users\Shadow\.m2\repository\org\springframework\boot\spring-boot-starter\2.4.4\spring-boot-starter-2.4.4.jar;C:\Users\Shadow\.m2\repository\org\springframework\boot\spring-boot-starter-logging\2.4.4\spring-boot-starter-logging-2.4.4.jar;C:\Users\Shadow\.m2\repository\ch\qos\logback\logback-classic\1.2.3\logback-classic-1.2.3.jar;C:\Users\Shadow\.m2\repository\ch\qos\logback\logback-core\1.2.3\logback-core-1.2.3.jar;C:\Users\Shadow\.m2\repository\org\apache\logging\log4j\log4j-to-slf4j\2.13.3\log4j-to-slf4j-2.13.3.jar;C:\Users\Shadow\.m2\repository\org\apache\logging\log4j\log4j-api\2.13.3\log4j-api-2.13.3.jar;C:\Users\Shadow\.m2\repository\org\slf4j\jul-to-slf4j\1.7.30\jul-to-slf4j-1.7.30.jar;C:\Users\Shadow\.m2\repository\org\yaml\snakeyaml\1.27\snakeyaml-1.27.jar;C:\Users\Shadow\.m2\repository\org\springframework\boot\spring-boot-actuator-autoconfigure\2.4.4\spring-boot-actuator-autoconfigure-2.4.4.jar;C:\Users\Shadow\.m2\repository\org\springframework\boot\spring-boot-actuator\2.4.4\spring-boot-actuator-2.4.4.jar;C:\Users\Shadow\.m2\repository\com\fasterxml\jackson\datatype\jackson-datatype-jsr310\2.11.4\jackson-datatype-jsr310-2.11.4.jar;C:\Users\Shadow\.m2\repository\io\micrometer\micrometer-core\1.6.5\micrometer-core-1.6.5.jar;C:\Users\Shadow\.m2\repository\org\hdrhistogram\HdrHistogram\2.1.12\HdrHistogram-2.1.12.jar;C:\Users\Shadow\.m2\repository\org\latencyutils\LatencyUtils\2.0.3\LatencyUtils-2.0.3.jar;C:\Users\Shadow\.m2\repository\org\springframework\boot\spring-boot-starter-data-rest\2.4.4\spring-boot-starter-data-rest-2.4.4.jar;C:\Users\Shadow\.m2\repository\org\springframework\data\spring-data-rest-webmvc\3.4.6\spring-data-rest-webmvc-3.4.6.jar;C:\Users\Shadow\.m2\repository\org\springframework\data\spring-data-rest-core\3.4.6\spring-data-rest-core-3.4.6.jar;C:\Users\Shadow\.m2\repository\org\springframework\hateoas\spring-hateoas\1.2.5\spring-hateoas-1.2.5.jar;C:\Users\Shadow\.m2\repository\org\springframework\plugin\spring-plugin-core\2.0.0.RELEASE\spring-plugin-core-2.0.0.RELEASE.jar;C:\Users\Shadow\.m2\repository\org\atteo\evo-inflector\1.2.2\evo-inflector-1.2.2.jar;C:\Users\Shadow\.m2\repository\com\fasterxml\jackson\core\jackson-annotations\2.11.4\jackson-annotations-2.11.4.jar;C:\Users\Shadow\.m2\repository\org\slf4j\slf4j-api\1.7.30\slf4j-api-1.7.30.jar;C:\Users\Shadow\.m2\repository\org\springframework\boot\spring-boot-starter-data-jpa\2.4.4\spring-boot-starter-data-jpa-2.4.4.jar;C:\Users\Shadow\.m2\repository\org\springframework\boot\spring-boot-starter-aop\2.4.4\spring-boot-starter-aop-2.4.4.jar;C:\Users\Shadow\.m2\repository\org\aspectj\aspectjweaver\1.9.6\aspectjweaver-1.9.6.jar;C:\Users\Shadow\.m2\repository\org\springframework\boot\spring-boot-starter-jdbc\2.4.4\spring-boot-starter-jdbc-2.4.4.jar;C:\Users\Shadow\.m2\repository\com\zaxxer\HikariCP\3.4.5\HikariCP-3.4.5.jar;C:\Users\Shadow\.m2\repository\org\springframework\spring-jdbc\5.3.5\spring-jdbc-5.3.5.jar;C:\Users\Shadow\.m2\repository\jakarta\transaction\jakarta.transaction-api\1.3.3\jakarta.transaction-api-1.3.3.jar;C:\Users\Shadow\.m2\repository\jakarta\persistence\jakarta.persistence-api\2.2.3\jakarta.persistence-api-2.2.3.jar;C:\Users\Shadow\.m2\repository\org\hibernate\hibernate-core\5.4.29.Final\hibernate-core-5.4.29.Final.jar;C:\Users\Shadow\.m2\repository\org\jboss\logging\jboss-logging\3.4.1.Final\jboss-logging-3.4.1.Final.jar;C:\Users\Shadow\.m2\repository\org\javassist\javassist\3.27.0-GA\javassist-3.27.0-GA.jar;C:\Users\Shadow\.m2\repository\net\bytebuddy\byte-buddy\1.10.22\byte-buddy-1.10.22.jar;C:\Users\Shadow\.m2\repository\antlr\antlr\2.7.7\antlr-2.7.7.jar;C:\Users\Shadow\.m2\repository\org\jboss\jandex\2.2.3.Final\jandex-2.2.3.Final.jar;C:\Users\Shadow\.m2\repository\com\fasterxml\classmate\1.5.1\classmate-1.5.1.jar;C:\Users\Shadow\.m2\repository\org\dom4j\dom4j\2.1.3\dom4j-2.1.3.jar;C:\Users\Shadow\.m2\repository\org\hibernate\common\hibernate-commons-annotations\5.1.2.Final\hibernate-commons-annotations-5.1.2.Final.jar;C:\Users\Shadow\.m2\repository\org\glassfish\jaxb\jaxb-runtime\2.3.3\jaxb-runtime-2.3.3.jar;C:\Users\Shadow\.m2\repository\org\glassfish\jaxb\txw2\2.3.3\txw2-2.3.3.jar;C:\Users\Shadow\.m2\repository\com\sun\istack\istack-commons-runtime\3.0.11\istack-commons-runtime-3.0.11.jar;C:\Users\Shadow\.m2\repository\com\sun\activation\jakarta.activation\1.2.2\jakarta.activation-1.2.2.jar;C:\Users\Shadow\.m2\repository\org\springframework\data\spring-data-jpa\2.4.6\spring-data-jpa-2.4.6.jar;C:\Users\Shadow\.m2\repository\org\springframework\data\spring-data-commons\2.4.6\spring-data-commons-2.4.6.jar;C:\Users\Shadow\.m2\repository\org\springframework\spring-orm\5.3.5\spring-orm-5.3.5.jar;C:\Users\Shadow\.m2\repository\org\springframework\spring-tx\5.3.5\spring-tx-5.3.5.jar;C:\Users\Shadow\.m2\repository\org\springframework\spring-aspects\5.3.5\spring-aspects-5.3.5.jar;C:\Users\Shadow\.m2\repository\org\springframework\boot\spring-boot-starter-web\2.4.4\spring-boot-starter-web-2.4.4.jar;C:\Users\Shadow\.m2\repository\org\springframework\boot\spring-boot-starter-json\2.4.4\spring-boot-starter-json-2.4.4.jar;C:\Users\Shadow\.m2\repository\com\fasterxml\jackson\datatype\jackson-datatype-jdk8\2.11.4\jackson-datatype-jdk8-2.11.4.jar;C:\Users\Shadow\.m2\repository\com\fasterxml\jackson\module\jackson-module-parameter-names\2.11.4\jackson-module-parameter-names-2.11.4.jar;C:\Users\Shadow\.m2\repository\org\springframework\spring-web\5.3.5\spring-web-5.3.5.jar;C:\Users\Shadow\.m2\repository\org\springframework\spring-webmvc\5.3.5\spring-webmvc-5.3.5.jar;C:\Users\Shadow\.m2\repository\org\springframework\boot\spring-boot-devtools\2.4.4\spring-boot-devtools-2.4.4.jar;C:\Users\Shadow\.m2\repository\org\springframework\boot\spring-boot\2.4.4\spring-boot-2.4.4.jar;C:\Users\Shadow\.m2\repository\org\springframework\boot\spring-boot-autoconfigure\2.4.4\spring-boot-autoconfigure-2.4.4.jar;C:\Users\Shadow\.m2\repository\org\postgresql\postgresql\42.2.19\postgresql-42.2.19.jar;C:\Users\Shadow\.m2\repository\org\checkerframework\checker-qual\3.5.0\checker-qual-3.5.0.jar;C:\Users\Shadow\.m2\repository\org\springframework\boot\spring-boot-configuration-processor\2.4.4\spring-boot-configuration-processor-2.4.4.jar;C:\Users\Shadow\.m2\repository\org\projectlombok\lombok\1.18.18\lombok-1.18.18.jar;C:\Users\Shadow\.m2\repository\org\springframework\boot\spring-boot-starter-tomcat\2.4.4\spring-boot-starter-tomcat-2.4.4.jar;C:\Users\Shadow\.m2\repository\jakarta\annotation\jakarta.annotation-api\1.3.5\jakarta.annotation-api-1.3.5.jar;C:\Users\Shadow\.m2\repository\org\apache\tomcat\embed\tomcat-embed-core\9.0.44\tomcat-embed-core-9.0.44.jar;C:\Users\Shadow\.m2\repository\org\glassfish\jakarta.el\3.0.3\jakarta.el-3.0.3.jar;C:\Users\Shadow\.m2\repository\org\apache\tomcat\embed\tomcat-embed-websocket\9.0.44\tomcat-embed-websocket-9.0.44.jar;C:\Users\Shadow\.m2\repository\org\springframework\boot\spring-boot-starter-test\2.4.4\spring-boot-starter-test-2.4.4.jar;C:\Users\Shadow\.m2\repository\org\springframework\boot\spring-boot-test\2.4.4\spring-boot-test-2.4.4.jar;C:\Users\Shadow\.m2\repository\org\springframework\boot\spring-boot-test-autoconfigure\2.4.4\spring-boot-test-autoconfigure-2.4.4.jar;C:\Users\Shadow\.m2\repository\com\jayway\jsonpath\json-path\2.4.0\json-path-2.4.0.jar;C:\Users\Shadow\.m2\repository\net\minidev\json-smart\2.3\json-smart-2.3.jar;C:\Users\Shadow\.m2\repository\net\minidev\accessors-smart\1.2\accessors-smart-1.2.jar;C:\Users\Shadow\.m2\repository\jakarta\xml\bind\jakarta.xml.bind-api\2.3.3\jakarta.xml.bind-api-2.3.3.jar;C:\Users\Shadow\.m2\repository\jakarta\activation\jakarta.activation-api\1.2.2\jakarta.activation-api-1.2.2.jar;C:\Users\Shadow\.m2\repository\org\assertj\assertj-core\3.18.1\assertj-core-3.18.1.jar;C:\Users\Shadow\.m2\repository\org\hamcrest\hamcrest\2.2\hamcrest-2.2.jar;C:\Users\Shadow\.m2\repository\org\mockito\mockito-core\3.6.28\mockito-core-3.6.28.jar;C:\Users\Shadow\.m2\repository\net\bytebuddy\byte-buddy-agent\1.10.22\byte-buddy-agent-1.10.22.jar;C:\Users\Shadow\.m2\repository\org\objenesis\objenesis\3.1\objenesis-3.1.jar;C:\Users\Shadow\.m2\repository\org\mockito\mockito-junit-jupiter\3.6.28\mockito-junit-jupiter-3.6.28.jar;C:\Users\Shadow\.m2\repository\org\skyscreamer\jsonassert\1.5.0\jsonassert-1.5.0.jar;C:\Users\Shadow\.m2\repository\com\vaadin\external\google\android-json\0.0.20131108.vaadin1\android-json-0.0.20131108.vaadin1.jar;C:\Users\Shadow\.m2\repository\org\springframework\spring-core\5.3.5\spring-core-5.3.5.jar;C:\Users\Shadow\.m2\repository\org\springframework\spring-jcl\5.3.5\spring-jcl-5.3.5.jar;C:\Users\Shadow\.m2\repository\org\springframework\spring-test\5.3.5\spring-test-5.3.5.jar;C:\Users\Shadow\.m2\repository\org\xmlunit\xmlunit-core\2.7.0\xmlunit-core-2.7.0.jar;C:\Users\Shadow\.m2\repository\org\junit\jupiter\junit-jupiter\5.7.1\junit-jupiter-5.7.1.jar;C:\Users\Shadow\.m2\repository\org\junit\jupiter\junit-jupiter-params\5.7.1\junit-jupiter-params-5.7.1.jar;C:\Users\Shadow\.m2\repository\junit\junit\4.13.2\junit-4.13.2.jar;C:\Users\Shadow\.m2\repository\org\hamcrest\hamcrest-core\2.2\hamcrest-core-2.2.jar;C:\Users\Shadow\.m2\repository\org\junit\jupiter\junit-jupiter-api\5.7.1\junit-jupiter-api-5.7.1.jar;C:\Users\Shadow\.m2\repository\org\apiguardian\apiguardian-api\1.1.0\apiguardian-api-1.1.0.jar;C:\Users\Shadow\.m2\repository\org\opentest4j\opentest4j\1.2.0\opentest4j-1.2.0.jar;C:\Users\Shadow\.m2\repository\org\junit\platform\junit-platform-commons\1.7.1\junit-platform-commons-1.7.1.jar;C:\Users\Shadow\.m2\repository\org\junit\jupiter\junit-jupiter-engine\5.7.1\junit-jupiter-engine-5.7.1.jar;C:\Users\Shadow\.m2\repository\org\junit\platform\junit-platform-engine\1.7.1\junit-platform-engine-1.7.1.jar;C:\Users\Shadow\.m2\repository\org\junit\vintage\junit-vintage-engine\5.7.1\junit-vintage-engine-5.7.1.jar;C:\Users\Shadow\.m2\repository\org\jacoco\jacoco-maven-plugin\0.8.6\jacoco-maven-plugin-0.8.6.jar;C:\Users\Shadow\.m2\repository\org\apache\maven\maven-plugin-api\3.0\maven-plugin-api-3.0.jar;C:\Users\Shadow\.m2\repository\org\apache\maven\maven-model\3.0\maven-model-3.0.jar;C:\Users\Shadow\.m2\repository\org\apache\maven\maven-artifact\3.0\maven-artifact-3.0.jar;C:\Users\Shadow\.m2\repository\org\sonatype\sisu\sisu-inject-plexus\1.4.2\sisu-inject-plexus-1.4.2.jar;C:\Users\Shadow\.m2\repository\org\sonatype\sisu\sisu-inject-bean\1.4.2\sisu-inject-bean-1.4.2.jar;C:\Users\Shadow\.m2\repository\org\sonatype\sisu\sisu-guice\2.1.7\sisu-guice-2.1.7-noaop.jar;C:\Users\Shadow\.m2\repository\org\apache\maven\maven-core\3.0\maven-core-3.0.jar;C:\Users\Shadow\.m2\repository\org\apache\maven\maven-settings\3.0\maven-settings-3.0.jar;C:\Users\Shadow\.m2\repository\org\apache\maven\maven-settings-builder\3.0\maven-settings-builder-3.0.jar;C:\Users\Shadow\.m2\repository\org\apache\maven\maven-repository-metadata\3.0\maven-repository-metadata-3.0.jar;C:\Users\Shadow\.m2\repository\org\apache\maven\maven-model-builder\3.0\maven-model-builder-3.0.jar;C:\Users\Shadow\.m2\repository\org\apache\maven\maven-aether-provider\3.0\maven-aether-provider-3.0.jar;C:\Users\Shadow\.m2\repository\org\sonatype\aether\aether-impl\1.7\aether-impl-1.7.jar;C:\Users\Shadow\.m2\repository\org\sonatype\aether\aether-spi\1.7\aether-spi-1.7.jar;C:\Users\Shadow\.m2\repository\org\sonatype\aether\aether-api\1.7\aether-api-1.7.jar;C:\Users\Shadow\.m2\repository\org\sonatype\aether\aether-util\1.7\aether-util-1.7.jar;C:\Users\Shadow\.m2\repository\org\codehaus\plexus\plexus-interpolation\1.14\plexus-interpolation-1.14.jar;C:\Users\Shadow\.m2\repository\org\codehaus\plexus\plexus-classworlds\2.2.3\plexus-classworlds-2.2.3.jar;C:\Users\Shadow\.m2\repository\org\codehaus\plexus\plexus-component-annotations\1.5.5\plexus-component-annotations-1.5.5.jar;C:\Users\Shadow\.m2\repository\org\sonatype\plexus\plexus-sec-dispatcher\1.3\plexus-sec-dispatcher-1.3.jar;C:\Users\Shadow\.m2\repository\org\sonatype\plexus\plexus-cipher\1.4\plexus-cipher-1.4.jar;C:\Users\Shadow\.m2\repository\org\codehaus\plexus\plexus-utils\3.0.22\plexus-utils-3.0.22.jar;C:\Users\Shadow\.m2\repository\org\apache\maven\shared\file-management\1.2.1\file-management-1.2.1.jar;C:\Users\Shadow\.m2\repository\org\apache\maven\shared\maven-shared-io\1.1\maven-shared-io-1.1.jar;C:\Users\Shadow\.m2\repository\org\apache\maven\maven-artifact-manager\2.0.2\maven-artifact-manager-2.0.2.jar;C:\Users\Shadow\.m2\repository\org\apache\maven\wagon\wagon-provider-api\1.0-alpha-6\wagon-provider-api-1.0-alpha-6.jar;C:\Users\Shadow\.m2\repository\org\codehaus\plexus\plexus-container-default\1.0-alpha-9\plexus-container-default-1.0-alpha-9.jar;C:\Users\Shadow\.m2\repository\classworlds\classworlds\1.1-alpha-2\classworlds-1.1-alpha-2.jar;C:\Users\Shadow\.m2\repository\org\apache\maven\reporting\maven-reporting-api\3.0\maven-reporting-api-3.0.jar;C:\Users\Shadow\.m2\repository\org\apache\maven\doxia\doxia-sink-api\1.0\doxia-sink-api-1.0.jar;C:\Users\Shadow\.m2\repository\org\apache\maven\reporting\maven-reporting-impl\2.1\maven-reporting-impl-2.1.jar;C:\Users\Shadow\.m2\repository\org\apache\maven\maven-project\2.0.10\maven-project-2.0.10.jar;C:\Users\Shadow\.m2\repository\org\apache\maven\maven-profile\2.0.10\maven-profile-2.0.10.jar;C:\Users\Shadow\.m2\repository\org\apache\maven\maven-plugin-registry\2.0.10\maven-plugin-registry-2.0.10.jar;C:\Users\Shadow\.m2\repository\org\apache\maven\doxia\doxia-core\1.1.2\doxia-core-1.1.2.jar;C:\Users\Shadow\.m2\repository\org\apache\maven\doxia\doxia-logging-api\1.1.2\doxia-logging-api-1.1.2.jar;C:\Users\Shadow\.m2\repository\xerces\xercesImpl\2.8.1\xercesImpl-2.8.1.jar;C:\Users\Shadow\.m2\repository\commons-lang\commons-lang\2.4\commons-lang-2.4.jar;C:\Users\Shadow\.m2\repository\commons-httpclient\commons-httpclient\3.1\commons-httpclient-3.1.jar;C:\Users\Shadow\.m2\repository\commons-codec\commons-codec\1.15\commons-codec-1.15.jar;C:\Users\Shadow\.m2\repository\org\apache\maven\doxia\doxia-site-renderer\1.1.2\doxia-site-renderer-1.1.2.jar;C:\Users\Shadow\.m2\repository\org\apache\maven\doxia\doxia-decoration-model\1.1.2\doxia-decoration-model-1.1.2.jar;C:\Users\Shadow\.m2\repository\org\apache\maven\doxia\doxia-module-xhtml\1.1.2\doxia-module-xhtml-1.1.2.jar;C:\Users\Shadow\.m2\repository\org\apache\maven\doxia\doxia-module-fml\1.1.2\doxia-module-fml-1.1.2.jar;C:\Users\Shadow\.m2\repository\org\codehaus\plexus\plexus-i18n\1.0-beta-7\plexus-i18n-1.0-beta-7.jar;C:\Users\Shadow\.m2\repository\org\codehaus\plexus\plexus-velocity\1.1.7\plexus-velocity-1.1.7.jar;C:\Users\Shadow\.m2\repository\org\apache\velocity\velocity\1.5\velocity-1.5.jar;C:\Users\Shadow\.m2\repository\commons-collections\commons-collections\3.2\commons-collections-3.2.jar;C:\Users\Shadow\.m2\repository\commons-validator\commons-validator\1.2.0\commons-validator-1.2.0.jar;C:\Users\Shadow\.m2\repository\commons-beanutils\commons-beanutils\1.7.0\commons-beanutils-1.7.0.jar;C:\Users\Shadow\.m2\repository\commons-digester\commons-digester\1.6\commons-digester-1.6.jar;C:\Users\Shadow\.m2\repository\commons-logging\commons-logging\1.0.4\commons-logging-1.0.4.jar;C:\Users\Shadow\.m2\repository\oro\oro\2.0.8\oro-2.0.8.jar;C:\Users\Shadow\.m2\repository\xml-apis\xml-apis\1.0.b2\xml-apis-1.0.b2.jar;C:\Users\Shadow\.m2\repository\org\jacoco\org.jacoco.agent\0.8.6\org.jacoco.agent-0.8.6-runtime.jar;C:\Users\Shadow\.m2\repository\org\jacoco\org.jacoco.core\0.8.6\org.jacoco.core-0.8.6.jar;C:\Users\Shadow\.m2\repository\org\ow2\asm\asm\8.0.1\asm-8.0.1.jar;C:\Users\Shadow\.m2\repository\org\ow2\asm\asm-commons\8.0.1\asm-commons-8.0.1.jar;C:\Users\Shadow\.m2\repository\org\ow2\asm\asm-analysis\8.0.1\asm-analysis-8.0.1.jar;C:\Users\Shadow\.m2\repository\org\ow2\asm\asm-tree\8.0.1\asm-tree-8.0.1.jar;C:\Users\Shadow\.m2\repository\org\jacoco\org.jacoco.report\0.8.6\org.jacoco.report-0.8.6.jar;C:\Users\Shadow\.m2\repository\com\h2database\h2\1.4.200\h2-1.4.200.jar;C:\Users\Shadow\.m2\repository\org\springframework\boot\spring-boot-starter-security\2.4.4\spring-boot-starter-security-2.4.4.jar;C:\Users\Shadow\.m2\repository\org\springframework\spring-aop\5.3.5\spring-aop-5.3.5.jar;C:\Users\Shadow\.m2\repository\org\springframework\security\spring-security-config\5.4.5\spring-security-config-5.4.5.jar;C:\Users\Shadow\.m2\repository\org\springframework\security\spring-security-test\5.4.5\spring-security-test-5.4.5.jar;C:\Users\Shadow\.m2\repository\org\springframework\security\spring-security-core\5.4.5\spring-security-core-5.4.5.jar;C:\Users\Shadow\.m2\repository\io\jsonwebtoken\jjwt\0.9.1\jjwt-0.9.1.jar;C:\Users\Shadow\.m2\repository\com\fasterxml\jackson\core\jackson-databind\2.11.4\jackson-databind-2.11.4.jar;C:\Users\Shadow\.m2\repository\com\fasterxml\jackson\core\jackson-core\2.11.4\jackson-core-2.11.4.jar;C:\Users\Shadow\.m2\repository\org\springframework\security\spring-security-web\5.4.6\spring-security-web-5.4.6.jar;C:\Users\Shadow\.m2\repository\org\springframework\spring-beans\5.3.5\spring-beans-5.3.5.jar;C:\Users\Shadow\.m2\repository\org\springframework\spring-context\5.3.5\spring-context-5.3.5.jar;C:\Users\Shadow\.m2\repository\org\springframework\spring-expression\5.3.5\spring-expression-5.3.5.jar;"/>
    <property name="java.vm.vendor" value="Oracle Corporation"/>
    <property name="sun.arch.data.model" value="64"/>
    <property name="user.variant" value=""/>
    <property name="java.vendor.url" value="http://java.oracle.com/"/>
    <property name="user.timezone" value="America/Los_Angeles"/>
    <property name="java.vm.specification.version" value="1.8"/>
    <property name="os.name" value="Windows 10"/>
    <property name="user.country" value="US"/>
    <property name="sun.java.launcher" value="SUN_STANDARD"/>
    <property name="sun.boot.library.path" value="C:\Program Files\Java\jdk1.8.0_281\jre\bin"/>
    <property name="sun.java.command" value="C:\Users\Shadow\AppData\Local\Temp\surefire1919052231114811617\surefirebooter1403569438388000203.jar C:\Users\Shadow\AppData\Local\Temp\surefire1919052231114811617 2021-04-22T15-13-02_319-jvmRun1 surefire1935765953936747824tmp surefire_0253254160755549215tmp"/>
    <property name="surefire.test.class.path" value="C:\Users\Shadow\Desktop\ByteBuilders-Project2\ByteBuildersBackEnd\project2-backend\target\test-classes;C:\Users\Shadow\Desktop\ByteBuilders-Project2\ByteBuildersBackEnd\project2-backend\target\classes;C:\Users\Shadow\.m2\repository\org\springframework\boot\spring-boot-starter-actuator\2.4.4\spring-boot-starter-actuator-2.4.4.jar;C:\Users\Shadow\.m2\repository\org\springframework\boot\spring-boot-starter\2.4.4\spring-boot-starter-2.4.4.jar;C:\Users\Shadow\.m2\repository\org\springframework\boot\spring-boot-starter-logging\2.4.4\spring-boot-starter-logging-2.4.4.jar;C:\Users\Shadow\.m2\repository\ch\qos\logback\logback-classic\1.2.3\logback-classic-1.2.3.jar;C:\Users\Shadow\.m2\repository\ch\qos\logback\logback-core\1.2.3\logback-core-1.2.3.jar;C:\Users\Shadow\.m2\repository\org\apache\logging\log4j\log4j-to-slf4j\2.13.3\log4j-to-slf4j-2.13.3.jar;C:\Users\Shadow\.m2\repository\org\apache\logging\log4j\log4j-api\2.13.3\log4j-api-2.13.3.jar;C:\Users\Shadow\.m2\repository\org\slf4j\jul-to-slf4j\1.7.30\jul-to-slf4j-1.7.30.jar;C:\Users\Shadow\.m2\repository\org\yaml\snakeyaml\1.27\snakeyaml-1.27.jar;C:\Users\Shadow\.m2\repository\org\springframework\boot\spring-boot-actuator-autoconfigure\2.4.4\spring-boot-actuator-autoconfigure-2.4.4.jar;C:\Users\Shadow\.m2\repository\org\springframework\boot\spring-boot-actuator\2.4.4\spring-boot-actuator-2.4.4.jar;C:\Users\Shadow\.m2\repository\com\fasterxml\jackson\datatype\jackson-datatype-jsr310\2.11.4\jackson-datatype-jsr310-2.11.4.jar;C:\Users\Shadow\.m2\repository\io\micrometer\micrometer-core\1.6.5\micrometer-core-1.6.5.jar;C:\Users\Shadow\.m2\repository\org\hdrhistogram\HdrHistogram\2.1.12\HdrHistogram-2.1.12.jar;C:\Users\Shadow\.m2\repository\org\latencyutils\LatencyUtils\2.0.3\LatencyUtils-2.0.3.jar;C:\Users\Shadow\.m2\repository\org\springframework\boot\spring-boot-starter-data-rest\2.4.4\spring-boot-starter-data-rest-2.4.4.jar;C:\Users\Shadow\.m2\repository\org\springframework\data\spring-data-rest-webmvc\3.4.6\spring-data-rest-webmvc-3.4.6.jar;C:\Users\Shadow\.m2\repository\org\springframework\data\spring-data-rest-core\3.4.6\spring-data-rest-core-3.4.6.jar;C:\Users\Shadow\.m2\repository\org\springframework\hateoas\spring-hateoas\1.2.5\spring-hateoas-1.2.5.jar;C:\Users\Shadow\.m2\repository\org\springframework\plugin\spring-plugin-core\2.0.0.RELEASE\spring-plugin-core-2.0.0.RELEASE.jar;C:\Users\Shadow\.m2\repository\org\atteo\evo-inflector\1.2.2\evo-inflector-1.2.2.jar;C:\Users\Shadow\.m2\repository\com\fasterxml\jackson\core\jackson-annotations\2.11.4\jackson-annotations-2.11.4.jar;C:\Users\Shadow\.m2\repository\org\slf4j\slf4j-api\1.7.30\slf4j-api-1.7.30.jar;C:\Users\Shadow\.m2\repository\org\springframework\boot\spring-boot-starter-data-jpa\2.4.4\spring-boot-starter-data-jpa-2.4.4.jar;C:\Users\Shadow\.m2\repository\org\springframework\boot\spring-boot-starter-aop\2.4.4\spring-boot-starter-aop-2.4.4.jar;C:\Users\Shadow\.m2\repository\org\aspectj\aspectjweaver\1.9.6\aspectjweaver-1.9.6.jar;C:\Users\Shadow\.m2\repository\org\springframework\boot\spring-boot-starter-jdbc\2.4.4\spring-boot-starter-jdbc-2.4.4.jar;C:\Users\Shadow\.m2\repository\com\zaxxer\HikariCP\3.4.5\HikariCP-3.4.5.jar;C:\Users\Shadow\.m2\repository\org\springframework\spring-jdbc\5.3.5\spring-jdbc-5.3.5.jar;C:\Users\Shadow\.m2\repository\jakarta\transaction\jakarta.transaction-api\1.3.3\jakarta.transaction-api-1.3.3.jar;C:\Users\Shadow\.m2\repository\jakarta\persistence\jakarta.persistence-api\2.2.3\jakarta.persistence-api-2.2.3.jar;C:\Users\Shadow\.m2\repository\org\hibernate\hibernate-core\5.4.29.Final\hibernate-core-5.4.29.Final.jar;C:\Users\Shadow\.m2\repository\org\jboss\logging\jboss-logging\3.4.1.Final\jboss-logging-3.4.1.Final.jar;C:\Users\Shadow\.m2\repository\org\javassist\javassist\3.27.0-GA\javassist-3.27.0-GA.jar;C:\Users\Shadow\.m2\repository\net\bytebuddy\byte-buddy\1.10.22\byte-buddy-1.10.22.jar;C:\Users\Shadow\.m2\repository\antlr\antlr\2.7.7\antlr-2.7.7.jar;C:\Users\Shadow\.m2\repository\org\jboss\jandex\2.2.3.Final\jandex-2.2.3.Final.jar;C:\Users\Shadow\.m2\repository\com\fasterxml\classmate\1.5.1\classmate-1.5.1.jar;C:\Users\Shadow\.m2\repository\org\dom4j\dom4j\2.1.3\dom4j-2.1.3.jar;C:\Users\Shadow\.m2\repository\org\hibernate\common\hibernate-commons-annotations\5.1.2.Final\hibernate-commons-annotations-5.1.2.Final.jar;C:\Users\Shadow\.m2\repository\org\glassfish\jaxb\jaxb-runtime\2.3.3\jaxb-runtime-2.3.3.jar;C:\Users\Shadow\.m2\repository\org\glassfish\jaxb\txw2\2.3.3\txw2-2.3.3.jar;C:\Users\Shadow\.m2\repository\com\sun\istack\istack-commons-runtime\3.0.11\istack-commons-runtime-3.0.11.jar;C:\Users\Shadow\.m2\repository\com\sun\activation\jakarta.activation\1.2.2\jakarta.activation-1.2.2.jar;C:\Users\Shadow\.m2\repository\org\springframework\data\spring-data-jpa\2.4.6\spring-data-jpa-2.4.6.jar;C:\Users\Shadow\.m2\repository\org\springframework\data\spring-data-commons\2.4.6\spring-data-commons-2.4.6.jar;C:\Users\Shadow\.m2\repository\org\springframework\spring-orm\5.3.5\spring-orm-5.3.5.jar;C:\Users\Shadow\.m2\repository\org\springframework\spring-tx\5.3.5\spring-tx-5.3.5.jar;C:\Users\Shadow\.m2\repository\org\springframework\spring-aspects\5.3.5\spring-aspects-5.3.5.jar;C:\Users\Shadow\.m2\repository\org\springframework\boot\spring-boot-starter-web\2.4.4\spring-boot-starter-web-2.4.4.jar;C:\Users\Shadow\.m2\repository\org\springframework\boot\spring-boot-starter-json\2.4.4\spring-boot-starter-json-2.4.4.jar;C:\Users\Shadow\.m2\repository\com\fasterxml\jackson\datatype\jackson-datatype-jdk8\2.11.4\jackson-datatype-jdk8-2.11.4.jar;C:\Users\Shadow\.m2\repository\com\fasterxml\jackson\module\jackson-module-parameter-names\2.11.4\jackson-module-parameter-names-2.11.4.jar;C:\Users\Shadow\.m2\repository\org\springframework\spring-web\5.3.5\spring-web-5.3.5.jar;C:\Users\Shadow\.m2\repository\org\springframework\spring-webmvc\5.3.5\spring-webmvc-5.3.5.jar;C:\Users\Shadow\.m2\repository\org\springframework\boot\spring-boot-devtools\2.4.4\spring-boot-devtools-2.4.4.jar;C:\Users\Shadow\.m2\repository\org\springframework\boot\spring-boot\2.4.4\spring-boot-2.4.4.jar;C:\Users\Shadow\.m2\repository\org\springframework\boot\spring-boot-autoconfigure\2.4.4\spring-boot-autoconfigure-2.4.4.jar;C:\Users\Shadow\.m2\repository\org\postgresql\postgresql\42.2.19\postgresql-42.2.19.jar;C:\Users\Shadow\.m2\repository\org\checkerframework\checker-qual\3.5.0\checker-qual-3.5.0.jar;C:\Users\Shadow\.m2\repository\org\springframework\boot\spring-boot-configuration-processor\2.4.4\spring-boot-configuration-processor-2.4.4.jar;C:\Users\Shadow\.m2\repository\org\projectlombok\lombok\1.18.18\lombok-1.18.18.jar;C:\Users\Shadow\.m2\repository\org\springframework\boot\spring-boot-starter-tomcat\2.4.4\spring-boot-starter-tomcat-2.4.4.jar;C:\Users\Shadow\.m2\repository\jakarta\annotation\jakarta.annotation-api\1.3.5\jakarta.annotation-api-1.3.5.jar;C:\Users\Shadow\.m2\repository\org\apache\tomcat\embed\tomcat-embed-core\9.0.44\tomcat-embed-core-9.0.44.jar;C:\Users\Shadow\.m2\repository\org\glassfish\jakarta.el\3.0.3\jakarta.el-3.0.3.jar;C:\Users\Shadow\.m2\repository\org\apache\tomcat\embed\tomcat-embed-websocket\9.0.44\tomcat-embed-websocket-9.0.44.jar;C:\Users\Shadow\.m2\repository\org\springframework\boot\spring-boot-starter-test\2.4.4\spring-boot-starter-test-2.4.4.jar;C:\Users\Shadow\.m2\repository\org\springframework\boot\spring-boot-test\2.4.4\spring-boot-test-2.4.4.jar;C:\Users\Shadow\.m2\repository\org\springframework\boot\spring-boot-test-autoconfigure\2.4.4\spring-boot-test-autoconfigure-2.4.4.jar;C:\Users\Shadow\.m2\repository\com\jayway\jsonpath\json-path\2.4.0\json-path-2.4.0.jar;C:\Users\Shadow\.m2\repository\net\minidev\json-smart\2.3\json-smart-2.3.jar;C:\Users\Shadow\.m2\repository\net\minidev\accessors-smart\1.2\accessors-smart-1.2.jar;C:\Users\Shadow\.m2\repository\jakarta\xml\bind\jakarta.xml.bind-api\2.3.3\jakarta.xml.bind-api-2.3.3.jar;C:\Users\Shadow\.m2\repository\jakarta\activation\jakarta.activation-api\1.2.2\jakarta.activation-api-1.2.2.jar;C:\Users\Shadow\.m2\repository\org\assertj\assertj-core\3.18.1\assertj-core-3.18.1.jar;C:\Users\Shadow\.m2\repository\org\hamcrest\hamcrest\2.2\hamcrest-2.2.jar;C:\Users\Shadow\.m2\repository\org\mockito\mockito-core\3.6.28\mockito-core-3.6.28.jar;C:\Users\Shadow\.m2\repository\net\bytebuddy\byte-buddy-agent\1.10.22\byte-buddy-agent-1.10.22.jar;C:\Users\Shadow\.m2\repository\org\objenesis\objenesis\3.1\objenesis-3.1.jar;C:\Users\Shadow\.m2\repository\org\mockito\mockito-junit-jupiter\3.6.28\mockito-junit-jupiter-3.6.28.jar;C:\Users\Shadow\.m2\repository\org\skyscreamer\jsonassert\1.5.0\jsonassert-1.5.0.jar;C:\Users\Shadow\.m2\repository\com\vaadin\external\google\android-json\0.0.20131108.vaadin1\android-json-0.0.20131108.vaadin1.jar;C:\Users\Shadow\.m2\repository\org\springframework\spring-core\5.3.5\spring-core-5.3.5.jar;C:\Users\Shadow\.m2\repository\org\springframework\spring-jcl\5.3.5\spring-jcl-5.3.5.jar;C:\Users\Shadow\.m2\repository\org\springframework\spring-test\5.3.5\spring-test-5.3.5.jar;C:\Users\Shadow\.m2\repository\org\xmlunit\xmlunit-core\2.7.0\xmlunit-core-2.7.0.jar;C:\Users\Shadow\.m2\repository\org\junit\jupiter\junit-jupiter\5.7.1\junit-jupiter-5.7.1.jar;C:\Users\Shadow\.m2\repository\org\junit\jupiter\junit-jupiter-params\5.7.1\junit-jupiter-params-5.7.1.jar;C:\Users\Shadow\.m2\repository\junit\junit\4.13.2\junit-4.13.2.jar;C:\Users\Shadow\.m2\repository\org\hamcrest\hamcrest-core\2.2\hamcrest-core-2.2.jar;C:\Users\Shadow\.m2\repository\org\junit\jupiter\junit-jupiter-api\5.7.1\junit-jupiter-api-5.7.1.jar;C:\Users\Shadow\.m2\repository\org\apiguardian\apiguardian-api\1.1.0\apiguardian-api-1.1.0.jar;C:\Users\Shadow\.m2\repository\org\opentest4j\opentest4j\1.2.0\opentest4j-1.2.0.jar;C:\Users\Shadow\.m2\repository\org\junit\platform\junit-platform-commons\1.7.1\junit-platform-commons-1.7.1.jar;C:\Users\Shadow\.m2\repository\org\junit\jupiter\junit-jupiter-engine\5.7.1\junit-jupiter-engine-5.7.1.jar;C:\Users\Shadow\.m2\repository\org\junit\platform\junit-platform-engine\1.7.1\junit-platform-engine-1.7.1.jar;C:\Users\Shadow\.m2\repository\org\junit\vintage\junit-vintage-engine\5.7.1\junit-vintage-engine-5.7.1.jar;C:\Users\Shadow\.m2\repository\org\jacoco\jacoco-maven-plugin\0.8.6\jacoco-maven-plugin-0.8.6.jar;C:\Users\Shadow\.m2\repository\org\apache\maven\maven-plugin-api\3.0\maven-plugin-api-3.0.jar;C:\Users\Shadow\.m2\repository\org\apache\maven\maven-model\3.0\maven-model-3.0.jar;C:\Users\Shadow\.m2\repository\org\apache\maven\maven-artifact\3.0\maven-artifact-3.0.jar;C:\Users\Shadow\.m2\repository\org\sonatype\sisu\sisu-inject-plexus\1.4.2\sisu-inject-plexus-1.4.2.jar;C:\Users\Shadow\.m2\repository\org\sonatype\sisu\sisu-inject-bean\1.4.2\sisu-inject-bean-1.4.2.jar;C:\Users\Shadow\.m2\repository\org\sonatype\sisu\sisu-guice\2.1.7\sisu-guice-2.1.7-noaop.jar;C:\Users\Shadow\.m2\repository\org\apache\maven\maven-core\3.0\maven-core-3.0.jar;C:\Users\Shadow\.m2\repository\org\apache\maven\maven-settings\3.0\maven-settings-3.0.jar;C:\Users\Shadow\.m2\repository\org\apache\maven\maven-settings-builder\3.0\maven-settings-builder-3.0.jar;C:\Users\Shadow\.m2\repository\org\apache\maven\maven-repository-metadata\3.0\maven-repository-metadata-3.0.jar;C:\Users\Shadow\.m2\repository\org\apache\maven\maven-model-builder\3.0\maven-model-builder-3.0.jar;C:\Users\Shadow\.m2\repository\org\apache\maven\maven-aether-provider\3.0\maven-aether-provider-3.0.jar;C:\Users\Shadow\.m2\repository\org\sonatype\aether\aether-impl\1.7\aether-impl-1.7.jar;C:\Users\Shadow\.m2\repository\org\sonatype\aether\aether-spi\1.7\aether-spi-1.7.jar;C:\Users\Shadow\.m2\repository\org\sonatype\aether\aether-api\1.7\aether-api-1.7.jar;C:\Users\Shadow\.m2\repository\org\sonatype\aether\aether-util\1.7\aether-util-1.7.jar;C:\Users\Shadow\.m2\repository\org\codehaus\plexus\plexus-interpolation\1.14\plexus-interpolation-1.14.jar;C:\Users\Shadow\.m2\repository\org\codehaus\plexus\plexus-classworlds\2.2.3\plexus-classworlds-2.2.3.jar;C:\Users\Shadow\.m2\repository\org\codehaus\plexus\plexus-component-annotations\1.5.5\plexus-component-annotations-1.5.5.jar;C:\Users\Shadow\.m2\repository\org\sonatype\plexus\plexus-sec-dispatcher\1.3\plexus-sec-dispatcher-1.3.jar;C:\Users\Shadow\.m2\repository\org\sonatype\plexus\plexus-cipher\1.4\plexus-cipher-1.4.jar;C:\Users\Shadow\.m2\repository\org\codehaus\plexus\plexus-utils\3.0.22\plexus-utils-3.0.22.jar;C:\Users\Shadow\.m2\repository\org\apache\maven\shared\file-management\1.2.1\file-management-1.2.1.jar;C:\Users\Shadow\.m2\repository\org\apache\maven\shared\maven-shared-io\1.1\maven-shared-io-1.1.jar;C:\Users\Shadow\.m2\repository\org\apache\maven\maven-artifact-manager\2.0.2\maven-artifact-manager-2.0.2.jar;C:\Users\Shadow\.m2\repository\org\apache\maven\wagon\wagon-provider-api\1.0-alpha-6\wagon-provider-api-1.0-alpha-6.jar;C:\Users\Shadow\.m2\repository\org\codehaus\plexus\plexus-container-default\1.0-alpha-9\plexus-container-default-1.0-alpha-9.jar;C:\Users\Shadow\.m2\repository\classworlds\classworlds\1.1-alpha-2\classworlds-1.1-alpha-2.jar;C:\Users\Shadow\.m2\repository\org\apache\maven\reporting\maven-reporting-api\3.0\maven-reporting-api-3.0.jar;C:\Users\Shadow\.m2\repository\org\apache\maven\doxia\doxia-sink-api\1.0\doxia-sink-api-1.0.jar;C:\Users\Shadow\.m2\repository\org\apache\maven\reporting\maven-reporting-impl\2.1\maven-reporting-impl-2.1.jar;C:\Users\Shadow\.m2\repository\org\apache\maven\maven-project\2.0.10\maven-project-2.0.10.jar;C:\Users\Shadow\.m2\repository\org\apache\maven\maven-profile\2.0.10\maven-profile-2.0.10.jar;C:\Users\Shadow\.m2\repository\org\apache\maven\maven-plugin-registry\2.0.10\maven-plugin-registry-2.0.10.jar;C:\Users\Shadow\.m2\repository\org\apache\maven\doxia\doxia-core\1.1.2\doxia-core-1.1.2.jar;C:\Users\Shadow\.m2\repository\org\apache\maven\doxia\doxia-logging-api\1.1.2\doxia-logging-api-1.1.2.jar;C:\Users\Shadow\.m2\repository\xerces\xercesImpl\2.8.1\xercesImpl-2.8.1.jar;C:\Users\Shadow\.m2\repository\commons-lang\commons-lang\2.4\commons-lang-2.4.jar;C:\Users\Shadow\.m2\repository\commons-httpclient\commons-httpclient\3.1\commons-httpclient-3.1.jar;C:\Users\Shadow\.m2\repository\commons-codec\commons-codec\1.15\commons-codec-1.15.jar;C:\Users\Shadow\.m2\repository\org\apache\maven\doxia\doxia-site-renderer\1.1.2\doxia-site-renderer-1.1.2.jar;C:\Users\Shadow\.m2\repository\org\apache\maven\doxia\doxia-decoration-model\1.1.2\doxia-decoration-model-1.1.2.jar;C:\Users\Shadow\.m2\repository\org\apache\maven\doxia\doxia-module-xhtml\1.1.2\doxia-module-xhtml-1.1.2.jar;C:\Users\Shadow\.m2\repository\org\apache\maven\doxia\doxia-module-fml\1.1.2\doxia-module-fml-1.1.2.jar;C:\Users\Shadow\.m2\repository\org\codehaus\plexus\plexus-i18n\1.0-beta-7\plexus-i18n-1.0-beta-7.jar;C:\Users\Shadow\.m2\repository\org\codehaus\plexus\plexus-velocity\1.1.7\plexus-velocity-1.1.7.jar;C:\Users\Shadow\.m2\repository\org\apache\velocity\velocity\1.5\velocity-1.5.jar;C:\Users\Shadow\.m2\repository\commons-collections\commons-collections\3.2\commons-collections-3.2.jar;C:\Users\Shadow\.m2\repository\commons-validator\commons-validator\1.2.0\commons-validator-1.2.0.jar;C:\Users\Shadow\.m2\repository\commons-beanutils\commons-beanutils\1.7.0\commons-beanutils-1.7.0.jar;C:\Users\Shadow\.m2\repository\commons-digester\commons-digester\1.6\commons-digester-1.6.jar;C:\Users\Shadow\.m2\repository\commons-logging\commons-logging\1.0.4\commons-logging-1.0.4.jar;C:\Users\Shadow\.m2\repository\oro\oro\2.0.8\oro-2.0.8.jar;C:\Users\Shadow\.m2\repository\xml-apis\xml-apis\1.0.b2\xml-apis-1.0.b2.jar;C:\Users\Shadow\.m2\repository\org\jacoco\org.jacoco.agent\0.8.6\org.jacoco.agent-0.8.6-runtime.jar;C:\Users\Shadow\.m2\repository\org\jacoco\org.jacoco.core\0.8.6\org.jacoco.core-0.8.6.jar;C:\Users\Shadow\.m2\repository\org\ow2\asm\asm\8.0.1\asm-8.0.1.jar;C:\Users\Shadow\.m2\repository\org\ow2\asm\asm-commons\8.0.1\asm-commons-8.0.1.jar;C:\Users\Shadow\.m2\repository\org\ow2\asm\asm-analysis\8.0.1\asm-analysis-8.0.1.jar;C:\Users\Shadow\.m2\repository\org\ow2\asm\asm-tree\8.0.1\asm-tree-8.0.1.jar;C:\Users\Shadow\.m2\repository\org\jacoco\org.jacoco.report\0.8.6\org.jacoco.report-0.8.6.jar;C:\Users\Shadow\.m2\repository\com\h2database\h2\1.4.200\h2-1.4.200.jar;C:\Users\Shadow\.m2\repository\org\springframework\boot\spring-boot-starter-security\2.4.4\spring-boot-starter-security-2.4.4.jar;C:\Users\Shadow\.m2\repository\org\springframework\spring-aop\5.3.5\spring-aop-5.3.5.jar;C:\Users\Shadow\.m2\repository\org\springframework\security\spring-security-config\5.4.5\spring-security-config-5.4.5.jar;C:\Users\Shadow\.m2\repository\org\springframework\security\spring-security-test\5.4.5\spring-security-test-5.4.5.jar;C:\Users\Shadow\.m2\repository\org\springframework\security\spring-security-core\5.4.5\spring-security-core-5.4.5.jar;C:\Users\Shadow\.m2\repository\io\jsonwebtoken\jjwt\0.9.1\jjwt-0.9.1.jar;C:\Users\Shadow\.m2\repository\com\fasterxml\jackson\core\jackson-databind\2.11.4\jackson-databind-2.11.4.jar;C:\Users\Shadow\.m2\repository\com\fasterxml\jackson\core\jackson-core\2.11.4\jackson-core-2.11.4.jar;C:\Users\Shadow\.m2\repository\org\springframework\security\spring-security-web\5.4.6\spring-security-web-5.4.6.jar;C:\Users\Shadow\.m2\repository\org\springframework\spring-beans\5.3.5\spring-beans-5.3.5.jar;C:\Users\Shadow\.m2\repository\org\springframework\spring-context\5.3.5\spring-context-5.3.5.jar;C:\Users\Shadow\.m2\repository\org\springframework\spring-expression\5.3.5\spring-expression-5.3.5.jar;"/>
    <property name="sun.cpu.endian" value="little"/>
    <property name="user.home" value="C:\Users\Shadow"/>
    <property name="user.language" value="en"/>
    <property name="java.specification.vendor" value="Oracle Corporation"/>
    <property name="java.home" value="C:\Program Files\Java\jdk1.8.0_281\jre"/>
    <property name="basedir" value="C:\Users\Shadow\Desktop\ByteBuilders-Project2\ByteBuildersBackEnd\project2-backend"/>
    <property name="file.separator" value="\"/>
    <property name="line.separator" value="&#10;"/>
    <property name="java.vm.specification.vendor" value="Oracle Corporation"/>
    <property name="java.specification.name" value="Java Platform API Specification"/>
    <property name="java.awt.graphicsenv" value="sun.awt.Win32GraphicsEnvironment"/>
    <property name="surefire.real.class.path" value="C:\Users\Shadow\AppData\Local\Temp\surefire1919052231114811617\surefirebooter1403569438388000203.jar;C:\\Users\\Shadow\\.m2\\repository\\org\\jacoco\\org.jacoco.agent\\0.8.6\\org.jacoco.agent-0.8.6-runtime.jar"/>
    <property name="sun.boot.class.path" value="C:\Program Files\Java\jdk1.8.0_281\jre\lib\resources.jar;C:\Program Files\Java\jdk1.8.0_281\jre\lib\rt.jar;C:\Program Files\Java\jdk1.8.0_281\jre\lib\sunrsasign.jar;C:\Program Files\Java\jdk1.8.0_281\jre\lib\jsse.jar;C:\Program Files\Java\jdk1.8.0_281\jre\lib\jce.jar;C:\Program Files\Java\jdk1.8.0_281\jre\lib\charsets.jar;C:\Program Files\Java\jdk1.8.0_281\jre\lib\jfr.jar;C:\Program Files\Java\jdk1.8.0_281\jre\classes"/>
    <property name="user.script" value=""/>
    <property name="sun.management.compiler" value="HotSpot 64-Bit Tiered Compilers"/>
    <property name="java.runtime.version" value="1.8.0_281-b09"/>
    <property name="user.name" value="Shadow"/>
    <property name="path.separator" value=";"/>
    <property name="os.version" value="10.0"/>
    <property name="java.endorsed.dirs" value="C:\Program Files\Java\jdk1.8.0_281\jre\lib\endorsed"/>
    <property name="java.runtime.name" value="Java(TM) SE Runtime Environment"/>
    <property name="file.encoding" value="Cp1252"/>
    <property name="java.vm.name" value="Java HotSpot(TM) 64-Bit Server VM"/>
    <property name="localRepository" value="C:\Users\Shadow\.m2\repository"/>
    <property name="java.vendor.url.bug" value="http://bugreport.sun.com/bugreport/"/>
    <property name="java.io.tmpdir" value="C:\Users\Shadow\AppData\Local\Temp\"/>
    <property name="idea.version" value="2021.1"/>
    <property name="java.version" value="1.8.0_281"/>
    <property name="user.dir" value="C:\Users\Shadow\Desktop\ByteBuilders-Project2\ByteBuildersBackEnd\project2-backend"/>
    <property name="os.arch" value="amd64"/>
    <property name="java.vm.specification.name" value="Java Virtual Machine Specification"/>
    <property name="java.awt.printerjob" value="sun.awt.windows.WPrinterJob"/>
    <property name="sun.os.patch.level" value=""/>
    <property name="java.library.path" value="C:\Program Files\Java\jdk1.8.0_281\jre\bin;C:\Windows\Sun\Java\bin;C:\Windows\system32;C:\Windows;C:\Python39\Scripts\;C:\Python39\;C:\Program Files (x86)\Common Files\Oracle\Java\javapath;C:\Windows\system32;C:\Windows;C:\Windows\System32\Wbem;C:\Windows\System32\WindowsPowerShell\v1.0\;C:\Windows\System32\OpenSSH\;C:\Program Files (x86)\NVIDIA Corporation\PhysX\Common;C:\Program Files\Git\cmd;C:\Program Files\Java\jdk1.8.0_281\bin;C:\Program Files\Java\jdk1.8.0_281\lib;C:\Program Files\apache-maven-3.6.3\bin;C:\Program Files\Calibre2\;C:\Program Files\nodejs\;C:\ProgramData\chocolatey\bin;C:\Users\Shadow\AppData\Local\Microsoft\WindowsApps;C:\Program Files\JetBrains\IntelliJ IDEA 2020.3.3\bin;;C:\Users\Shadow\AppData\Local\atom\bin;C:\Users\Shadow\AppData\Local\GitHubDesktop\bin;C:\Users\Shadow\AppData\Local\Programs\Microsoft VS Code\bin;C:\Users\Shadow\AppData\Roaming\npm;."/>
    <property name="java.vm.info" value="mixed mode"/>
    <property name="java.vendor" value="Oracle Corporation"/>
    <property name="java.vm.version" value="25.281-b09"/>
    <property name="java.ext.dirs" value="C:\Program Files\Java\jdk1.8.0_281\jre\lib\ext;C:\Windows\Sun\Java\lib\ext"/>
    <property name="sun.io.unicode.encoding" value="UnicodeLittle"/>
    <property name="java.class.version" value="52.0"/>
  </properties>
  <testcase name="checkReturningFields" classname="net.revature.binarybuiltbyte.project2.AddressTest" time="1.107">
    <failure message="No value at JSON path &quot;$.._embedded.addresses.[0]._links.byteUser&quot;" type="java.lang.AssertionError">java.lang.AssertionError: No value at JSON path "$.._embedded.addresses.[0]._links.byteUser"
	at net.revature.binarybuiltbyte.project2.AddressTest.checkReturningFields(AddressTest.java:41)
</failure>
    <system-out><![CDATA[15:13:04.111 [main] DEBUG org.springframework.test.context.junit4.SpringJUnit4ClassRunner - SpringJUnit4ClassRunner constructor called with [class net.revature.binarybuiltbyte.project2.AddressTest]
15:13:04.123 [main] DEBUG org.springframework.test.context.BootstrapUtils - Instantiating CacheAwareContextLoaderDelegate from class [org.springframework.test.context.cache.DefaultCacheAwareContextLoaderDelegate]
15:13:04.155 [main] DEBUG org.springframework.test.context.BootstrapUtils - Instantiating BootstrapContext using constructor [public org.springframework.test.context.support.DefaultBootstrapContext(java.lang.Class,org.springframework.test.context.CacheAwareContextLoaderDelegate)]
15:13:04.251 [main] DEBUG org.springframework.test.context.BootstrapUtils - Instantiating TestContextBootstrapper for test class [net.revature.binarybuiltbyte.project2.AddressTest] from class [org.springframework.boot.test.context.SpringBootTestContextBootstrapper]
15:13:04.282 [main] INFO org.springframework.boot.test.context.SpringBootTestContextBootstrapper - Neither @ContextConfiguration nor @ContextHierarchy found for test class [net.revature.binarybuiltbyte.project2.AddressTest], using SpringBootContextLoader
15:13:04.290 [main] DEBUG org.springframework.test.context.support.AbstractContextLoader - Did not detect default resource location for test class [net.revature.binarybuiltbyte.project2.AddressTest]: class path resource [net/revature/binarybuiltbyte/project2/AddressTest-context.xml] does not exist
15:13:04.291 [main] DEBUG org.springframework.test.context.support.AbstractContextLoader - Did not detect default resource location for test class [net.revature.binarybuiltbyte.project2.AddressTest]: class path resource [net/revature/binarybuiltbyte/project2/AddressTestContext.groovy] does not exist
15:13:04.292 [main] INFO org.springframework.test.context.support.AbstractContextLoader - Could not detect default resource locations for test class [net.revature.binarybuiltbyte.project2.AddressTest]: no resource found for suffixes {-context.xml, Context.groovy}.
15:13:04.293 [main] INFO org.springframework.test.context.support.AnnotationConfigContextLoaderUtils - Could not detect default configuration classes for test class [net.revature.binarybuiltbyte.project2.AddressTest]: AddressTest does not declare any static, non-private, non-final, nested classes annotated with @Configuration.
15:13:04.441 [main] DEBUG org.springframework.test.context.support.ActiveProfilesUtils - Could not find an 'annotation declaring class' for annotation type [org.springframework.test.context.ActiveProfiles] and class [net.revature.binarybuiltbyte.project2.AddressTest]
15:13:04.614 [main] DEBUG org.springframework.context.annotation.ClassPathScanningCandidateComponentProvider - Identified candidate component class: file [C:\Users\Shadow\Desktop\ByteBuilders-Project2\ByteBuildersBackEnd\project2-backend\target\classes\net\revature\binarybuiltbyte\project2\Project2Application.class]
15:13:04.620 [main] INFO org.springframework.boot.test.context.SpringBootTestContextBootstrapper - Found @SpringBootConfiguration net.revature.binarybuiltbyte.project2.Project2Application for test class net.revature.binarybuiltbyte.project2.AddressTest
15:13:04.892 [main] DEBUG org.springframework.boot.test.context.SpringBootTestContextBootstrapper - @TestExecutionListeners is not present for class [net.revature.binarybuiltbyte.project2.AddressTest]: using defaults.
15:13:04.893 [main] INFO org.springframework.boot.test.context.SpringBootTestContextBootstrapper - Loaded default TestExecutionListener class names from location [META-INF/spring.factories]: [org.springframework.boot.test.mock.mockito.MockitoTestExecutionListener, org.springframework.boot.test.mock.mockito.ResetMocksTestExecutionListener, org.springframework.boot.test.autoconfigure.restdocs.RestDocsTestExecutionListener, org.springframework.boot.test.autoconfigure.web.client.MockRestServiceServerResetTestExecutionListener, org.springframework.boot.test.autoconfigure.web.servlet.MockMvcPrintOnlyOnFailureTestExecutionListener, org.springframework.boot.test.autoconfigure.web.servlet.WebDriverTestExecutionListener, org.springframework.boot.test.autoconfigure.webservices.client.MockWebServiceServerTestExecutionListener, org.springframework.test.context.web.ServletTestExecutionListener, org.springframework.test.context.support.DirtiesContextBeforeModesTestExecutionListener, org.springframework.test.context.event.ApplicationEventsTestExecutionListener, org.springframework.test.context.support.DependencyInjectionTestExecutionListener, org.springframework.test.context.support.DirtiesContextTestExecutionListener, org.springframework.test.context.transaction.TransactionalTestExecutionListener, org.springframework.test.context.jdbc.SqlScriptsTestExecutionListener, org.springframework.test.context.event.EventPublishingTestExecutionListener, org.springframework.security.test.context.support.WithSecurityContextTestExecutionListener, org.springframework.security.test.context.support.ReactorContextTestExecutionListener]
15:13:04.961 [main] INFO org.springframework.boot.test.context.SpringBootTestContextBootstrapper - Using TestExecutionListeners: [org.springframework.test.context.web.ServletTestExecutionListener@780ee3ad, org.springframework.test.context.support.DirtiesContextBeforeModesTestExecutionListener@2c2aab92, org.springframework.test.context.event.ApplicationEventsTestExecutionListener@857f74a, org.springframework.boot.test.mock.mockito.MockitoTestExecutionListener@10a0d93a, org.springframework.boot.test.autoconfigure.SpringBootDependencyInjectionTestExecutionListener@1f3c5308, org.springframework.test.context.support.DirtiesContextTestExecutionListener@66b31d46, org.springframework.test.context.transaction.TransactionalTestExecutionListener@51e94b7d, org.springframework.test.context.jdbc.SqlScriptsTestExecutionListener@47162173, org.springframework.test.context.event.EventPublishingTestExecutionListener@3a4f8e8a, org.springframework.security.test.context.support.WithSecurityContextTestExecutionListener@4468fda8, org.springframework.security.test.context.support.ReactorContextTestExecutionListener@5fc1e4fb, org.springframework.boot.test.mock.mockito.ResetMocksTestExecutionListener@29aa4bc9, org.springframework.boot.test.autoconfigure.restdocs.RestDocsTestExecutionListener@6fd7aba8, org.springframework.boot.test.autoconfigure.web.client.MockRestServiceServerResetTestExecutionListener@6c519e47, org.springframework.boot.test.autoconfigure.web.servlet.MockMvcPrintOnlyOnFailureTestExecutionListener@3ce7490a, org.springframework.boot.test.autoconfigure.web.servlet.WebDriverTestExecutionListener@4768b95c, org.springframework.boot.test.autoconfigure.webservices.client.MockWebServiceServerTestExecutionListener@1530d0f2]
15:13:04.966 [main] DEBUG org.springframework.test.annotation.ProfileValueUtils - Retrieved @ProfileValueSourceConfiguration [null] for test class [net.revature.binarybuiltbyte.project2.AddressTest]
15:13:04.968 [main] DEBUG org.springframework.test.annotation.ProfileValueUtils - Retrieved ProfileValueSource type [class org.springframework.test.annotation.SystemProfileValueSource] for class [net.revature.binarybuiltbyte.project2.AddressTest]
15:13:04.970 [main] DEBUG org.springframework.test.annotation.ProfileValueUtils - Retrieved @ProfileValueSourceConfiguration [null] for test class [net.revature.binarybuiltbyte.project2.AddressTest]
15:13:04.970 [main] DEBUG org.springframework.test.annotation.ProfileValueUtils - Retrieved ProfileValueSource type [class org.springframework.test.annotation.SystemProfileValueSource] for class [net.revature.binarybuiltbyte.project2.AddressTest]
15:13:04.978 [main] DEBUG org.springframework.test.annotation.ProfileValueUtils - Retrieved @ProfileValueSourceConfiguration [null] for test class [net.revature.binarybuiltbyte.project2.AddressTest]
15:13:04.978 [main] DEBUG org.springframework.test.annotation.ProfileValueUtils - Retrieved ProfileValueSource type [class org.springframework.test.annotation.SystemProfileValueSource] for class [net.revature.binarybuiltbyte.project2.AddressTest]
15:13:05.023 [main] DEBUG org.springframework.test.context.junit4.SpringJUnit4ClassRunner - SpringJUnit4ClassRunner constructor called with [class net.revature.binarybuiltbyte.project2.ByteUserTest]
15:13:05.023 [main] DEBUG org.springframework.test.context.BootstrapUtils - Instantiating CacheAwareContextLoaderDelegate from class [org.springframework.test.context.cache.DefaultCacheAwareContextLoaderDelegate]
15:13:05.024 [main] DEBUG org.springframework.test.context.BootstrapUtils - Instantiating BootstrapContext using constructor [public org.springframework.test.context.support.DefaultBootstrapContext(java.lang.Class,org.springframework.test.context.CacheAwareContextLoaderDelegate)]
15:13:05.024 [main] DEBUG org.springframework.test.context.BootstrapUtils - Instantiating TestContextBootstrapper for test class [net.revature.binarybuiltbyte.project2.ByteUserTest] from class [org.springframework.boot.test.context.SpringBootTestContextBootstrapper]
15:13:05.025 [main] INFO org.springframework.boot.test.context.SpringBootTestContextBootstrapper - Neither @ContextConfiguration nor @ContextHierarchy found for test class [net.revature.binarybuiltbyte.project2.ByteUserTest], using SpringBootContextLoader
15:13:05.027 [main] DEBUG org.springframework.test.context.support.AbstractContextLoader - Did not detect default resource location for test class [net.revature.binarybuiltbyte.project2.ByteUserTest]: class path resource [net/revature/binarybuiltbyte/project2/ByteUserTest-context.xml] does not exist
15:13:05.028 [main] DEBUG org.springframework.test.context.support.AbstractContextLoader - Did not detect default resource location for test class [net.revature.binarybuiltbyte.project2.ByteUserTest]: class path resource [net/revature/binarybuiltbyte/project2/ByteUserTestContext.groovy] does not exist
15:13:05.028 [main] INFO org.springframework.test.context.support.AbstractContextLoader - Could not detect default resource locations for test class [net.revature.binarybuiltbyte.project2.ByteUserTest]: no resource found for suffixes {-context.xml, Context.groovy}.
15:13:05.028 [main] INFO org.springframework.test.context.support.AnnotationConfigContextLoaderUtils - Could not detect default configuration classes for test class [net.revature.binarybuiltbyte.project2.ByteUserTest]: ByteUserTest does not declare any static, non-private, non-final, nested classes annotated with @Configuration.
15:13:05.035 [main] DEBUG org.springframework.test.context.support.ActiveProfilesUtils - Could not find an 'annotation declaring class' for annotation type [org.springframework.test.context.ActiveProfiles] and class [net.revature.binarybuiltbyte.project2.ByteUserTest]
15:13:05.036 [main] INFO org.springframework.boot.test.context.SpringBootTestContextBootstrapper - Found @SpringBootConfiguration net.revature.binarybuiltbyte.project2.Project2Application for test class net.revature.binarybuiltbyte.project2.ByteUserTest
15:13:05.040 [main] DEBUG org.springframework.boot.test.context.SpringBootTestContextBootstrapper - @TestExecutionListeners is not present for class [net.revature.binarybuiltbyte.project2.ByteUserTest]: using defaults.
15:13:05.041 [main] INFO org.springframework.boot.test.context.SpringBootTestContextBootstrapper - Loaded default TestExecutionListener class names from location [META-INF/spring.factories]: [org.springframework.boot.test.mock.mockito.MockitoTestExecutionListener, org.springframework.boot.test.mock.mockito.ResetMocksTestExecutionListener, org.springframework.boot.test.autoconfigure.restdocs.RestDocsTestExecutionListener, org.springframework.boot.test.autoconfigure.web.client.MockRestServiceServerResetTestExecutionListener, org.springframework.boot.test.autoconfigure.web.servlet.MockMvcPrintOnlyOnFailureTestExecutionListener, org.springframework.boot.test.autoconfigure.web.servlet.WebDriverTestExecutionListener, org.springframework.boot.test.autoconfigure.webservices.client.MockWebServiceServerTestExecutionListener, org.springframework.test.context.web.ServletTestExecutionListener, org.springframework.test.context.support.DirtiesContextBeforeModesTestExecutionListener, org.springframework.test.context.event.ApplicationEventsTestExecutionListener, org.springframework.test.context.support.DependencyInjectionTestExecutionListener, org.springframework.test.context.support.DirtiesContextTestExecutionListener, org.springframework.test.context.transaction.TransactionalTestExecutionListener, org.springframework.test.context.jdbc.SqlScriptsTestExecutionListener, org.springframework.test.context.event.EventPublishingTestExecutionListener, org.springframework.security.test.context.support.WithSecurityContextTestExecutionListener, org.springframework.security.test.context.support.ReactorContextTestExecutionListener]
15:13:05.042 [main] INFO org.springframework.boot.test.context.SpringBootTestContextBootstrapper - Using TestExecutionListeners: [org.springframework.test.context.web.ServletTestExecutionListener@5f3ddc86, org.springframework.test.context.support.DirtiesContextBeforeModesTestExecutionListener@78e043e4, org.springframework.test.context.event.ApplicationEventsTestExecutionListener@336d28a1, org.springframework.boot.test.mock.mockito.MockitoTestExecutionListener@738a39cc, org.springframework.boot.test.autoconfigure.SpringBootDependencyInjectionTestExecutionListener@42e202d7, org.springframework.test.context.support.DirtiesContextTestExecutionListener@38e7860c, org.springframework.test.context.transaction.TransactionalTestExecutionListener@62158991, org.springframework.test.context.jdbc.SqlScriptsTestExecutionListener@40738846, org.springframework.test.context.event.EventPublishingTestExecutionListener@1255de25, org.springframework.security.test.context.support.WithSecurityContextTestExecutionListener@1686ed85, org.springframework.security.test.context.support.ReactorContextTestExecutionListener@5891b7c5, org.springframework.boot.test.mock.mockito.ResetMocksTestExecutionListener@4fc3529, org.springframework.boot.test.autoconfigure.restdocs.RestDocsTestExecutionListener@38e46765, org.springframework.boot.test.autoconfigure.web.client.MockRestServiceServerResetTestExecutionListener@192f5f39, org.springframework.boot.test.autoconfigure.web.servlet.MockMvcPrintOnlyOnFailureTestExecutionListener@4cd5fc46, org.springframework.boot.test.autoconfigure.web.servlet.WebDriverTestExecutionListener@2965dd88, org.springframework.boot.test.autoconfigure.webservices.client.MockWebServiceServerTestExecutionListener@3221588e]
15:13:05.042 [main] DEBUG org.springframework.test.annotation.ProfileValueUtils - Retrieved @ProfileValueSourceConfiguration [null] for test class [net.revature.binarybuiltbyte.project2.ByteUserTest]
15:13:05.042 [main] DEBUG org.springframework.test.annotation.ProfileValueUtils - Retrieved ProfileValueSource type [class org.springframework.test.annotation.SystemProfileValueSource] for class [net.revature.binarybuiltbyte.project2.ByteUserTest]
15:13:05.043 [main] DEBUG org.springframework.test.annotation.ProfileValueUtils - Retrieved @ProfileValueSourceConfiguration [null] for test class [net.revature.binarybuiltbyte.project2.ByteUserTest]
15:13:05.043 [main] DEBUG org.springframework.test.annotation.ProfileValueUtils - Retrieved ProfileValueSource type [class org.springframework.test.annotation.SystemProfileValueSource] for class [net.revature.binarybuiltbyte.project2.ByteUserTest]
15:13:05.043 [main] DEBUG org.springframework.test.annotation.ProfileValueUtils - Retrieved @ProfileValueSourceConfiguration [null] for test class [net.revature.binarybuiltbyte.project2.ByteUserTest]
15:13:05.043 [main] DEBUG org.springframework.test.annotation.ProfileValueUtils - Retrieved ProfileValueSource type [class org.springframework.test.annotation.SystemProfileValueSource] for class [net.revature.binarybuiltbyte.project2.ByteUserTest]
15:13:05.049 [main] DEBUG org.springframework.test.context.junit4.SpringJUnit4ClassRunner - SpringJUnit4ClassRunner constructor called with [class net.revature.binarybuiltbyte.project2.CategoryTest]
15:13:05.049 [main] DEBUG org.springframework.test.context.BootstrapUtils - Instantiating CacheAwareContextLoaderDelegate from class [org.springframework.test.context.cache.DefaultCacheAwareContextLoaderDelegate]
15:13:05.049 [main] DEBUG org.springframework.test.context.BootstrapUtils - Instantiating BootstrapContext using constructor [public org.springframework.test.context.support.DefaultBootstrapContext(java.lang.Class,org.springframework.test.context.CacheAwareContextLoaderDelegate)]
15:13:05.050 [main] DEBUG org.springframework.test.context.BootstrapUtils - Instantiating TestContextBootstrapper for test class [net.revature.binarybuiltbyte.project2.CategoryTest] from class [org.springframework.boot.test.context.SpringBootTestContextBootstrapper]
15:13:05.051 [main] INFO org.springframework.boot.test.context.SpringBootTestContextBootstrapper - Neither @ContextConfiguration nor @ContextHierarchy found for test class [net.revature.binarybuiltbyte.project2.CategoryTest], using SpringBootContextLoader
15:13:05.052 [main] DEBUG org.springframework.test.context.support.AbstractContextLoader - Did not detect default resource location for test class [net.revature.binarybuiltbyte.project2.CategoryTest]: class path resource [net/revature/binarybuiltbyte/project2/CategoryTest-context.xml] does not exist
15:13:05.053 [main] DEBUG org.springframework.test.context.support.AbstractContextLoader - Did not detect default resource location for test class [net.revature.binarybuiltbyte.project2.CategoryTest]: class path resource [net/revature/binarybuiltbyte/project2/CategoryTestContext.groovy] does not exist
15:13:05.053 [main] INFO org.springframework.test.context.support.AbstractContextLoader - Could not detect default resource locations for test class [net.revature.binarybuiltbyte.project2.CategoryTest]: no resource found for suffixes {-context.xml, Context.groovy}.
15:13:05.053 [main] INFO org.springframework.test.context.support.AnnotationConfigContextLoaderUtils - Could not detect default configuration classes for test class [net.revature.binarybuiltbyte.project2.CategoryTest]: CategoryTest does not declare any static, non-private, non-final, nested classes annotated with @Configuration.
15:13:05.060 [main] DEBUG org.springframework.test.context.support.ActiveProfilesUtils - Could not find an 'annotation declaring class' for annotation type [org.springframework.test.context.ActiveProfiles] and class [net.revature.binarybuiltbyte.project2.CategoryTest]
15:13:05.061 [main] INFO org.springframework.boot.test.context.SpringBootTestContextBootstrapper - Found @SpringBootConfiguration net.revature.binarybuiltbyte.project2.Project2Application for test class net.revature.binarybuiltbyte.project2.CategoryTest
15:13:05.064 [main] DEBUG org.springframework.boot.test.context.SpringBootTestContextBootstrapper - @TestExecutionListeners is not present for class [net.revature.binarybuiltbyte.project2.CategoryTest]: using defaults.
15:13:05.065 [main] INFO org.springframework.boot.test.context.SpringBootTestContextBootstrapper - Loaded default TestExecutionListener class names from location [META-INF/spring.factories]: [org.springframework.boot.test.mock.mockito.MockitoTestExecutionListener, org.springframework.boot.test.mock.mockito.ResetMocksTestExecutionListener, org.springframework.boot.test.autoconfigure.restdocs.RestDocsTestExecutionListener, org.springframework.boot.test.autoconfigure.web.client.MockRestServiceServerResetTestExecutionListener, org.springframework.boot.test.autoconfigure.web.servlet.MockMvcPrintOnlyOnFailureTestExecutionListener, org.springframework.boot.test.autoconfigure.web.servlet.WebDriverTestExecutionListener, org.springframework.boot.test.autoconfigure.webservices.client.MockWebServiceServerTestExecutionListener, org.springframework.test.context.web.ServletTestExecutionListener, org.springframework.test.context.support.DirtiesContextBeforeModesTestExecutionListener, org.springframework.test.context.event.ApplicationEventsTestExecutionListener, org.springframework.test.context.support.DependencyInjectionTestExecutionListener, org.springframework.test.context.support.DirtiesContextTestExecutionListener, org.springframework.test.context.transaction.TransactionalTestExecutionListener, org.springframework.test.context.jdbc.SqlScriptsTestExecutionListener, org.springframework.test.context.event.EventPublishingTestExecutionListener, org.springframework.security.test.context.support.WithSecurityContextTestExecutionListener, org.springframework.security.test.context.support.ReactorContextTestExecutionListener]
15:13:05.066 [main] INFO org.springframework.boot.test.context.SpringBootTestContextBootstrapper - Using TestExecutionListeners: [org.springframework.test.context.web.ServletTestExecutionListener@eb1d475, org.springframework.test.context.support.DirtiesContextBeforeModesTestExecutionListener@389008d1, org.springframework.test.context.event.ApplicationEventsTestExecutionListener@718f3088, org.springframework.boot.test.mock.mockito.MockitoTestExecutionListener@11adab6d, org.springframework.boot.test.autoconfigure.SpringBootDependencyInjectionTestExecutionListener@11bfd751, org.springframework.test.context.support.DirtiesContextTestExecutionListener@29519337, org.springframework.test.context.transaction.TransactionalTestExecutionListener@2152fde5, org.springframework.test.context.jdbc.SqlScriptsTestExecutionListener@5d58dc61, org.springframework.test.context.event.EventPublishingTestExecutionListener@32328dc4, org.springframework.security.test.context.support.WithSecurityContextTestExecutionListener@17df689e, org.springframework.security.test.context.support.ReactorContextTestExecutionListener@21540255, org.springframework.boot.test.mock.mockito.ResetMocksTestExecutionListener@3a7469ca, org.springframework.boot.test.autoconfigure.restdocs.RestDocsTestExecutionListener@1c8e8fed, org.springframework.boot.test.autoconfigure.web.client.MockRestServiceServerResetTestExecutionListener@70f98f7a, org.springframework.boot.test.autoconfigure.web.servlet.MockMvcPrintOnlyOnFailureTestExecutionListener@713e7d9a, org.springframework.boot.test.autoconfigure.web.servlet.WebDriverTestExecutionListener@681d704e, org.springframework.boot.test.autoconfigure.webservices.client.MockWebServiceServerTestExecutionListener@846b47]
15:13:05.066 [main] DEBUG org.springframework.test.annotation.ProfileValueUtils - Retrieved @ProfileValueSourceConfiguration [null] for test class [net.revature.binarybuiltbyte.project2.CategoryTest]
15:13:05.066 [main] DEBUG org.springframework.test.annotation.ProfileValueUtils - Retrieved ProfileValueSource type [class org.springframework.test.annotation.SystemProfileValueSource] for class [net.revature.binarybuiltbyte.project2.CategoryTest]
15:13:05.066 [main] DEBUG org.springframework.test.annotation.ProfileValueUtils - Retrieved @ProfileValueSourceConfiguration [null] for test class [net.revature.binarybuiltbyte.project2.CategoryTest]
15:13:05.067 [main] DEBUG org.springframework.test.annotation.ProfileValueUtils - Retrieved ProfileValueSource type [class org.springframework.test.annotation.SystemProfileValueSource] for class [net.revature.binarybuiltbyte.project2.CategoryTest]
15:13:05.067 [main] DEBUG org.springframework.test.annotation.ProfileValueUtils - Retrieved @ProfileValueSourceConfiguration [null] for test class [net.revature.binarybuiltbyte.project2.CategoryTest]
15:13:05.067 [main] DEBUG org.springframework.test.annotation.ProfileValueUtils - Retrieved ProfileValueSource type [class org.springframework.test.annotation.SystemProfileValueSource] for class [net.revature.binarybuiltbyte.project2.CategoryTest]
15:13:05.076 [main] DEBUG org.springframework.test.context.junit4.SpringJUnit4ClassRunner - SpringJUnit4ClassRunner constructor called with [class net.revature.binarybuiltbyte.project2.PaymentTest]
15:13:05.076 [main] DEBUG org.springframework.test.context.BootstrapUtils - Instantiating CacheAwareContextLoaderDelegate from class [org.springframework.test.context.cache.DefaultCacheAwareContextLoaderDelegate]
15:13:05.076 [main] DEBUG org.springframework.test.context.BootstrapUtils - Instantiating BootstrapContext using constructor [public org.springframework.test.context.support.DefaultBootstrapContext(java.lang.Class,org.springframework.test.context.CacheAwareContextLoaderDelegate)]
15:13:05.077 [main] DEBUG org.springframework.test.context.BootstrapUtils - Instantiating TestContextBootstrapper for test class [net.revature.binarybuiltbyte.project2.PaymentTest] from class [org.springframework.boot.test.context.SpringBootTestContextBootstrapper]
15:13:05.078 [main] INFO org.springframework.boot.test.context.SpringBootTestContextBootstrapper - Neither @ContextConfiguration nor @ContextHierarchy found for test class [net.revature.binarybuiltbyte.project2.PaymentTest], using SpringBootContextLoader
15:13:05.079 [main] DEBUG org.springframework.test.context.support.AbstractContextLoader - Did not detect default resource location for test class [net.revature.binarybuiltbyte.project2.PaymentTest]: class path resource [net/revature/binarybuiltbyte/project2/PaymentTest-context.xml] does not exist
15:13:05.080 [main] DEBUG org.springframework.test.context.support.AbstractContextLoader - Did not detect default resource location for test class [net.revature.binarybuiltbyte.project2.PaymentTest]: class path resource [net/revature/binarybuiltbyte/project2/PaymentTestContext.groovy] does not exist
15:13:05.081 [main] INFO org.springframework.test.context.support.AbstractContextLoader - Could not detect default resource locations for test class [net.revature.binarybuiltbyte.project2.PaymentTest]: no resource found for suffixes {-context.xml, Context.groovy}.
15:13:05.081 [main] INFO org.springframework.test.context.support.AnnotationConfigContextLoaderUtils - Could not detect default configuration classes for test class [net.revature.binarybuiltbyte.project2.PaymentTest]: PaymentTest does not declare any static, non-private, non-final, nested classes annotated with @Configuration.
15:13:05.087 [main] DEBUG org.springframework.test.context.support.ActiveProfilesUtils - Could not find an 'annotation declaring class' for annotation type [org.springframework.test.context.ActiveProfiles] and class [net.revature.binarybuiltbyte.project2.PaymentTest]
15:13:05.088 [main] INFO org.springframework.boot.test.context.SpringBootTestContextBootstrapper - Found @SpringBootConfiguration net.revature.binarybuiltbyte.project2.Project2Application for test class net.revature.binarybuiltbyte.project2.PaymentTest
15:13:05.092 [main] DEBUG org.springframework.boot.test.context.SpringBootTestContextBootstrapper - @TestExecutionListeners is not present for class [net.revature.binarybuiltbyte.project2.PaymentTest]: using defaults.
15:13:05.092 [main] INFO org.springframework.boot.test.context.SpringBootTestContextBootstrapper - Loaded default TestExecutionListener class names from location [META-INF/spring.factories]: [org.springframework.boot.test.mock.mockito.MockitoTestExecutionListener, org.springframework.boot.test.mock.mockito.ResetMocksTestExecutionListener, org.springframework.boot.test.autoconfigure.restdocs.RestDocsTestExecutionListener, org.springframework.boot.test.autoconfigure.web.client.MockRestServiceServerResetTestExecutionListener, org.springframework.boot.test.autoconfigure.web.servlet.MockMvcPrintOnlyOnFailureTestExecutionListener, org.springframework.boot.test.autoconfigure.web.servlet.WebDriverTestExecutionListener, org.springframework.boot.test.autoconfigure.webservices.client.MockWebServiceServerTestExecutionListener, org.springframework.test.context.web.ServletTestExecutionListener, org.springframework.test.context.support.DirtiesContextBeforeModesTestExecutionListener, org.springframework.test.context.event.ApplicationEventsTestExecutionListener, org.springframework.test.context.support.DependencyInjectionTestExecutionListener, org.springframework.test.context.support.DirtiesContextTestExecutionListener, org.springframework.test.context.transaction.TransactionalTestExecutionListener, org.springframework.test.context.jdbc.SqlScriptsTestExecutionListener, org.springframework.test.context.event.EventPublishingTestExecutionListener, org.springframework.security.test.context.support.WithSecurityContextTestExecutionListener, org.springframework.security.test.context.support.ReactorContextTestExecutionListener]
15:13:05.094 [main] INFO org.springframework.boot.test.context.SpringBootTestContextBootstrapper - Using TestExecutionListeners: [org.springframework.test.context.web.ServletTestExecutionListener@adc8683, org.springframework.test.context.support.DirtiesContextBeforeModesTestExecutionListener@4eac65db, org.springframework.test.context.event.ApplicationEventsTestExecutionListener@dde6f87, org.springframework.boot.test.mock.mockito.MockitoTestExecutionListener@7884f722, org.springframework.boot.test.autoconfigure.SpringBootDependencyInjectionTestExecutionListener@16029e2f, org.springframework.test.context.support.DirtiesContextTestExecutionListener@3b2db389, org.springframework.test.context.transaction.TransactionalTestExecutionListener@45f1413c, org.springframework.test.context.jdbc.SqlScriptsTestExecutionListener@1a139347, org.springframework.test.context.event.EventPublishingTestExecutionListener@186295cc, org.springframework.security.test.context.support.WithSecurityContextTestExecutionListener@4e85dcb2, org.springframework.security.test.context.support.ReactorContextTestExecutionListener@1b28cff, org.springframework.boot.test.mock.mockito.ResetMocksTestExecutionListener@73dbe25, org.springframework.boot.test.autoconfigure.restdocs.RestDocsTestExecutionListener@bfd97fb, org.springframework.boot.test.autoconfigure.web.client.MockRestServiceServerResetTestExecutionListener@6bfdaa7a, org.springframework.boot.test.autoconfigure.web.servlet.MockMvcPrintOnlyOnFailureTestExecutionListener@7e3d168e, org.springframework.boot.test.autoconfigure.web.servlet.WebDriverTestExecutionListener@149b53fa, org.springframework.boot.test.autoconfigure.webservices.client.MockWebServiceServerTestExecutionListener@73be4cdd]
15:13:05.094 [main] DEBUG org.springframework.test.annotation.ProfileValueUtils - Retrieved @ProfileValueSourceConfiguration [null] for test class [net.revature.binarybuiltbyte.project2.PaymentTest]
15:13:05.094 [main] DEBUG org.springframework.test.annotation.ProfileValueUtils - Retrieved ProfileValueSource type [class org.springframework.test.annotation.SystemProfileValueSource] for class [net.revature.binarybuiltbyte.project2.PaymentTest]
15:13:05.095 [main] DEBUG org.springframework.test.annotation.ProfileValueUtils - Retrieved @ProfileValueSourceConfiguration [null] for test class [net.revature.binarybuiltbyte.project2.PaymentTest]
15:13:05.095 [main] DEBUG org.springframework.test.annotation.ProfileValueUtils - Retrieved ProfileValueSource type [class org.springframework.test.annotation.SystemProfileValueSource] for class [net.revature.binarybuiltbyte.project2.PaymentTest]
15:13:05.095 [main] DEBUG org.springframework.test.annotation.ProfileValueUtils - Retrieved @ProfileValueSourceConfiguration [null] for test class [net.revature.binarybuiltbyte.project2.PaymentTest]
15:13:05.098 [main] DEBUG org.springframework.test.annotation.ProfileValueUtils - Retrieved ProfileValueSource type [class org.springframework.test.annotation.SystemProfileValueSource] for class [net.revature.binarybuiltbyte.project2.PaymentTest]
15:13:05.104 [main] DEBUG org.springframework.test.context.junit4.SpringJUnit4ClassRunner - SpringJUnit4ClassRunner constructor called with [class net.revature.binarybuiltbyte.project2.ProductOrderTest]
15:13:05.104 [main] DEBUG org.springframework.test.context.BootstrapUtils - Instantiating CacheAwareContextLoaderDelegate from class [org.springframework.test.context.cache.DefaultCacheAwareContextLoaderDelegate]
15:13:05.104 [main] DEBUG org.springframework.test.context.BootstrapUtils - Instantiating BootstrapContext using constructor [public org.springframework.test.context.support.DefaultBootstrapContext(java.lang.Class,org.springframework.test.context.CacheAwareContextLoaderDelegate)]
15:13:05.105 [main] DEBUG org.springframework.test.context.BootstrapUtils - Instantiating TestContextBootstrapper for test class [net.revature.binarybuiltbyte.project2.ProductOrderTest] from class [org.springframework.boot.test.context.SpringBootTestContextBootstrapper]
15:13:05.106 [main] INFO org.springframework.boot.test.context.SpringBootTestContextBootstrapper - Neither @ContextConfiguration nor @ContextHierarchy found for test class [net.revature.binarybuiltbyte.project2.ProductOrderTest], using SpringBootContextLoader
15:13:05.107 [main] DEBUG org.springframework.test.context.support.AbstractContextLoader - Did not detect default resource location for test class [net.revature.binarybuiltbyte.project2.ProductOrderTest]: class path resource [net/revature/binarybuiltbyte/project2/ProductOrderTest-context.xml] does not exist
15:13:05.108 [main] DEBUG org.springframework.test.context.support.AbstractContextLoader - Did not detect default resource location for test class [net.revature.binarybuiltbyte.project2.ProductOrderTest]: class path resource [net/revature/binarybuiltbyte/project2/ProductOrderTestContext.groovy] does not exist
15:13:05.108 [main] INFO org.springframework.test.context.support.AbstractContextLoader - Could not detect default resource locations for test class [net.revature.binarybuiltbyte.project2.ProductOrderTest]: no resource found for suffixes {-context.xml, Context.groovy}.
15:13:05.108 [main] INFO org.springframework.test.context.support.AnnotationConfigContextLoaderUtils - Could not detect default configuration classes for test class [net.revature.binarybuiltbyte.project2.ProductOrderTest]: ProductOrderTest does not declare any static, non-private, non-final, nested classes annotated with @Configuration.
15:13:05.113 [main] DEBUG org.springframework.test.context.support.ActiveProfilesUtils - Could not find an 'annotation declaring class' for annotation type [org.springframework.test.context.ActiveProfiles] and class [net.revature.binarybuiltbyte.project2.ProductOrderTest]
15:13:05.114 [main] INFO org.springframework.boot.test.context.SpringBootTestContextBootstrapper - Found @SpringBootConfiguration net.revature.binarybuiltbyte.project2.Project2Application for test class net.revature.binarybuiltbyte.project2.ProductOrderTest
15:13:05.119 [main] DEBUG org.springframework.boot.test.context.SpringBootTestContextBootstrapper - @TestExecutionListeners is not present for class [net.revature.binarybuiltbyte.project2.ProductOrderTest]: using defaults.
15:13:05.119 [main] INFO org.springframework.boot.test.context.SpringBootTestContextBootstrapper - Loaded default TestExecutionListener class names from location [META-INF/spring.factories]: [org.springframework.boot.test.mock.mockito.MockitoTestExecutionListener, org.springframework.boot.test.mock.mockito.ResetMocksTestExecutionListener, org.springframework.boot.test.autoconfigure.restdocs.RestDocsTestExecutionListener, org.springframework.boot.test.autoconfigure.web.client.MockRestServiceServerResetTestExecutionListener, org.springframework.boot.test.autoconfigure.web.servlet.MockMvcPrintOnlyOnFailureTestExecutionListener, org.springframework.boot.test.autoconfigure.web.servlet.WebDriverTestExecutionListener, org.springframework.boot.test.autoconfigure.webservices.client.MockWebServiceServerTestExecutionListener, org.springframework.test.context.web.ServletTestExecutionListener, org.springframework.test.context.support.DirtiesContextBeforeModesTestExecutionListener, org.springframework.test.context.event.ApplicationEventsTestExecutionListener, org.springframework.test.context.support.DependencyInjectionTestExecutionListener, org.springframework.test.context.support.DirtiesContextTestExecutionListener, org.springframework.test.context.transaction.TransactionalTestExecutionListener, org.springframework.test.context.jdbc.SqlScriptsTestExecutionListener, org.springframework.test.context.event.EventPublishingTestExecutionListener, org.springframework.security.test.context.support.WithSecurityContextTestExecutionListener, org.springframework.security.test.context.support.ReactorContextTestExecutionListener]
15:13:05.121 [main] INFO org.springframework.boot.test.context.SpringBootTestContextBootstrapper - Using TestExecutionListeners: [org.springframework.test.context.web.ServletTestExecutionListener@2cadcff6, org.springframework.test.context.support.DirtiesContextBeforeModesTestExecutionListener@76e00bdb, org.springframework.test.context.event.ApplicationEventsTestExecutionListener@7ee2423, org.springframework.boot.test.mock.mockito.MockitoTestExecutionListener@343d1d25, org.springframework.boot.test.autoconfigure.SpringBootDependencyInjectionTestExecutionListener@762da62b, org.springframework.test.context.support.DirtiesContextTestExecutionListener@e5c5e6, org.springframework.test.context.transaction.TransactionalTestExecutionListener@76dc36e5, org.springframework.test.context.jdbc.SqlScriptsTestExecutionListener@2a54c92e, org.springframework.test.context.event.EventPublishingTestExecutionListener@31533eb1, org.springframework.security.test.context.support.WithSecurityContextTestExecutionListener@1fb71788, org.springframework.security.test.context.support.ReactorContextTestExecutionListener@8cb7185, org.springframework.boot.test.mock.mockito.ResetMocksTestExecutionListener@4dac40b, org.springframework.boot.test.autoconfigure.restdocs.RestDocsTestExecutionListener@2c54c497, org.springframework.boot.test.autoconfigure.web.client.MockRestServiceServerResetTestExecutionListener@b788dc2, org.springframework.boot.test.autoconfigure.web.servlet.MockMvcPrintOnlyOnFailureTestExecutionListener@58ec8271, org.springframework.boot.test.autoconfigure.web.servlet.WebDriverTestExecutionListener@a44effb, org.springframework.boot.test.autoconfigure.webservices.client.MockWebServiceServerTestExecutionListener@3ee258]
15:13:05.122 [main] DEBUG org.springframework.test.annotation.ProfileValueUtils - Retrieved @ProfileValueSourceConfiguration [null] for test class [net.revature.binarybuiltbyte.project2.ProductOrderTest]
15:13:05.122 [main] DEBUG org.springframework.test.annotation.ProfileValueUtils - Retrieved ProfileValueSource type [class org.springframework.test.annotation.SystemProfileValueSource] for class [net.revature.binarybuiltbyte.project2.ProductOrderTest]
15:13:05.122 [main] DEBUG org.springframework.test.annotation.ProfileValueUtils - Retrieved @ProfileValueSourceConfiguration [null] for test class [net.revature.binarybuiltbyte.project2.ProductOrderTest]
15:13:05.122 [main] DEBUG org.springframework.test.annotation.ProfileValueUtils - Retrieved ProfileValueSource type [class org.springframework.test.annotation.SystemProfileValueSource] for class [net.revature.binarybuiltbyte.project2.ProductOrderTest]
15:13:05.123 [main] DEBUG org.springframework.test.annotation.ProfileValueUtils - Retrieved @ProfileValueSourceConfiguration [null] for test class [net.revature.binarybuiltbyte.project2.ProductOrderTest]
15:13:05.123 [main] DEBUG org.springframework.test.annotation.ProfileValueUtils - Retrieved ProfileValueSource type [class org.springframework.test.annotation.SystemProfileValueSource] for class [net.revature.binarybuiltbyte.project2.ProductOrderTest]
15:13:05.130 [main] DEBUG org.springframework.test.context.junit4.SpringJUnit4ClassRunner - SpringJUnit4ClassRunner constructor called with [class net.revature.binarybuiltbyte.project2.ProductTest]
15:13:05.131 [main] DEBUG org.springframework.test.context.BootstrapUtils - Instantiating CacheAwareContextLoaderDelegate from class [org.springframework.test.context.cache.DefaultCacheAwareContextLoaderDelegate]
15:13:05.131 [main] DEBUG org.springframework.test.context.BootstrapUtils - Instantiating BootstrapContext using constructor [public org.springframework.test.context.support.DefaultBootstrapContext(java.lang.Class,org.springframework.test.context.CacheAwareContextLoaderDelegate)]
15:13:05.132 [main] DEBUG org.springframework.test.context.BootstrapUtils - Instantiating TestContextBootstrapper for test class [net.revature.binarybuiltbyte.project2.ProductTest] from class [org.springframework.boot.test.context.SpringBootTestContextBootstrapper]
15:13:05.133 [main] INFO org.springframework.boot.test.context.SpringBootTestContextBootstrapper - Neither @ContextConfiguration nor @ContextHierarchy found for test class [net.revature.binarybuiltbyte.project2.ProductTest], using SpringBootContextLoader
15:13:05.134 [main] DEBUG org.springframework.test.context.support.AbstractContextLoader - Did not detect default resource location for test class [net.revature.binarybuiltbyte.project2.ProductTest]: class path resource [net/revature/binarybuiltbyte/project2/ProductTest-context.xml] does not exist
15:13:05.135 [main] DEBUG org.springframework.test.context.support.AbstractContextLoader - Did not detect default resource location for test class [net.revature.binarybuiltbyte.project2.ProductTest]: class path resource [net/revature/binarybuiltbyte/project2/ProductTestContext.groovy] does not exist
15:13:05.135 [main] INFO org.springframework.test.context.support.AbstractContextLoader - Could not detect default resource locations for test class [net.revature.binarybuiltbyte.project2.ProductTest]: no resource found for suffixes {-context.xml, Context.groovy}.
15:13:05.135 [main] INFO org.springframework.test.context.support.AnnotationConfigContextLoaderUtils - Could not detect default configuration classes for test class [net.revature.binarybuiltbyte.project2.ProductTest]: ProductTest does not declare any static, non-private, non-final, nested classes annotated with @Configuration.
15:13:05.141 [main] DEBUG org.springframework.test.context.support.ActiveProfilesUtils - Could not find an 'annotation declaring class' for annotation type [org.springframework.test.context.ActiveProfiles] and class [net.revature.binarybuiltbyte.project2.ProductTest]
15:13:05.142 [main] INFO org.springframework.boot.test.context.SpringBootTestContextBootstrapper - Found @SpringBootConfiguration net.revature.binarybuiltbyte.project2.Project2Application for test class net.revature.binarybuiltbyte.project2.ProductTest
15:13:05.146 [main] DEBUG org.springframework.boot.test.context.SpringBootTestContextBootstrapper - @TestExecutionListeners is not present for class [net.revature.binarybuiltbyte.project2.ProductTest]: using defaults.
15:13:05.147 [main] INFO org.springframework.boot.test.context.SpringBootTestContextBootstrapper - Loaded default TestExecutionListener class names from location [META-INF/spring.factories]: [org.springframework.boot.test.mock.mockito.MockitoTestExecutionListener, org.springframework.boot.test.mock.mockito.ResetMocksTestExecutionListener, org.springframework.boot.test.autoconfigure.restdocs.RestDocsTestExecutionListener, org.springframework.boot.test.autoconfigure.web.client.MockRestServiceServerResetTestExecutionListener, org.springframework.boot.test.autoconfigure.web.servlet.MockMvcPrintOnlyOnFailureTestExecutionListener, org.springframework.boot.test.autoconfigure.web.servlet.WebDriverTestExecutionListener, org.springframework.boot.test.autoconfigure.webservices.client.MockWebServiceServerTestExecutionListener, org.springframework.test.context.web.ServletTestExecutionListener, org.springframework.test.context.support.DirtiesContextBeforeModesTestExecutionListener, org.springframework.test.context.event.ApplicationEventsTestExecutionListener, org.springframework.test.context.support.DependencyInjectionTestExecutionListener, org.springframework.test.context.support.DirtiesContextTestExecutionListener, org.springframework.test.context.transaction.TransactionalTestExecutionListener, org.springframework.test.context.jdbc.SqlScriptsTestExecutionListener, org.springframework.test.context.event.EventPublishingTestExecutionListener, org.springframework.security.test.context.support.WithSecurityContextTestExecutionListener, org.springframework.security.test.context.support.ReactorContextTestExecutionListener]
15:13:05.148 [main] INFO org.springframework.boot.test.context.SpringBootTestContextBootstrapper - Using TestExecutionListeners: [org.springframework.test.context.web.ServletTestExecutionListener@75d539b9, org.springframework.test.context.support.DirtiesContextBeforeModesTestExecutionListener@20f63ddc, org.springframework.test.context.event.ApplicationEventsTestExecutionListener@210c1b9d, org.springframework.boot.test.mock.mockito.MockitoTestExecutionListener@69bc4024, org.springframework.boot.test.autoconfigure.SpringBootDependencyInjectionTestExecutionListener@3578a45b, org.springframework.test.context.support.DirtiesContextTestExecutionListener@24f177f5, org.springframework.test.context.transaction.TransactionalTestExecutionListener@65e05005, org.springframework.test.context.jdbc.SqlScriptsTestExecutionListener@6ed691fd, org.springframework.test.context.event.EventPublishingTestExecutionListener@1efcba00, org.springframework.security.test.context.support.WithSecurityContextTestExecutionListener@311d28f5, org.springframework.security.test.context.support.ReactorContextTestExecutionListener@569a26ab, org.springframework.boot.test.mock.mockito.ResetMocksTestExecutionListener@c190cfc, org.springframework.boot.test.autoconfigure.restdocs.RestDocsTestExecutionListener@77ce8bc5, org.springframework.boot.test.autoconfigure.web.client.MockRestServiceServerResetTestExecutionListener@2fcc5f49, org.springframework.boot.test.autoconfigure.web.servlet.MockMvcPrintOnlyOnFailureTestExecutionListener@28e48b65, org.springframework.boot.test.autoconfigure.web.servlet.WebDriverTestExecutionListener@6cde0c69, org.springframework.boot.test.autoconfigure.webservices.client.MockWebServiceServerTestExecutionListener@6f4d2294]
15:13:05.149 [main] DEBUG org.springframework.test.annotation.ProfileValueUtils - Retrieved @ProfileValueSourceConfiguration [null] for test class [net.revature.binarybuiltbyte.project2.ProductTest]
15:13:05.149 [main] DEBUG org.springframework.test.annotation.ProfileValueUtils - Retrieved ProfileValueSource type [class org.springframework.test.annotation.SystemProfileValueSource] for class [net.revature.binarybuiltbyte.project2.ProductTest]
15:13:05.149 [main] DEBUG org.springframework.test.annotation.ProfileValueUtils - Retrieved @ProfileValueSourceConfiguration [null] for test class [net.revature.binarybuiltbyte.project2.ProductTest]
15:13:05.149 [main] DEBUG org.springframework.test.annotation.ProfileValueUtils - Retrieved ProfileValueSource type [class org.springframework.test.annotation.SystemProfileValueSource] for class [net.revature.binarybuiltbyte.project2.ProductTest]
15:13:05.150 [main] DEBUG org.springframework.test.annotation.ProfileValueUtils - Retrieved @ProfileValueSourceConfiguration [null] for test class [net.revature.binarybuiltbyte.project2.ProductTest]
15:13:05.150 [main] DEBUG org.springframework.test.annotation.ProfileValueUtils - Retrieved ProfileValueSource type [class org.springframework.test.annotation.SystemProfileValueSource] for class [net.revature.binarybuiltbyte.project2.ProductTest]
15:13:05.173 [main] DEBUG org.springframework.test.context.junit4.SpringJUnit4ClassRunner - SpringJUnit4ClassRunner constructor called with [class net.revature.binarybuiltbyte.project2.ReviewTest]
15:13:05.174 [main] DEBUG org.springframework.test.context.BootstrapUtils - Instantiating CacheAwareContextLoaderDelegate from class [org.springframework.test.context.cache.DefaultCacheAwareContextLoaderDelegate]
15:13:05.174 [main] DEBUG org.springframework.test.context.BootstrapUtils - Instantiating BootstrapContext using constructor [public org.springframework.test.context.support.DefaultBootstrapContext(java.lang.Class,org.springframework.test.context.CacheAwareContextLoaderDelegate)]
15:13:05.175 [main] DEBUG org.springframework.test.context.BootstrapUtils - Instantiating TestContextBootstrapper for test class [net.revature.binarybuiltbyte.project2.ReviewTest] from class [org.springframework.boot.test.context.SpringBootTestContextBootstrapper]
15:13:05.176 [main] INFO org.springframework.boot.test.context.SpringBootTestContextBootstrapper - Neither @ContextConfiguration nor @ContextHierarchy found for test class [net.revature.binarybuiltbyte.project2.ReviewTest], using SpringBootContextLoader
15:13:05.178 [main] DEBUG org.springframework.test.context.support.AbstractContextLoader - Did not detect default resource location for test class [net.revature.binarybuiltbyte.project2.ReviewTest]: class path resource [net/revature/binarybuiltbyte/project2/ReviewTest-context.xml] does not exist
15:13:05.179 [main] DEBUG org.springframework.test.context.support.AbstractContextLoader - Did not detect default resource location for test class [net.revature.binarybuiltbyte.project2.ReviewTest]: class path resource [net/revature/binarybuiltbyte/project2/ReviewTestContext.groovy] does not exist
15:13:05.179 [main] INFO org.springframework.test.context.support.AbstractContextLoader - Could not detect default resource locations for test class [net.revature.binarybuiltbyte.project2.ReviewTest]: no resource found for suffixes {-context.xml, Context.groovy}.
15:13:05.180 [main] INFO org.springframework.test.context.support.AnnotationConfigContextLoaderUtils - Could not detect default configuration classes for test class [net.revature.binarybuiltbyte.project2.ReviewTest]: ReviewTest does not declare any static, non-private, non-final, nested classes annotated with @Configuration.
15:13:05.185 [main] DEBUG org.springframework.test.context.support.ActiveProfilesUtils - Could not find an 'annotation declaring class' for annotation type [org.springframework.test.context.ActiveProfiles] and class [net.revature.binarybuiltbyte.project2.ReviewTest]
15:13:05.186 [main] INFO org.springframework.boot.test.context.SpringBootTestContextBootstrapper - Found @SpringBootConfiguration net.revature.binarybuiltbyte.project2.Project2Application for test class net.revature.binarybuiltbyte.project2.ReviewTest
15:13:05.190 [main] DEBUG org.springframework.boot.test.context.SpringBootTestContextBootstrapper - @TestExecutionListeners is not present for class [net.revature.binarybuiltbyte.project2.ReviewTest]: using defaults.
15:13:05.190 [main] INFO org.springframework.boot.test.context.SpringBootTestContextBootstrapper - Loaded default TestExecutionListener class names from location [META-INF/spring.factories]: [org.springframework.boot.test.mock.mockito.MockitoTestExecutionListener, org.springframework.boot.test.mock.mockito.ResetMocksTestExecutionListener, org.springframework.boot.test.autoconfigure.restdocs.RestDocsTestExecutionListener, org.springframework.boot.test.autoconfigure.web.client.MockRestServiceServerResetTestExecutionListener, org.springframework.boot.test.autoconfigure.web.servlet.MockMvcPrintOnlyOnFailureTestExecutionListener, org.springframework.boot.test.autoconfigure.web.servlet.WebDriverTestExecutionListener, org.springframework.boot.test.autoconfigure.webservices.client.MockWebServiceServerTestExecutionListener, org.springframework.test.context.web.ServletTestExecutionListener, org.springframework.test.context.support.DirtiesContextBeforeModesTestExecutionListener, org.springframework.test.context.event.ApplicationEventsTestExecutionListener, org.springframework.test.context.support.DependencyInjectionTestExecutionListener, org.springframework.test.context.support.DirtiesContextTestExecutionListener, org.springframework.test.context.transaction.TransactionalTestExecutionListener, org.springframework.test.context.jdbc.SqlScriptsTestExecutionListener, org.springframework.test.context.event.EventPublishingTestExecutionListener, org.springframework.security.test.context.support.WithSecurityContextTestExecutionListener, org.springframework.security.test.context.support.ReactorContextTestExecutionListener]
15:13:05.192 [main] INFO org.springframework.boot.test.context.SpringBootTestContextBootstrapper - Using TestExecutionListeners: [org.springframework.test.context.web.ServletTestExecutionListener@70f5f59d, org.springframework.test.context.support.DirtiesContextBeforeModesTestExecutionListener@74431832, org.springframework.test.context.event.ApplicationEventsTestExecutionListener@6fa2a006, org.springframework.boot.test.mock.mockito.MockitoTestExecutionListener@70592729, org.springframework.boot.test.autoconfigure.SpringBootDependencyInjectionTestExecutionListener@2fdf7da2, org.springframework.test.context.support.DirtiesContextTestExecutionListener@43b172e3, org.springframework.test.context.transaction.TransactionalTestExecutionListener@39695803, org.springframework.test.context.jdbc.SqlScriptsTestExecutionListener@304068, org.springframework.test.context.event.EventPublishingTestExecutionListener@54d60fa1, org.springframework.security.test.context.support.WithSecurityContextTestExecutionListener@1cb849b2, org.springframework.security.test.context.support.ReactorContextTestExecutionListener@6fe2a366, org.springframework.boot.test.mock.mockito.ResetMocksTestExecutionListener@6dd38df2, org.springframework.boot.test.autoconfigure.restdocs.RestDocsTestExecutionListener@99c3cee, org.springframework.boot.test.autoconfigure.web.client.MockRestServiceServerResetTestExecutionListener@57b711b6, org.springframework.boot.test.autoconfigure.web.servlet.MockMvcPrintOnlyOnFailureTestExecutionListener@2db461b5, org.springframework.boot.test.autoconfigure.web.servlet.WebDriverTestExecutionListener@5c79c5ec, org.springframework.boot.test.autoconfigure.webservices.client.MockWebServiceServerTestExecutionListener@34eaf9c1]
15:13:05.192 [main] DEBUG org.springframework.test.annotation.ProfileValueUtils - Retrieved @ProfileValueSourceConfiguration [null] for test class [net.revature.binarybuiltbyte.project2.ReviewTest]
15:13:05.192 [main] DEBUG org.springframework.test.annotation.ProfileValueUtils - Retrieved ProfileValueSource type [class org.springframework.test.annotation.SystemProfileValueSource] for class [net.revature.binarybuiltbyte.project2.ReviewTest]
15:13:05.193 [main] DEBUG org.springframework.test.annotation.ProfileValueUtils - Retrieved @ProfileValueSourceConfiguration [null] for test class [net.revature.binarybuiltbyte.project2.ReviewTest]
15:13:05.193 [main] DEBUG org.springframework.test.annotation.ProfileValueUtils - Retrieved ProfileValueSource type [class org.springframework.test.annotation.SystemProfileValueSource] for class [net.revature.binarybuiltbyte.project2.ReviewTest]
15:13:05.193 [main] DEBUG org.springframework.test.annotation.ProfileValueUtils - Retrieved @ProfileValueSourceConfiguration [null] for test class [net.revature.binarybuiltbyte.project2.ReviewTest]
15:13:05.193 [main] DEBUG org.springframework.test.annotation.ProfileValueUtils - Retrieved ProfileValueSource type [class org.springframework.test.annotation.SystemProfileValueSource] for class [net.revature.binarybuiltbyte.project2.ReviewTest]
15:13:05.205 [main] DEBUG org.springframework.test.context.junit4.SpringJUnit4ClassRunner - SpringJUnit4ClassRunner constructor called with [class net.revature.binarybuiltbyte.project2.AddressTest]
15:13:05.205 [main] DEBUG org.springframework.test.context.BootstrapUtils - Instantiating CacheAwareContextLoaderDelegate from class [org.springframework.test.context.cache.DefaultCacheAwareContextLoaderDelegate]
15:13:05.205 [main] DEBUG org.springframework.test.context.BootstrapUtils - Instantiating BootstrapContext using constructor [public org.springframework.test.context.support.DefaultBootstrapContext(java.lang.Class,org.springframework.test.context.CacheAwareContextLoaderDelegate)]
15:13:05.206 [main] DEBUG org.springframework.test.context.BootstrapUtils - Instantiating TestContextBootstrapper for test class [net.revature.binarybuiltbyte.project2.AddressTest] from class [org.springframework.boot.test.context.SpringBootTestContextBootstrapper]
15:13:05.207 [main] INFO org.springframework.boot.test.context.SpringBootTestContextBootstrapper - Neither @ContextConfiguration nor @ContextHierarchy found for test class [net.revature.binarybuiltbyte.project2.AddressTest], using SpringBootContextLoader
15:13:05.209 [main] DEBUG org.springframework.test.context.support.AbstractContextLoader - Did not detect default resource location for test class [net.revature.binarybuiltbyte.project2.AddressTest]: class path resource [net/revature/binarybuiltbyte/project2/AddressTest-context.xml] does not exist
15:13:05.209 [main] DEBUG org.springframework.test.context.support.AbstractContextLoader - Did not detect default resource location for test class [net.revature.binarybuiltbyte.project2.AddressTest]: class path resource [net/revature/binarybuiltbyte/project2/AddressTestContext.groovy] does not exist
15:13:05.210 [main] INFO org.springframework.test.context.support.AbstractContextLoader - Could not detect default resource locations for test class [net.revature.binarybuiltbyte.project2.AddressTest]: no resource found for suffixes {-context.xml, Context.groovy}.
15:13:05.210 [main] INFO org.springframework.test.context.support.AnnotationConfigContextLoaderUtils - Could not detect default configuration classes for test class [net.revature.binarybuiltbyte.project2.AddressTest]: AddressTest does not declare any static, non-private, non-final, nested classes annotated with @Configuration.
15:13:05.216 [main] DEBUG org.springframework.test.context.support.ActiveProfilesUtils - Could not find an 'annotation declaring class' for annotation type [org.springframework.test.context.ActiveProfiles] and class [net.revature.binarybuiltbyte.project2.AddressTest]
15:13:05.216 [main] INFO org.springframework.boot.test.context.SpringBootTestContextBootstrapper - Found @SpringBootConfiguration net.revature.binarybuiltbyte.project2.Project2Application for test class net.revature.binarybuiltbyte.project2.AddressTest
15:13:05.220 [main] DEBUG org.springframework.boot.test.context.SpringBootTestContextBootstrapper - @TestExecutionListeners is not present for class [net.revature.binarybuiltbyte.project2.AddressTest]: using defaults.
15:13:05.220 [main] INFO org.springframework.boot.test.context.SpringBootTestContextBootstrapper - Loaded default TestExecutionListener class names from location [META-INF/spring.factories]: [org.springframework.boot.test.mock.mockito.MockitoTestExecutionListener, org.springframework.boot.test.mock.mockito.ResetMocksTestExecutionListener, org.springframework.boot.test.autoconfigure.restdocs.RestDocsTestExecutionListener, org.springframework.boot.test.autoconfigure.web.client.MockRestServiceServerResetTestExecutionListener, org.springframework.boot.test.autoconfigure.web.servlet.MockMvcPrintOnlyOnFailureTestExecutionListener, org.springframework.boot.test.autoconfigure.web.servlet.WebDriverTestExecutionListener, org.springframework.boot.test.autoconfigure.webservices.client.MockWebServiceServerTestExecutionListener, org.springframework.test.context.web.ServletTestExecutionListener, org.springframework.test.context.support.DirtiesContextBeforeModesTestExecutionListener, org.springframework.test.context.event.ApplicationEventsTestExecutionListener, org.springframework.test.context.support.DependencyInjectionTestExecutionListener, org.springframework.test.context.support.DirtiesContextTestExecutionListener, org.springframework.test.context.transaction.TransactionalTestExecutionListener, org.springframework.test.context.jdbc.SqlScriptsTestExecutionListener, org.springframework.test.context.event.EventPublishingTestExecutionListener, org.springframework.security.test.context.support.WithSecurityContextTestExecutionListener, org.springframework.security.test.context.support.ReactorContextTestExecutionListener]
15:13:05.222 [main] INFO org.springframework.boot.test.context.SpringBootTestContextBootstrapper - Using TestExecutionListeners: [org.springframework.test.context.web.ServletTestExecutionListener@23bd2f6e, org.springframework.test.context.support.DirtiesContextBeforeModesTestExecutionListener@18e8eb59, org.springframework.test.context.event.ApplicationEventsTestExecutionListener@2430cf17, org.springframework.boot.test.mock.mockito.MockitoTestExecutionListener@1e95f584, org.springframework.boot.test.autoconfigure.SpringBootDependencyInjectionTestExecutionListener@54997f67, org.springframework.test.context.support.DirtiesContextTestExecutionListener@bf4e48e, org.springframework.test.context.transaction.TransactionalTestExecutionListener@299eca90, org.springframework.test.context.jdbc.SqlScriptsTestExecutionListener@189633f2, org.springframework.test.context.event.EventPublishingTestExecutionListener@76b05c0, org.springframework.security.test.context.support.WithSecurityContextTestExecutionListener@2b974137, org.springframework.security.test.context.support.ReactorContextTestExecutionListener@7402c49f, org.springframework.boot.test.mock.mockito.ResetMocksTestExecutionListener@5d22604e, org.springframework.boot.test.autoconfigure.restdocs.RestDocsTestExecutionListener@2382b2f, org.springframework.boot.test.autoconfigure.web.client.MockRestServiceServerResetTestExecutionListener@13374ca6, org.springframework.boot.test.autoconfigure.web.servlet.MockMvcPrintOnlyOnFailureTestExecutionListener@71734463, org.springframework.boot.test.autoconfigure.web.servlet.WebDriverTestExecutionListener@3f1d6a13, org.springframework.boot.test.autoconfigure.webservices.client.MockWebServiceServerTestExecutionListener@7cbf4f8c]
15:13:05.222 [main] DEBUG org.springframework.test.annotation.ProfileValueUtils - Retrieved @ProfileValueSourceConfiguration [null] for test class [net.revature.binarybuiltbyte.project2.AddressTest]
15:13:05.222 [main] DEBUG org.springframework.test.annotation.ProfileValueUtils - Retrieved ProfileValueSource type [class org.springframework.test.annotation.SystemProfileValueSource] for class [net.revature.binarybuiltbyte.project2.AddressTest]
15:13:05.223 [main] DEBUG org.springframework.test.annotation.ProfileValueUtils - Retrieved @ProfileValueSourceConfiguration [null] for test class [net.revature.binarybuiltbyte.project2.AddressTest]
15:13:05.223 [main] DEBUG org.springframework.test.annotation.ProfileValueUtils - Retrieved ProfileValueSource type [class org.springframework.test.annotation.SystemProfileValueSource] for class [net.revature.binarybuiltbyte.project2.AddressTest]
15:13:05.223 [main] DEBUG org.springframework.test.annotation.ProfileValueUtils - Retrieved @ProfileValueSourceConfiguration [null] for test class [net.revature.binarybuiltbyte.project2.AddressTest]
15:13:05.223 [main] DEBUG org.springframework.test.annotation.ProfileValueUtils - Retrieved ProfileValueSource type [class org.springframework.test.annotation.SystemProfileValueSource] for class [net.revature.binarybuiltbyte.project2.AddressTest]
15:13:05.224 [main] DEBUG org.springframework.test.context.junit4.SpringJUnit4ClassRunner - SpringJUnit4ClassRunner constructor called with [class net.revature.binarybuiltbyte.project2.ByteUserTest]
15:13:05.224 [main] DEBUG org.springframework.test.context.BootstrapUtils - Instantiating CacheAwareContextLoaderDelegate from class [org.springframework.test.context.cache.DefaultCacheAwareContextLoaderDelegate]
15:13:05.224 [main] DEBUG org.springframework.test.context.BootstrapUtils - Instantiating BootstrapContext using constructor [public org.springframework.test.context.support.DefaultBootstrapContext(java.lang.Class,org.springframework.test.context.CacheAwareContextLoaderDelegate)]
15:13:05.225 [main] DEBUG org.springframework.test.context.BootstrapUtils - Instantiating TestContextBootstrapper for test class [net.revature.binarybuiltbyte.project2.ByteUserTest] from class [org.springframework.boot.test.context.SpringBootTestContextBootstrapper]
15:13:05.225 [main] INFO org.springframework.boot.test.context.SpringBootTestContextBootstrapper - Neither @ContextConfiguration nor @ContextHierarchy found for test class [net.revature.binarybuiltbyte.project2.ByteUserTest], using SpringBootContextLoader
15:13:05.226 [main] DEBUG org.springframework.test.context.support.AbstractContextLoader - Did not detect default resource location for test class [net.revature.binarybuiltbyte.project2.ByteUserTest]: class path resource [net/revature/binarybuiltbyte/project2/ByteUserTest-context.xml] does not exist
15:13:05.227 [main] DEBUG org.springframework.test.context.support.AbstractContextLoader - Did not detect default resource location for test class [net.revature.binarybuiltbyte.project2.ByteUserTest]: class path resource [net/revature/binarybuiltbyte/project2/ByteUserTestContext.groovy] does not exist
15:13:05.227 [main] INFO org.springframework.test.context.support.AbstractContextLoader - Could not detect default resource locations for test class [net.revature.binarybuiltbyte.project2.ByteUserTest]: no resource found for suffixes {-context.xml, Context.groovy}.
15:13:05.227 [main] INFO org.springframework.test.context.support.AnnotationConfigContextLoaderUtils - Could not detect default configuration classes for test class [net.revature.binarybuiltbyte.project2.ByteUserTest]: ByteUserTest does not declare any static, non-private, non-final, nested classes annotated with @Configuration.
15:13:05.231 [main] DEBUG org.springframework.test.context.support.ActiveProfilesUtils - Could not find an 'annotation declaring class' for annotation type [org.springframework.test.context.ActiveProfiles] and class [net.revature.binarybuiltbyte.project2.ByteUserTest]
15:13:05.232 [main] INFO org.springframework.boot.test.context.SpringBootTestContextBootstrapper - Found @SpringBootConfiguration net.revature.binarybuiltbyte.project2.Project2Application for test class net.revature.binarybuiltbyte.project2.ByteUserTest
15:13:05.235 [main] DEBUG org.springframework.boot.test.context.SpringBootTestContextBootstrapper - @TestExecutionListeners is not present for class [net.revature.binarybuiltbyte.project2.ByteUserTest]: using defaults.
15:13:05.236 [main] INFO org.springframework.boot.test.context.SpringBootTestContextBootstrapper - Loaded default TestExecutionListener class names from location [META-INF/spring.factories]: [org.springframework.boot.test.mock.mockito.MockitoTestExecutionListener, org.springframework.boot.test.mock.mockito.ResetMocksTestExecutionListener, org.springframework.boot.test.autoconfigure.restdocs.RestDocsTestExecutionListener, org.springframework.boot.test.autoconfigure.web.client.MockRestServiceServerResetTestExecutionListener, org.springframework.boot.test.autoconfigure.web.servlet.MockMvcPrintOnlyOnFailureTestExecutionListener, org.springframework.boot.test.autoconfigure.web.servlet.WebDriverTestExecutionListener, org.springframework.boot.test.autoconfigure.webservices.client.MockWebServiceServerTestExecutionListener, org.springframework.test.context.web.ServletTestExecutionListener, org.springframework.test.context.support.DirtiesContextBeforeModesTestExecutionListener, org.springframework.test.context.event.ApplicationEventsTestExecutionListener, org.springframework.test.context.support.DependencyInjectionTestExecutionListener, org.springframework.test.context.support.DirtiesContextTestExecutionListener, org.springframework.test.context.transaction.TransactionalTestExecutionListener, org.springframework.test.context.jdbc.SqlScriptsTestExecutionListener, org.springframework.test.context.event.EventPublishingTestExecutionListener, org.springframework.security.test.context.support.WithSecurityContextTestExecutionListener, org.springframework.security.test.context.support.ReactorContextTestExecutionListener]
15:13:05.237 [main] INFO org.springframework.boot.test.context.SpringBootTestContextBootstrapper - Using TestExecutionListeners: [org.springframework.test.context.web.ServletTestExecutionListener@3eff6846, org.springframework.test.context.support.DirtiesContextBeforeModesTestExecutionListener@6ae6d078, org.springframework.test.context.event.ApplicationEventsTestExecutionListener@6ca33187, org.springframework.boot.test.mock.mockito.MockitoTestExecutionListener@1a67f8b4, org.springframework.boot.test.autoconfigure.SpringBootDependencyInjectionTestExecutionListener@5f1f0ee6, org.springframework.test.context.support.DirtiesContextTestExecutionListener@326706d, org.springframework.test.context.transaction.TransactionalTestExecutionListener@76fc5687, org.springframework.test.context.jdbc.SqlScriptsTestExecutionListener@53fbb2b4, org.springframework.test.context.event.EventPublishingTestExecutionListener@7434ee13, org.springframework.security.test.context.support.WithSecurityContextTestExecutionListener@44a14de0, org.springframework.security.test.context.support.ReactorContextTestExecutionListener@50fd739d, org.springframework.boot.test.mock.mockito.ResetMocksTestExecutionListener@5e1d1524, org.springframework.boot.test.autoconfigure.restdocs.RestDocsTestExecutionListener@d0a2c82, org.springframework.boot.test.autoconfigure.web.client.MockRestServiceServerResetTestExecutionListener@430aae8e, org.springframework.boot.test.autoconfigure.web.servlet.MockMvcPrintOnlyOnFailureTestExecutionListener@78504ce9, org.springframework.boot.test.autoconfigure.web.servlet.WebDriverTestExecutionListener@4e52d2f2, org.springframework.boot.test.autoconfigure.webservices.client.MockWebServiceServerTestExecutionListener@12608986]
15:13:05.238 [main] DEBUG org.springframework.test.annotation.ProfileValueUtils - Retrieved @ProfileValueSourceConfiguration [null] for test class [net.revature.binarybuiltbyte.project2.ByteUserTest]
15:13:05.238 [main] DEBUG org.springframework.test.annotation.ProfileValueUtils - Retrieved ProfileValueSource type [class org.springframework.test.annotation.SystemProfileValueSource] for class [net.revature.binarybuiltbyte.project2.ByteUserTest]
15:13:05.238 [main] DEBUG org.springframework.test.annotation.ProfileValueUtils - Retrieved @ProfileValueSourceConfiguration [null] for test class [net.revature.binarybuiltbyte.project2.ByteUserTest]
15:13:05.238 [main] DEBUG org.springframework.test.annotation.ProfileValueUtils - Retrieved ProfileValueSource type [class org.springframework.test.annotation.SystemProfileValueSource] for class [net.revature.binarybuiltbyte.project2.ByteUserTest]
15:13:05.238 [main] DEBUG org.springframework.test.annotation.ProfileValueUtils - Retrieved @ProfileValueSourceConfiguration [null] for test class [net.revature.binarybuiltbyte.project2.ByteUserTest]
15:13:05.238 [main] DEBUG org.springframework.test.annotation.ProfileValueUtils - Retrieved ProfileValueSource type [class org.springframework.test.annotation.SystemProfileValueSource] for class [net.revature.binarybuiltbyte.project2.ByteUserTest]
15:13:05.239 [main] DEBUG org.springframework.test.context.junit4.SpringJUnit4ClassRunner - SpringJUnit4ClassRunner constructor called with [class net.revature.binarybuiltbyte.project2.CategoryTest]
15:13:05.239 [main] DEBUG org.springframework.test.context.BootstrapUtils - Instantiating CacheAwareContextLoaderDelegate from class [org.springframework.test.context.cache.DefaultCacheAwareContextLoaderDelegate]
15:13:05.239 [main] DEBUG org.springframework.test.context.BootstrapUtils - Instantiating BootstrapContext using constructor [public org.springframework.test.context.support.DefaultBootstrapContext(java.lang.Class,org.springframework.test.context.CacheAwareContextLoaderDelegate)]
15:13:05.240 [main] DEBUG org.springframework.test.context.BootstrapUtils - Instantiating TestContextBootstrapper for test class [net.revature.binarybuiltbyte.project2.CategoryTest] from class [org.springframework.boot.test.context.SpringBootTestContextBootstrapper]
15:13:05.240 [main] INFO org.springframework.boot.test.context.SpringBootTestContextBootstrapper - Neither @ContextConfiguration nor @ContextHierarchy found for test class [net.revature.binarybuiltbyte.project2.CategoryTest], using SpringBootContextLoader
15:13:05.241 [main] DEBUG org.springframework.test.context.support.AbstractContextLoader - Did not detect default resource location for test class [net.revature.binarybuiltbyte.project2.CategoryTest]: class path resource [net/revature/binarybuiltbyte/project2/CategoryTest-context.xml] does not exist
15:13:05.242 [main] DEBUG org.springframework.test.context.support.AbstractContextLoader - Did not detect default resource location for test class [net.revature.binarybuiltbyte.project2.CategoryTest]: class path resource [net/revature/binarybuiltbyte/project2/CategoryTestContext.groovy] does not exist
15:13:05.242 [main] INFO org.springframework.test.context.support.AbstractContextLoader - Could not detect default resource locations for test class [net.revature.binarybuiltbyte.project2.CategoryTest]: no resource found for suffixes {-context.xml, Context.groovy}.
15:13:05.242 [main] INFO org.springframework.test.context.support.AnnotationConfigContextLoaderUtils - Could not detect default configuration classes for test class [net.revature.binarybuiltbyte.project2.CategoryTest]: CategoryTest does not declare any static, non-private, non-final, nested classes annotated with @Configuration.
15:13:05.245 [main] DEBUG org.springframework.test.context.support.ActiveProfilesUtils - Could not find an 'annotation declaring class' for annotation type [org.springframework.test.context.ActiveProfiles] and class [net.revature.binarybuiltbyte.project2.CategoryTest]
15:13:05.246 [main] INFO org.springframework.boot.test.context.SpringBootTestContextBootstrapper - Found @SpringBootConfiguration net.revature.binarybuiltbyte.project2.Project2Application for test class net.revature.binarybuiltbyte.project2.CategoryTest
15:13:05.248 [main] DEBUG org.springframework.boot.test.context.SpringBootTestContextBootstrapper - @TestExecutionListeners is not present for class [net.revature.binarybuiltbyte.project2.CategoryTest]: using defaults.
15:13:05.248 [main] INFO org.springframework.boot.test.context.SpringBootTestContextBootstrapper - Loaded default TestExecutionListener class names from location [META-INF/spring.factories]: [org.springframework.boot.test.mock.mockito.MockitoTestExecutionListener, org.springframework.boot.test.mock.mockito.ResetMocksTestExecutionListener, org.springframework.boot.test.autoconfigure.restdocs.RestDocsTestExecutionListener, org.springframework.boot.test.autoconfigure.web.client.MockRestServiceServerResetTestExecutionListener, org.springframework.boot.test.autoconfigure.web.servlet.MockMvcPrintOnlyOnFailureTestExecutionListener, org.springframework.boot.test.autoconfigure.web.servlet.WebDriverTestExecutionListener, org.springframework.boot.test.autoconfigure.webservices.client.MockWebServiceServerTestExecutionListener, org.springframework.test.context.web.ServletTestExecutionListener, org.springframework.test.context.support.DirtiesContextBeforeModesTestExecutionListener, org.springframework.test.context.event.ApplicationEventsTestExecutionListener, org.springframework.test.context.support.DependencyInjectionTestExecutionListener, org.springframework.test.context.support.DirtiesContextTestExecutionListener, org.springframework.test.context.transaction.TransactionalTestExecutionListener, org.springframework.test.context.jdbc.SqlScriptsTestExecutionListener, org.springframework.test.context.event.EventPublishingTestExecutionListener, org.springframework.security.test.context.support.WithSecurityContextTestExecutionListener, org.springframework.security.test.context.support.ReactorContextTestExecutionListener]
15:13:05.249 [main] INFO org.springframework.boot.test.context.SpringBootTestContextBootstrapper - Using TestExecutionListeners: [org.springframework.test.context.web.ServletTestExecutionListener@7ec508e6, org.springframework.test.context.support.DirtiesContextBeforeModesTestExecutionListener@26d8908e, org.springframework.test.context.event.ApplicationEventsTestExecutionListener@30e2016a, org.springframework.boot.test.mock.mockito.MockitoTestExecutionListener@75f32817, org.springframework.boot.test.autoconfigure.SpringBootDependencyInjectionTestExecutionListener@23a78c77, org.springframework.test.context.support.DirtiesContextTestExecutionListener@4119346d, org.springframework.test.context.transaction.TransactionalTestExecutionListener@61d09475, org.springframework.test.context.jdbc.SqlScriptsTestExecutionListener@d0fabc8, org.springframework.test.context.event.EventPublishingTestExecutionListener@12d44a2a, org.springframework.security.test.context.support.WithSecurityContextTestExecutionListener@1a66be41, org.springframework.security.test.context.support.ReactorContextTestExecutionListener@7f70e244, org.springframework.boot.test.mock.mockito.ResetMocksTestExecutionListener@fd14789, org.springframework.boot.test.autoconfigure.restdocs.RestDocsTestExecutionListener@3f64d943, org.springframework.boot.test.autoconfigure.web.client.MockRestServiceServerResetTestExecutionListener@105ffc58, org.springframework.boot.test.autoconfigure.web.servlet.MockMvcPrintOnlyOnFailureTestExecutionListener@68454ed5, org.springframework.boot.test.autoconfigure.web.servlet.WebDriverTestExecutionListener@6d2db15b, org.springframework.boot.test.autoconfigure.webservices.client.MockWebServiceServerTestExecutionListener@749ad37c]
15:13:05.250 [main] DEBUG org.springframework.test.annotation.ProfileValueUtils - Retrieved @ProfileValueSourceConfiguration [null] for test class [net.revature.binarybuiltbyte.project2.CategoryTest]
15:13:05.250 [main] DEBUG org.springframework.test.annotation.ProfileValueUtils - Retrieved ProfileValueSource type [class org.springframework.test.annotation.SystemProfileValueSource] for class [net.revature.binarybuiltbyte.project2.CategoryTest]
15:13:05.250 [main] DEBUG org.springframework.test.annotation.ProfileValueUtils - Retrieved @ProfileValueSourceConfiguration [null] for test class [net.revature.binarybuiltbyte.project2.CategoryTest]
15:13:05.250 [main] DEBUG org.springframework.test.annotation.ProfileValueUtils - Retrieved ProfileValueSource type [class org.springframework.test.annotation.SystemProfileValueSource] for class [net.revature.binarybuiltbyte.project2.CategoryTest]
15:13:05.251 [main] DEBUG org.springframework.test.annotation.ProfileValueUtils - Retrieved @ProfileValueSourceConfiguration [null] for test class [net.revature.binarybuiltbyte.project2.CategoryTest]
15:13:05.251 [main] DEBUG org.springframework.test.annotation.ProfileValueUtils - Retrieved ProfileValueSource type [class org.springframework.test.annotation.SystemProfileValueSource] for class [net.revature.binarybuiltbyte.project2.CategoryTest]
15:13:05.251 [main] DEBUG org.springframework.test.context.junit4.SpringJUnit4ClassRunner - SpringJUnit4ClassRunner constructor called with [class net.revature.binarybuiltbyte.project2.PaymentTest]
15:13:05.251 [main] DEBUG org.springframework.test.context.BootstrapUtils - Instantiating CacheAwareContextLoaderDelegate from class [org.springframework.test.context.cache.DefaultCacheAwareContextLoaderDelegate]
15:13:05.252 [main] DEBUG org.springframework.test.context.BootstrapUtils - Instantiating BootstrapContext using constructor [public org.springframework.test.context.support.DefaultBootstrapContext(java.lang.Class,org.springframework.test.context.CacheAwareContextLoaderDelegate)]
15:13:05.252 [main] DEBUG org.springframework.test.context.BootstrapUtils - Instantiating TestContextBootstrapper for test class [net.revature.binarybuiltbyte.project2.PaymentTest] from class [org.springframework.boot.test.context.SpringBootTestContextBootstrapper]
15:13:05.252 [main] INFO org.springframework.boot.test.context.SpringBootTestContextBootstrapper - Neither @ContextConfiguration nor @ContextHierarchy found for test class [net.revature.binarybuiltbyte.project2.PaymentTest], using SpringBootContextLoader
15:13:05.253 [main] DEBUG org.springframework.test.context.support.AbstractContextLoader - Did not detect default resource location for test class [net.revature.binarybuiltbyte.project2.PaymentTest]: class path resource [net/revature/binarybuiltbyte/project2/PaymentTest-context.xml] does not exist
15:13:05.254 [main] DEBUG org.springframework.test.context.support.AbstractContextLoader - Did not detect default resource location for test class [net.revature.binarybuiltbyte.project2.PaymentTest]: class path resource [net/revature/binarybuiltbyte/project2/PaymentTestContext.groovy] does not exist
15:13:05.254 [main] INFO org.springframework.test.context.support.AbstractContextLoader - Could not detect default resource locations for test class [net.revature.binarybuiltbyte.project2.PaymentTest]: no resource found for suffixes {-context.xml, Context.groovy}.
15:13:05.254 [main] INFO org.springframework.test.context.support.AnnotationConfigContextLoaderUtils - Could not detect default configuration classes for test class [net.revature.binarybuiltbyte.project2.PaymentTest]: PaymentTest does not declare any static, non-private, non-final, nested classes annotated with @Configuration.
15:13:05.258 [main] DEBUG org.springframework.test.context.support.ActiveProfilesUtils - Could not find an 'annotation declaring class' for annotation type [org.springframework.test.context.ActiveProfiles] and class [net.revature.binarybuiltbyte.project2.PaymentTest]
15:13:05.258 [main] INFO org.springframework.boot.test.context.SpringBootTestContextBootstrapper - Found @SpringBootConfiguration net.revature.binarybuiltbyte.project2.Project2Application for test class net.revature.binarybuiltbyte.project2.PaymentTest
15:13:05.261 [main] DEBUG org.springframework.boot.test.context.SpringBootTestContextBootstrapper - @TestExecutionListeners is not present for class [net.revature.binarybuiltbyte.project2.PaymentTest]: using defaults.
15:13:05.262 [main] INFO org.springframework.boot.test.context.SpringBootTestContextBootstrapper - Loaded default TestExecutionListener class names from location [META-INF/spring.factories]: [org.springframework.boot.test.mock.mockito.MockitoTestExecutionListener, org.springframework.boot.test.mock.mockito.ResetMocksTestExecutionListener, org.springframework.boot.test.autoconfigure.restdocs.RestDocsTestExecutionListener, org.springframework.boot.test.autoconfigure.web.client.MockRestServiceServerResetTestExecutionListener, org.springframework.boot.test.autoconfigure.web.servlet.MockMvcPrintOnlyOnFailureTestExecutionListener, org.springframework.boot.test.autoconfigure.web.servlet.WebDriverTestExecutionListener, org.springframework.boot.test.autoconfigure.webservices.client.MockWebServiceServerTestExecutionListener, org.springframework.test.context.web.ServletTestExecutionListener, org.springframework.test.context.support.DirtiesContextBeforeModesTestExecutionListener, org.springframework.test.context.event.ApplicationEventsTestExecutionListener, org.springframework.test.context.support.DependencyInjectionTestExecutionListener, org.springframework.test.context.support.DirtiesContextTestExecutionListener, org.springframework.test.context.transaction.TransactionalTestExecutionListener, org.springframework.test.context.jdbc.SqlScriptsTestExecutionListener, org.springframework.test.context.event.EventPublishingTestExecutionListener, org.springframework.security.test.context.support.WithSecurityContextTestExecutionListener, org.springframework.security.test.context.support.ReactorContextTestExecutionListener]
15:13:05.263 [main] INFO org.springframework.boot.test.context.SpringBootTestContextBootstrapper - Using TestExecutionListeners: [org.springframework.test.context.web.ServletTestExecutionListener@59b98ad1, org.springframework.test.context.support.DirtiesContextBeforeModesTestExecutionListener@591e5fd4, org.springframework.test.context.event.ApplicationEventsTestExecutionListener@7bbd76b8, org.springframework.boot.test.mock.mockito.MockitoTestExecutionListener@2248d140, org.springframework.boot.test.autoconfigure.SpringBootDependencyInjectionTestExecutionListener@37b238da, org.springframework.test.context.support.DirtiesContextTestExecutionListener@1c792107, org.springframework.test.context.transaction.TransactionalTestExecutionListener@ce19c86, org.springframework.test.context.jdbc.SqlScriptsTestExecutionListener@68479e8b, org.springframework.test.context.event.EventPublishingTestExecutionListener@4e951fb1, org.springframework.security.test.context.support.WithSecurityContextTestExecutionListener@1b317e7d, org.springframework.security.test.context.support.ReactorContextTestExecutionListener@1bb4c431, org.springframework.boot.test.mock.mockito.ResetMocksTestExecutionListener@4fd3b20a, org.springframework.boot.test.autoconfigure.restdocs.RestDocsTestExecutionListener@295d54d6, org.springframework.boot.test.autoconfigure.web.client.MockRestServiceServerResetTestExecutionListener@398f0516, org.springframework.boot.test.autoconfigure.web.servlet.MockMvcPrintOnlyOnFailureTestExecutionListener@4a7db5a, org.springframework.boot.test.autoconfigure.web.servlet.WebDriverTestExecutionListener@56b66a26, org.springframework.boot.test.autoconfigure.webservices.client.MockWebServiceServerTestExecutionListener@158e6fc2]
15:13:05.263 [main] DEBUG org.springframework.test.annotation.ProfileValueUtils - Retrieved @ProfileValueSourceConfiguration [null] for test class [net.revature.binarybuiltbyte.project2.PaymentTest]
15:13:05.263 [main] DEBUG org.springframework.test.annotation.ProfileValueUtils - Retrieved ProfileValueSource type [class org.springframework.test.annotation.SystemProfileValueSource] for class [net.revature.binarybuiltbyte.project2.PaymentTest]
15:13:05.263 [main] DEBUG org.springframework.test.annotation.ProfileValueUtils - Retrieved @ProfileValueSourceConfiguration [null] for test class [net.revature.binarybuiltbyte.project2.PaymentTest]
15:13:05.264 [main] DEBUG org.springframework.test.annotation.ProfileValueUtils - Retrieved ProfileValueSource type [class org.springframework.test.annotation.SystemProfileValueSource] for class [net.revature.binarybuiltbyte.project2.PaymentTest]
15:13:05.264 [main] DEBUG org.springframework.test.annotation.ProfileValueUtils - Retrieved @ProfileValueSourceConfiguration [null] for test class [net.revature.binarybuiltbyte.project2.PaymentTest]
15:13:05.264 [main] DEBUG org.springframework.test.annotation.ProfileValueUtils - Retrieved ProfileValueSource type [class org.springframework.test.annotation.SystemProfileValueSource] for class [net.revature.binarybuiltbyte.project2.PaymentTest]
15:13:05.264 [main] DEBUG org.springframework.test.context.junit4.SpringJUnit4ClassRunner - SpringJUnit4ClassRunner constructor called with [class net.revature.binarybuiltbyte.project2.ProductOrderTest]
15:13:05.264 [main] DEBUG org.springframework.test.context.BootstrapUtils - Instantiating CacheAwareContextLoaderDelegate from class [org.springframework.test.context.cache.DefaultCacheAwareContextLoaderDelegate]
15:13:05.265 [main] DEBUG org.springframework.test.context.BootstrapUtils - Instantiating BootstrapContext using constructor [public org.springframework.test.context.support.DefaultBootstrapContext(java.lang.Class,org.springframework.test.context.CacheAwareContextLoaderDelegate)]
15:13:05.265 [main] DEBUG org.springframework.test.context.BootstrapUtils - Instantiating TestContextBootstrapper for test class [net.revature.binarybuiltbyte.project2.ProductOrderTest] from class [org.springframework.boot.test.context.SpringBootTestContextBootstrapper]
15:13:05.265 [main] INFO org.springframework.boot.test.context.SpringBootTestContextBootstrapper - Neither @ContextConfiguration nor @ContextHierarchy found for test class [net.revature.binarybuiltbyte.project2.ProductOrderTest], using SpringBootContextLoader
15:13:05.266 [main] DEBUG org.springframework.test.context.support.AbstractContextLoader - Did not detect default resource location for test class [net.revature.binarybuiltbyte.project2.ProductOrderTest]: class path resource [net/revature/binarybuiltbyte/project2/ProductOrderTest-context.xml] does not exist
15:13:05.267 [main] DEBUG org.springframework.test.context.support.AbstractContextLoader - Did not detect default resource location for test class [net.revature.binarybuiltbyte.project2.ProductOrderTest]: class path resource [net/revature/binarybuiltbyte/project2/ProductOrderTestContext.groovy] does not exist
15:13:05.267 [main] INFO org.springframework.test.context.support.AbstractContextLoader - Could not detect default resource locations for test class [net.revature.binarybuiltbyte.project2.ProductOrderTest]: no resource found for suffixes {-context.xml, Context.groovy}.
15:13:05.267 [main] INFO org.springframework.test.context.support.AnnotationConfigContextLoaderUtils - Could not detect default configuration classes for test class [net.revature.binarybuiltbyte.project2.ProductOrderTest]: ProductOrderTest does not declare any static, non-private, non-final, nested classes annotated with @Configuration.
15:13:05.271 [main] DEBUG org.springframework.test.context.support.ActiveProfilesUtils - Could not find an 'annotation declaring class' for annotation type [org.springframework.test.context.ActiveProfiles] and class [net.revature.binarybuiltbyte.project2.ProductOrderTest]
15:13:05.271 [main] INFO org.springframework.boot.test.context.SpringBootTestContextBootstrapper - Found @SpringBootConfiguration net.revature.binarybuiltbyte.project2.Project2Application for test class net.revature.binarybuiltbyte.project2.ProductOrderTest
15:13:05.280 [main] DEBUG org.springframework.boot.test.context.SpringBootTestContextBootstrapper - @TestExecutionListeners is not present for class [net.revature.binarybuiltbyte.project2.ProductOrderTest]: using defaults.
15:13:05.280 [main] INFO org.springframework.boot.test.context.SpringBootTestContextBootstrapper - Loaded default TestExecutionListener class names from location [META-INF/spring.factories]: [org.springframework.boot.test.mock.mockito.MockitoTestExecutionListener, org.springframework.boot.test.mock.mockito.ResetMocksTestExecutionListener, org.springframework.boot.test.autoconfigure.restdocs.RestDocsTestExecutionListener, org.springframework.boot.test.autoconfigure.web.client.MockRestServiceServerResetTestExecutionListener, org.springframework.boot.test.autoconfigure.web.servlet.MockMvcPrintOnlyOnFailureTestExecutionListener, org.springframework.boot.test.autoconfigure.web.servlet.WebDriverTestExecutionListener, org.springframework.boot.test.autoconfigure.webservices.client.MockWebServiceServerTestExecutionListener, org.springframework.test.context.web.ServletTestExecutionListener, org.springframework.test.context.support.DirtiesContextBeforeModesTestExecutionListener, org.springframework.test.context.event.ApplicationEventsTestExecutionListener, org.springframework.test.context.support.DependencyInjectionTestExecutionListener, org.springframework.test.context.support.DirtiesContextTestExecutionListener, org.springframework.test.context.transaction.TransactionalTestExecutionListener, org.springframework.test.context.jdbc.SqlScriptsTestExecutionListener, org.springframework.test.context.event.EventPublishingTestExecutionListener, org.springframework.security.test.context.support.WithSecurityContextTestExecutionListener, org.springframework.security.test.context.support.ReactorContextTestExecutionListener]
15:13:05.282 [main] INFO org.springframework.boot.test.context.SpringBootTestContextBootstrapper - Using TestExecutionListeners: [org.springframework.test.context.web.ServletTestExecutionListener@6eaf030c, org.springframework.test.context.support.DirtiesContextBeforeModesTestExecutionListener@b2da3a5, org.springframework.test.context.event.ApplicationEventsTestExecutionListener@6dbb3d7d, org.springframework.boot.test.mock.mockito.MockitoTestExecutionListener@7a3a49e5, org.springframework.boot.test.autoconfigure.SpringBootDependencyInjectionTestExecutionListener@6c1b82cd, org.springframework.test.context.support.DirtiesContextTestExecutionListener@acd3460, org.springframework.test.context.transaction.TransactionalTestExecutionListener@3ea9a091, org.springframework.test.context.jdbc.SqlScriptsTestExecutionListener@16f4a3c0, org.springframework.test.context.event.EventPublishingTestExecutionListener@26495639, org.springframework.security.test.context.support.WithSecurityContextTestExecutionListener@45c408a4, org.springframework.security.test.context.support.ReactorContextTestExecutionListener@369a95a5, org.springframework.boot.test.mock.mockito.ResetMocksTestExecutionListener@543da15, org.springframework.boot.test.autoconfigure.restdocs.RestDocsTestExecutionListener@69d7bc1a, org.springframework.boot.test.autoconfigure.web.client.MockRestServiceServerResetTestExecutionListener@cb318ac, org.springframework.boot.test.autoconfigure.web.servlet.MockMvcPrintOnlyOnFailureTestExecutionListener@6e668322, org.springframework.boot.test.autoconfigure.web.servlet.WebDriverTestExecutionListener@75ee6f89, org.springframework.boot.test.autoconfigure.webservices.client.MockWebServiceServerTestExecutionListener@210d3a42]
15:13:05.282 [main] DEBUG org.springframework.test.annotation.ProfileValueUtils - Retrieved @ProfileValueSourceConfiguration [null] for test class [net.revature.binarybuiltbyte.project2.ProductOrderTest]
15:13:05.283 [main] DEBUG org.springframework.test.annotation.ProfileValueUtils - Retrieved ProfileValueSource type [class org.springframework.test.annotation.SystemProfileValueSource] for class [net.revature.binarybuiltbyte.project2.ProductOrderTest]
15:13:05.283 [main] DEBUG org.springframework.test.annotation.ProfileValueUtils - Retrieved @ProfileValueSourceConfiguration [null] for test class [net.revature.binarybuiltbyte.project2.ProductOrderTest]
15:13:05.283 [main] DEBUG org.springframework.test.annotation.ProfileValueUtils - Retrieved ProfileValueSource type [class org.springframework.test.annotation.SystemProfileValueSource] for class [net.revature.binarybuiltbyte.project2.ProductOrderTest]
15:13:05.283 [main] DEBUG org.springframework.test.annotation.ProfileValueUtils - Retrieved @ProfileValueSourceConfiguration [null] for test class [net.revature.binarybuiltbyte.project2.ProductOrderTest]
15:13:05.283 [main] DEBUG org.springframework.test.annotation.ProfileValueUtils - Retrieved ProfileValueSource type [class org.springframework.test.annotation.SystemProfileValueSource] for class [net.revature.binarybuiltbyte.project2.ProductOrderTest]
15:13:05.284 [main] DEBUG org.springframework.test.context.junit4.SpringJUnit4ClassRunner - SpringJUnit4ClassRunner constructor called with [class net.revature.binarybuiltbyte.project2.ProductTest]
15:13:05.284 [main] DEBUG org.springframework.test.context.BootstrapUtils - Instantiating CacheAwareContextLoaderDelegate from class [org.springframework.test.context.cache.DefaultCacheAwareContextLoaderDelegate]
15:13:05.284 [main] DEBUG org.springframework.test.context.BootstrapUtils - Instantiating BootstrapContext using constructor [public org.springframework.test.context.support.DefaultBootstrapContext(java.lang.Class,org.springframework.test.context.CacheAwareContextLoaderDelegate)]
15:13:05.284 [main] DEBUG org.springframework.test.context.BootstrapUtils - Instantiating TestContextBootstrapper for test class [net.revature.binarybuiltbyte.project2.ProductTest] from class [org.springframework.boot.test.context.SpringBootTestContextBootstrapper]
15:13:05.285 [main] INFO org.springframework.boot.test.context.SpringBootTestContextBootstrapper - Neither @ContextConfiguration nor @ContextHierarchy found for test class [net.revature.binarybuiltbyte.project2.ProductTest], using SpringBootContextLoader
15:13:05.286 [main] DEBUG org.springframework.test.context.support.AbstractContextLoader - Did not detect default resource location for test class [net.revature.binarybuiltbyte.project2.ProductTest]: class path resource [net/revature/binarybuiltbyte/project2/ProductTest-context.xml] does not exist
15:13:05.286 [main] DEBUG org.springframework.test.context.support.AbstractContextLoader - Did not detect default resource location for test class [net.revature.binarybuiltbyte.project2.ProductTest]: class path resource [net/revature/binarybuiltbyte/project2/ProductTestContext.groovy] does not exist
15:13:05.286 [main] INFO org.springframework.test.context.support.AbstractContextLoader - Could not detect default resource locations for test class [net.revature.binarybuiltbyte.project2.ProductTest]: no resource found for suffixes {-context.xml, Context.groovy}.
15:13:05.287 [main] INFO org.springframework.test.context.support.AnnotationConfigContextLoaderUtils - Could not detect default configuration classes for test class [net.revature.binarybuiltbyte.project2.ProductTest]: ProductTest does not declare any static, non-private, non-final, nested classes annotated with @Configuration.
15:13:05.290 [main] DEBUG org.springframework.test.context.support.ActiveProfilesUtils - Could not find an 'annotation declaring class' for annotation type [org.springframework.test.context.ActiveProfiles] and class [net.revature.binarybuiltbyte.project2.ProductTest]
15:13:05.291 [main] INFO org.springframework.boot.test.context.SpringBootTestContextBootstrapper - Found @SpringBootConfiguration net.revature.binarybuiltbyte.project2.Project2Application for test class net.revature.binarybuiltbyte.project2.ProductTest
15:13:05.294 [main] DEBUG org.springframework.boot.test.context.SpringBootTestContextBootstrapper - @TestExecutionListeners is not present for class [net.revature.binarybuiltbyte.project2.ProductTest]: using defaults.
15:13:05.294 [main] INFO org.springframework.boot.test.context.SpringBootTestContextBootstrapper - Loaded default TestExecutionListener class names from location [META-INF/spring.factories]: [org.springframework.boot.test.mock.mockito.MockitoTestExecutionListener, org.springframework.boot.test.mock.mockito.ResetMocksTestExecutionListener, org.springframework.boot.test.autoconfigure.restdocs.RestDocsTestExecutionListener, org.springframework.boot.test.autoconfigure.web.client.MockRestServiceServerResetTestExecutionListener, org.springframework.boot.test.autoconfigure.web.servlet.MockMvcPrintOnlyOnFailureTestExecutionListener, org.springframework.boot.test.autoconfigure.web.servlet.WebDriverTestExecutionListener, org.springframework.boot.test.autoconfigure.webservices.client.MockWebServiceServerTestExecutionListener, org.springframework.test.context.web.ServletTestExecutionListener, org.springframework.test.context.support.DirtiesContextBeforeModesTestExecutionListener, org.springframework.test.context.event.ApplicationEventsTestExecutionListener, org.springframework.test.context.support.DependencyInjectionTestExecutionListener, org.springframework.test.context.support.DirtiesContextTestExecutionListener, org.springframework.test.context.transaction.TransactionalTestExecutionListener, org.springframework.test.context.jdbc.SqlScriptsTestExecutionListener, org.springframework.test.context.event.EventPublishingTestExecutionListener, org.springframework.security.test.context.support.WithSecurityContextTestExecutionListener, org.springframework.security.test.context.support.ReactorContextTestExecutionListener]
15:13:05.296 [main] INFO org.springframework.boot.test.context.SpringBootTestContextBootstrapper - Using TestExecutionListeners: [org.springframework.test.context.web.ServletTestExecutionListener@6f4adaab, org.springframework.test.context.support.DirtiesContextBeforeModesTestExecutionListener@69de72ec, org.springframework.test.context.event.ApplicationEventsTestExecutionListener@21c99abf, org.springframework.boot.test.mock.mockito.MockitoTestExecutionListener@6d6f6ca9, org.springframework.boot.test.autoconfigure.SpringBootDependencyInjectionTestExecutionListener@54496c2d, org.springframework.test.context.support.DirtiesContextTestExecutionListener@4e1a3d5a, org.springframework.test.context.transaction.TransactionalTestExecutionListener@236b4a44, org.springframework.test.context.jdbc.SqlScriptsTestExecutionListener@35f760a4, org.springframework.test.context.event.EventPublishingTestExecutionListener@2ac05a33, org.springframework.security.test.context.support.WithSecurityContextTestExecutionListener@35af52dc, org.springframework.security.test.context.support.ReactorContextTestExecutionListener@4cef0747, org.springframework.boot.test.mock.mockito.ResetMocksTestExecutionListener@4213bc3e, org.springframework.boot.test.autoconfigure.restdocs.RestDocsTestExecutionListener@6aaa678d, org.springframework.boot.test.autoconfigure.web.client.MockRestServiceServerResetTestExecutionListener@25dcf1b6, org.springframework.boot.test.autoconfigure.web.servlet.MockMvcPrintOnlyOnFailureTestExecutionListener@113d0f75, org.springframework.boot.test.autoconfigure.web.servlet.WebDriverTestExecutionListener@4e10a320, org.springframework.boot.test.autoconfigure.webservices.client.MockWebServiceServerTestExecutionListener@773f3360]
15:13:05.296 [main] DEBUG org.springframework.test.annotation.ProfileValueUtils - Retrieved @ProfileValueSourceConfiguration [null] for test class [net.revature.binarybuiltbyte.project2.ProductTest]
15:13:05.296 [main] DEBUG org.springframework.test.annotation.ProfileValueUtils - Retrieved ProfileValueSource type [class org.springframework.test.annotation.SystemProfileValueSource] for class [net.revature.binarybuiltbyte.project2.ProductTest]
15:13:05.297 [main] DEBUG org.springframework.test.annotation.ProfileValueUtils - Retrieved @ProfileValueSourceConfiguration [null] for test class [net.revature.binarybuiltbyte.project2.ProductTest]
15:13:05.297 [main] DEBUG org.springframework.test.annotation.ProfileValueUtils - Retrieved ProfileValueSource type [class org.springframework.test.annotation.SystemProfileValueSource] for class [net.revature.binarybuiltbyte.project2.ProductTest]
15:13:05.297 [main] DEBUG org.springframework.test.annotation.ProfileValueUtils - Retrieved @ProfileValueSourceConfiguration [null] for test class [net.revature.binarybuiltbyte.project2.ProductTest]
15:13:05.297 [main] DEBUG org.springframework.test.annotation.ProfileValueUtils - Retrieved ProfileValueSource type [class org.springframework.test.annotation.SystemProfileValueSource] for class [net.revature.binarybuiltbyte.project2.ProductTest]
15:13:05.297 [main] DEBUG org.springframework.test.context.junit4.SpringJUnit4ClassRunner - SpringJUnit4ClassRunner constructor called with [class net.revature.binarybuiltbyte.project2.ReviewTest]
15:13:05.298 [main] DEBUG org.springframework.test.context.BootstrapUtils - Instantiating CacheAwareContextLoaderDelegate from class [org.springframework.test.context.cache.DefaultCacheAwareContextLoaderDelegate]
15:13:05.298 [main] DEBUG org.springframework.test.context.BootstrapUtils - Instantiating BootstrapContext using constructor [public org.springframework.test.context.support.DefaultBootstrapContext(java.lang.Class,org.springframework.test.context.CacheAwareContextLoaderDelegate)]
15:13:05.298 [main] DEBUG org.springframework.test.context.BootstrapUtils - Instantiating TestContextBootstrapper for test class [net.revature.binarybuiltbyte.project2.ReviewTest] from class [org.springframework.boot.test.context.SpringBootTestContextBootstrapper]
15:13:05.299 [main] INFO org.springframework.boot.test.context.SpringBootTestContextBootstrapper - Neither @ContextConfiguration nor @ContextHierarchy found for test class [net.revature.binarybuiltbyte.project2.ReviewTest], using SpringBootContextLoader
15:13:05.300 [main] DEBUG org.springframework.test.context.support.AbstractContextLoader - Did not detect default resource location for test class [net.revature.binarybuiltbyte.project2.ReviewTest]: class path resource [net/revature/binarybuiltbyte/project2/ReviewTest-context.xml] does not exist
15:13:05.300 [main] DEBUG org.springframework.test.context.support.AbstractContextLoader - Did not detect default resource location for test class [net.revature.binarybuiltbyte.project2.ReviewTest]: class path resource [net/revature/binarybuiltbyte/project2/ReviewTestContext.groovy] does not exist
15:13:05.300 [main] INFO org.springframework.test.context.support.AbstractContextLoader - Could not detect default resource locations for test class [net.revature.binarybuiltbyte.project2.ReviewTest]: no resource found for suffixes {-context.xml, Context.groovy}.
15:13:05.301 [main] INFO org.springframework.test.context.support.AnnotationConfigContextLoaderUtils - Could not detect default configuration classes for test class [net.revature.binarybuiltbyte.project2.ReviewTest]: ReviewTest does not declare any static, non-private, non-final, nested classes annotated with @Configuration.
15:13:05.304 [main] DEBUG org.springframework.test.context.support.ActiveProfilesUtils - Could not find an 'annotation declaring class' for annotation type [org.springframework.test.context.ActiveProfiles] and class [net.revature.binarybuiltbyte.project2.ReviewTest]
15:13:05.305 [main] INFO org.springframework.boot.test.context.SpringBootTestContextBootstrapper - Found @SpringBootConfiguration net.revature.binarybuiltbyte.project2.Project2Application for test class net.revature.binarybuiltbyte.project2.ReviewTest
15:13:05.307 [main] DEBUG org.springframework.boot.test.context.SpringBootTestContextBootstrapper - @TestExecutionListeners is not present for class [net.revature.binarybuiltbyte.project2.ReviewTest]: using defaults.
15:13:05.308 [main] INFO org.springframework.boot.test.context.SpringBootTestContextBootstrapper - Loaded default TestExecutionListener class names from location [META-INF/spring.factories]: [org.springframework.boot.test.mock.mockito.MockitoTestExecutionListener, org.springframework.boot.test.mock.mockito.ResetMocksTestExecutionListener, org.springframework.boot.test.autoconfigure.restdocs.RestDocsTestExecutionListener, org.springframework.boot.test.autoconfigure.web.client.MockRestServiceServerResetTestExecutionListener, org.springframework.boot.test.autoconfigure.web.servlet.MockMvcPrintOnlyOnFailureTestExecutionListener, org.springframework.boot.test.autoconfigure.web.servlet.WebDriverTestExecutionListener, org.springframework.boot.test.autoconfigure.webservices.client.MockWebServiceServerTestExecutionListener, org.springframework.test.context.web.ServletTestExecutionListener, org.springframework.test.context.support.DirtiesContextBeforeModesTestExecutionListener, org.springframework.test.context.event.ApplicationEventsTestExecutionListener, org.springframework.test.context.support.DependencyInjectionTestExecutionListener, org.springframework.test.context.support.DirtiesContextTestExecutionListener, org.springframework.test.context.transaction.TransactionalTestExecutionListener, org.springframework.test.context.jdbc.SqlScriptsTestExecutionListener, org.springframework.test.context.event.EventPublishingTestExecutionListener, org.springframework.security.test.context.support.WithSecurityContextTestExecutionListener, org.springframework.security.test.context.support.ReactorContextTestExecutionListener]
15:13:05.309 [main] INFO org.springframework.boot.test.context.SpringBootTestContextBootstrapper - Using TestExecutionListeners: [org.springframework.test.context.web.ServletTestExecutionListener@7d17906, org.springframework.test.context.support.DirtiesContextBeforeModesTestExecutionListener@97beeaf, org.springframework.test.context.event.ApplicationEventsTestExecutionListener@5d68954d, org.springframework.boot.test.mock.mockito.MockitoTestExecutionListener@f793f15, org.springframework.boot.test.autoconfigure.SpringBootDependencyInjectionTestExecutionListener@3ec7eb5, org.springframework.test.context.support.DirtiesContextTestExecutionListener@5534e6f1, org.springframework.test.context.transaction.TransactionalTestExecutionListener@4c6fc3e7, org.springframework.test.context.jdbc.SqlScriptsTestExecutionListener@aa8dce8, org.springframework.test.context.event.EventPublishingTestExecutionListener@6ad112de, org.springframework.security.test.context.support.WithSecurityContextTestExecutionListener@18a0721b, org.springframework.security.test.context.support.ReactorContextTestExecutionListener@2ae2fa13, org.springframework.boot.test.mock.mockito.ResetMocksTestExecutionListener@66e12c3b, org.springframework.boot.test.autoconfigure.restdocs.RestDocsTestExecutionListener@44485db, org.springframework.boot.test.autoconfigure.web.client.MockRestServiceServerResetTestExecutionListener@1f6f0fe2, org.springframework.boot.test.autoconfigure.web.servlet.MockMvcPrintOnlyOnFailureTestExecutionListener@22604c7e, org.springframework.boot.test.autoconfigure.web.servlet.WebDriverTestExecutionListener@4d8f2cfd, org.springframework.boot.test.autoconfigure.webservices.client.MockWebServiceServerTestExecutionListener@6d4502ca]
15:13:05.309 [main] DEBUG org.springframework.test.annotation.ProfileValueUtils - Retrieved @ProfileValueSourceConfiguration [null] for test class [net.revature.binarybuiltbyte.project2.ReviewTest]
15:13:05.309 [main] DEBUG org.springframework.test.annotation.ProfileValueUtils - Retrieved ProfileValueSource type [class org.springframework.test.annotation.SystemProfileValueSource] for class [net.revature.binarybuiltbyte.project2.ReviewTest]
15:13:05.310 [main] DEBUG org.springframework.test.annotation.ProfileValueUtils - Retrieved @ProfileValueSourceConfiguration [null] for test class [net.revature.binarybuiltbyte.project2.ReviewTest]
15:13:05.310 [main] DEBUG org.springframework.test.annotation.ProfileValueUtils - Retrieved ProfileValueSource type [class org.springframework.test.annotation.SystemProfileValueSource] for class [net.revature.binarybuiltbyte.project2.ReviewTest]
15:13:05.310 [main] DEBUG org.springframework.test.annotation.ProfileValueUtils - Retrieved @ProfileValueSourceConfiguration [null] for test class [net.revature.binarybuiltbyte.project2.ReviewTest]
15:13:05.310 [main] DEBUG org.springframework.test.annotation.ProfileValueUtils - Retrieved ProfileValueSource type [class org.springframework.test.annotation.SystemProfileValueSource] for class [net.revature.binarybuiltbyte.project2.ReviewTest]
15:13:05.420 [main] DEBUG org.springframework.test.annotation.ProfileValueUtils - Retrieved @ProfileValueSourceConfiguration [null] for test class [net.revature.binarybuiltbyte.project2.AddressTest]
15:13:05.421 [main] DEBUG org.springframework.test.annotation.ProfileValueUtils - Retrieved ProfileValueSource type [class org.springframework.test.annotation.SystemProfileValueSource] for class [net.revature.binarybuiltbyte.project2.AddressTest]
15:13:05.427 [main] DEBUG org.springframework.test.annotation.ProfileValueUtils - Retrieved @ProfileValueSourceConfiguration [null] for test class [net.revature.binarybuiltbyte.project2.AddressTest]
15:13:05.427 [main] DEBUG org.springframework.test.annotation.ProfileValueUtils - Retrieved ProfileValueSource type [class org.springframework.test.annotation.SystemProfileValueSource] for class [net.revature.binarybuiltbyte.project2.AddressTest]
15:13:05.428 [main] DEBUG org.springframework.test.annotation.ProfileValueUtils - Retrieved @ProfileValueSourceConfiguration [null] for test class [net.revature.binarybuiltbyte.project2.AddressTest]
15:13:05.428 [main] DEBUG org.springframework.test.annotation.ProfileValueUtils - Retrieved ProfileValueSource type [class org.springframework.test.annotation.SystemProfileValueSource] for class [net.revature.binarybuiltbyte.project2.AddressTest]
15:13:05.438 [main] DEBUG org.springframework.test.context.support.AbstractDirtiesContextTestExecutionListener - Before test class: context [DefaultTestContext@69b1e8f8 testClass = AddressTest, testInstance = [null], testMethod = [null], testException = [null], mergedContextConfiguration = [WebMergedContextConfiguration@126af200 testClass = AddressTest, locations = '{}', classes = '{class net.revature.binarybuiltbyte.project2.Project2Application}', contextInitializerClasses = '[]', activeProfiles = '{}', propertySourceLocations = '{}', propertySourceProperties = '{org.springframework.boot.test.context.SpringBootTestContextBootstrapper=true}', contextCustomizers = set[[ImportsContextCustomizer@1e000a17 key = [org.springframework.boot.test.autoconfigure.web.servlet.MockMvcAutoConfiguration, org.springframework.boot.test.autoconfigure.web.servlet.MockMvcWebClientAutoConfiguration, org.springframework.boot.test.autoconfigure.web.servlet.MockMvcWebDriverAutoConfiguration, org.springframework.boot.autoconfigure.security.oauth2.client.servlet.OAuth2ClientAutoConfiguration, org.springframework.boot.autoconfigure.security.oauth2.resource.servlet.OAuth2ResourceServerAutoConfiguration, org.springframework.boot.autoconfigure.security.servlet.SecurityAutoConfiguration, org.springframework.boot.autoconfigure.security.servlet.SecurityFilterAutoConfiguration, org.springframework.boot.autoconfigure.security.servlet.UserDetailsServiceAutoConfiguration, org.springframework.boot.test.autoconfigure.web.servlet.MockMvcSecurityConfiguration]], org.springframework.boot.test.context.filter.ExcludeFilterContextCustomizer@53a84ff4, org.springframework.boot.test.json.DuplicateJsonObjectContextCustomizerFactory$DuplicateJsonObjectContextCustomizer@5731d3a, org.springframework.boot.test.mock.mockito.MockitoContextCustomizer@0, org.springframework.boot.test.web.client.TestRestTemplateContextCustomizer@4548d254, org.springframework.boot.test.autoconfigure.actuate.metrics.MetricsExportContextCustomizerFactory$DisableMetricExportContextCustomizer@3a4ab7f7, org.springframework.boot.test.autoconfigure.properties.PropertyMappingContextCustomizer@4b3fa0b3, org.springframework.boot.test.autoconfigure.web.servlet.WebDriverContextCustomizerFactory$Customizer@3e8b3b79, org.springframework.boot.test.context.SpringBootTestArgs@1, org.springframework.boot.test.context.SpringBootTestWebEnvironment@6ede46f6], resourceBasePath = 'src/main/webapp', contextLoader = 'org.springframework.boot.test.context.SpringBootContextLoader', parent = [null]], attributes = map['org.springframework.test.context.web.ServletTestExecutionListener.activateListener' -> true]], class annotated with @DirtiesContext [false] with mode [null].
15:13:05.442 [main] DEBUG org.springframework.test.annotation.ProfileValueUtils - Retrieved @ProfileValueSourceConfiguration [null] for test class [net.revature.binarybuiltbyte.project2.AddressTest]
15:13:05.442 [main] DEBUG org.springframework.test.annotation.ProfileValueUtils - Retrieved ProfileValueSource type [class org.springframework.test.annotation.SystemProfileValueSource] for class [net.revature.binarybuiltbyte.project2.AddressTest]
15:13:05.502 [main] DEBUG org.springframework.test.context.support.TestPropertySourceUtils - Adding inlined properties to environment: {spring.jmx.enabled=false, org.springframework.boot.test.context.SpringBootTestContextBootstrapper=true}

  .   ____          _            __ _ _
 /\\ / ___'_ __ _ _(_)_ __  __ _ \ \ \ \
( ( )\___ | '_ | '_| | '_ \/ _` | \ \ \ \
 \\/  ___)| |_)| | | | | || (_| |  ) ) ) )
  '  |____| .__|_| |_|_| |_\__, | / / / /
 =========|_|==============|___/=/_/_/_/
 :: Spring Boot ::                (v2.4.4)

2021-04-22 15:13:06.078  INFO 46272 --- [           main] n.r.b.project2.AddressTest               : Starting AddressTest using Java 1.8.0_281 on SHADOW with PID 46272 (started by Shadow in C:\Users\Shadow\Desktop\ByteBuilders-Project2\ByteBuildersBackEnd\project2-backend)
2021-04-22 15:13:06.084  INFO 46272 --- [           main] n.r.b.project2.AddressTest               : No active profile set, falling back to default profiles: default
2021-04-22 15:13:07.872  INFO 46272 --- [           main] .s.d.r.c.RepositoryConfigurationDelegate : Bootstrapping Spring Data JPA repositories in DEFAULT mode.
2021-04-22 15:13:08.091  INFO 46272 --- [           main] .s.d.r.c.RepositoryConfigurationDelegate : Finished Spring Data repository scanning in 203 ms. Found 9 JPA repository interfaces.
2021-04-22 15:13:09.400  INFO 46272 --- [           main] o.hibernate.jpa.internal.util.LogHelper  : HHH000204: Processing PersistenceUnitInfo [name: default]
2021-04-22 15:13:09.554  INFO 46272 --- [           main] org.hibernate.Version                    : HHH000412: Hibernate ORM core version 5.4.29.Final
2021-04-22 15:13:09.867  INFO 46272 --- [           main] o.hibernate.annotations.common.Version   : HCANN000001: Hibernate Commons Annotations {5.1.2.Final}
2021-04-22 15:13:10.220  INFO 46272 --- [           main] com.zaxxer.hikari.HikariDataSource       : HikariPool-1 - Starting...
2021-04-22 15:13:10.895  INFO 46272 --- [           main] com.zaxxer.hikari.HikariDataSource       : HikariPool-1 - Start completed.
2021-04-22 15:13:10.957  INFO 46272 --- [           main] org.hibernate.dialect.Dialect            : HHH000400: Using dialect: org.hibernate.dialect.PostgreSQLDialect
2021-04-22 15:13:13.404  INFO 46272 --- [           main] o.h.e.t.j.p.i.JtaPlatformInitiator       : HHH000490: Using JtaPlatform implementation: [org.hibernate.engine.transaction.jta.platform.internal.NoJtaPlatform]
2021-04-22 15:13:13.422  INFO 46272 --- [           main] j.LocalContainerEntityManagerFactoryBean : Initialized JPA EntityManagerFactory for persistence unit 'default'
2021-04-22 15:13:14.399  WARN 46272 --- [           main] JpaBaseConfiguration$JpaWebConfiguration : spring.jpa.open-in-view is enabled by default. Therefore, database queries may be performed during view rendering. Explicitly configure spring.jpa.open-in-view to disable this warning
2021-04-22 15:13:15.534  INFO 46272 --- [           main] o.s.s.web.DefaultSecurityFilterChain     : Will secure any request with [org.springframework.security.web.context.request.async.WebAsyncManagerIntegrationFilter@3658bdba, org.springframework.security.web.context.SecurityContextPersistenceFilter@4b396668, org.springframework.security.web.header.HeaderWriterFilter@10c305fd, org.springframework.security.web.authentication.logout.LogoutFilter@3060205, net.revature.binarybuiltbyte.project2.security.JwtRequestFilter@7d828bb8, org.springframework.security.web.savedrequest.RequestCacheAwareFilter@12523fb, org.springframework.security.web.servletapi.SecurityContextHolderAwareRequestFilter@1f85c02, org.springframework.security.web.authentication.AnonymousAuthenticationFilter@688ec46, org.springframework.security.web.session.SessionManagementFilter@699fcc2c, org.springframework.security.web.access.ExceptionTranslationFilter@6fc7e9c8, org.springframework.security.web.access.intercept.FilterSecurityInterceptor@bb1cd05]
2021-04-22 15:13:16.709  INFO 46272 --- [           main] o.s.s.concurrent.ThreadPoolTaskExecutor  : Initializing ExecutorService 'applicationTaskExecutor'
2021-04-22 15:13:18.350  INFO 46272 --- [           main] o.s.b.t.m.w.SpringBootMockServletContext : Initializing Spring TestDispatcherServlet ''
2021-04-22 15:13:18.350  INFO 46272 --- [           main] o.s.t.web.servlet.TestDispatcherServlet  : Initializing Servlet ''
2021-04-22 15:13:18.361  INFO 46272 --- [           main] o.s.b.a.e.web.EndpointLinksResolver      : Exposing 13 endpoint(s) beneath base path '/actuator'
2021-04-22 15:13:18.411  INFO 46272 --- [           main] o.s.t.web.servlet.TestDispatcherServlet  : Completed initialization in 61 ms
2021-04-22 15:13:18.478  INFO 46272 --- [           main] n.r.b.project2.AddressTest               : Started AddressTest in 12.961 seconds (JVM running for 15.76)

MockHttpServletRequest:
      HTTP Method = GET
      Request URI = /api/address
       Parameters = {}
          Headers = []
             Body = null
    Session Attrs = {}

Handler:
             Type = org.springframework.data.rest.webmvc.RepositoryEntityController
           Method = org.springframework.data.rest.webmvc.RepositoryEntityController#getCollectionResource(RootResourceInformation, DefaultedPageable, Sort, PersistentEntityResourceAssembler)

Async:
    Async started = false
     Async result = null

Resolved Exception:
             Type = null

ModelAndView:
        View name = null
             View = null
            Model = null

FlashMap:
       Attributes = null

MockHttpServletResponse:
           Status = 200
    Error message = null
          Headers = [Vary:"Origin", "Access-Control-Request-Method", "Access-Control-Request-Headers", Content-Type:"application/hal+json", X-Content-Type-Options:"nosniff", X-XSS-Protection:"1; mode=block", Cache-Control:"no-cache, no-store, max-age=0, must-revalidate", Pragma:"no-cache", Expires:"0", X-Frame-Options:"DENY"]
     Content type = application/hal+json
             Body = {
  "_embedded" : {
    "addresses" : [ {
      "id" : 1,
      "streetAddress" : "123 elm street",
      "city" : "mountain view",
      "state" : "CA",
      "zip" : "91111",
      "_links" : {
        "self" : {
          "href" : "http://localhost/api/address/1"
        },
        "address" : {
          "href" : "http://localhost/api/address/1"
        },
        "byteOrder" : {
          "href" : "http://localhost/api/address/1/byteOrder"
        }
      }
    }, {
      "id" : 2,
      "streetAddress" : "1111 crazy street",
      "city" : "sacramento",
      "state" : "CA",
      "zip" : "01111",
      "_links" : {
        "self" : {
          "href" : "http://localhost/api/address/2"
        },
        "address" : {
          "href" : "http://localhost/api/address/2"
        },
        "byteOrder" : {
          "href" : "http://localhost/api/address/2/byteOrder"
        }
      }
    }, {
      "id" : 3,
      "streetAddress" : null,
      "city" : "Sacramento",
      "state" : "CA",
      "zip" : null,
      "_links" : {
        "self" : {
          "href" : "http://localhost/api/address/3"
        },
        "address" : {
          "href" : "http://localhost/api/address/3"
        },
        "byteOrder" : {
          "href" : "http://localhost/api/address/3/byteOrder"
        }
      }
    }, {
      "id" : 4,
      "streetAddress" : null,
      "city" : "Sacramento",
      "state" : "CA",
      "zip" : null,
      "_links" : {
        "self" : {
          "href" : "http://localhost/api/address/4"
        },
        "address" : {
          "href" : "http://localhost/api/address/4"
        },
        "byteOrder" : {
          "href" : "http://localhost/api/address/4/byteOrder"
        }
      }
    }, {
      "id" : 5,
      "streetAddress" : null,
      "city" : "adfa",
      "state" : "CA",
      "zip" : null,
      "_links" : {
        "self" : {
          "href" : "http://localhost/api/address/5"
        },
        "address" : {
          "href" : "http://localhost/api/address/5"
        },
        "byteOrder" : {
          "href" : "http://localhost/api/address/5/byteOrder"
        }
      }
    }, {
      "id" : 6,
      "streetAddress" : null,
      "city" : "adfafd",
      "state" : "AK",
      "zip" : null,
      "_links" : {
        "self" : {
          "href" : "http://localhost/api/address/6"
        },
        "address" : {
          "href" : "http://localhost/api/address/6"
        },
        "byteOrder" : {
          "href" : "http://localhost/api/address/6/byteOrder"
        }
      }
    }, {
      "id" : 7,
      "streetAddress" : null,
      "city" : "dafds",
      "state" : "DE",
      "zip" : null,
      "_links" : {
        "self" : {
          "href" : "http://localhost/api/address/7"
        },
        "address" : {
          "href" : "http://localhost/api/address/7"
        },
        "byteOrder" : {
          "href" : "http://localhost/api/address/7/byteOrder"
        }
      }
    }, {
      "id" : 8,
      "streetAddress" : null,
      "city" : "Mountain View",
      "state" : "CA",
      "zip" : null,
      "_links" : {
        "self" : {
          "href" : "http://localhost/api/address/8"
        },
        "address" : {
          "href" : "http://localhost/api/address/8"
        },
        "byteOrder" : {
          "href" : "http://localhost/api/address/8/byteOrder"
        }
      }
    }, {
      "id" : 9,
      "streetAddress" : null,
      "city" : "dfsf",
      "state" : "CA",
      "zip" : null,
      "_links" : {
        "self" : {
          "href" : "http://localhost/api/address/9"
        },
        "address" : {
          "href" : "http://localhost/api/address/9"
        },
        "byteOrder" : {
          "href" : "http://localhost/api/address/9/byteOrder"
        }
      }
    }, {
      "id" : 10,
      "streetAddress" : null,
      "city" : "dfafda",
      "state" : "CA",
      "zip" : null,
      "_links" : {
        "self" : {
          "href" : "http://localhost/api/address/10"
        },
        "address" : {
          "href" : "http://localhost/api/address/10"
        },
        "byteOrder" : {
          "href" : "http://localhost/api/address/10/byteOrder"
        }
      }
    }, {
      "id" : 11,
      "streetAddress" : null,
      "city" : "Sacramento",
      "state" : "CA",
      "zip" : null,
      "_links" : {
        "self" : {
          "href" : "http://localhost/api/address/11"
        },
        "address" : {
          "href" : "http://localhost/api/address/11"
        },
        "byteOrder" : {
          "href" : "http://localhost/api/address/11/byteOrder"
        }
      }
    }, {
      "id" : 12,
      "streetAddress" : null,
      "city" : "Mountain View",
      "state" : "CA",
      "zip" : null,
      "_links" : {
        "self" : {
          "href" : "http://localhost/api/address/12"
        },
        "address" : {
          "href" : "http://localhost/api/address/12"
        },
        "byteOrder" : {
          "href" : "http://localhost/api/address/12/byteOrder"
        }
      }
    }, {
      "id" : 13,
      "streetAddress" : null,
      "city" : "Sacramento",
      "state" : "CA",
      "zip" : null,
      "_links" : {
        "self" : {
          "href" : "http://localhost/api/address/13"
        },
        "address" : {
          "href" : "http://localhost/api/address/13"
        },
        "byteOrder" : {
          "href" : "http://localhost/api/address/13/byteOrder"
        }
      }
    }, {
      "id" : 14,
      "streetAddress" : null,
      "city" : "Sacramento",
      "state" : "CA",
      "zip" : null,
      "_links" : {
        "self" : {
          "href" : "http://localhost/api/address/14"
        },
        "address" : {
          "href" : "http://localhost/api/address/14"
        },
        "byteOrder" : {
          "href" : "http://localhost/api/address/14/byteOrder"
        }
      }
    }, {
      "id" : 15,
      "streetAddress" : null,
      "city" : "dfafda",
      "state" : "CA",
      "zip" : null,
      "_links" : {
        "self" : {
          "href" : "http://localhost/api/address/15"
        },
        "address" : {
          "href" : "http://localhost/api/address/15"
        },
        "byteOrder" : {
          "href" : "http://localhost/api/address/15/byteOrder"
        }
      }
    }, {
      "id" : 16,
      "streetAddress" : null,
      "city" : "dfafda",
      "state" : "CA",
      "zip" : null,
      "_links" : {
        "self" : {
          "href" : "http://localhost/api/address/16"
        },
        "address" : {
          "href" : "http://localhost/api/address/16"
        },
        "byteOrder" : {
          "href" : "http://localhost/api/address/16/byteOrder"
        }
      }
    } ]
  },
  "_links" : {
    "self" : {
      "href" : "http://localhost/api/address"
    },
    "profile" : {
      "href" : "http://localhost/api/profile/address"
    }
  },
  "page" : {
    "size" : 20,
    "totalElements" : 16,
    "totalPages" : 1,
    "number" : 0
  }
}
    Forwarded URL = null
   Redirected URL = null
          Cookies = []

MockHttpServletRequest:
      HTTP Method = GET
      Request URI = /api/address
       Parameters = {}
          Headers = []
             Body = null
    Session Attrs = {}

Handler:
             Type = org.springframework.data.rest.webmvc.RepositoryEntityController
           Method = org.springframework.data.rest.webmvc.RepositoryEntityController#getCollectionResource(RootResourceInformation, DefaultedPageable, Sort, PersistentEntityResourceAssembler)

Async:
    Async started = false
     Async result = null

Resolved Exception:
             Type = null

ModelAndView:
        View name = null
             View = null
            Model = null

FlashMap:
       Attributes = null

MockHttpServletResponse:
           Status = 200
    Error message = null
          Headers = [Vary:"Origin", "Access-Control-Request-Method", "Access-Control-Request-Headers", Content-Type:"application/hal+json", X-Content-Type-Options:"nosniff", X-XSS-Protection:"1; mode=block", Cache-Control:"no-cache, no-store, max-age=0, must-revalidate", Pragma:"no-cache", Expires:"0", X-Frame-Options:"DENY"]
     Content type = application/hal+json
             Body = {
  "_embedded" : {
    "addresses" : [ {
      "id" : 1,
      "streetAddress" : "123 elm street",
      "city" : "mountain view",
      "state" : "CA",
      "zip" : "91111",
      "_links" : {
        "self" : {
          "href" : "http://localhost/api/address/1"
        },
        "address" : {
          "href" : "http://localhost/api/address/1"
        },
        "byteOrder" : {
          "href" : "http://localhost/api/address/1/byteOrder"
        }
      }
    }, {
      "id" : 2,
      "streetAddress" : "1111 crazy street",
      "city" : "sacramento",
      "state" : "CA",
      "zip" : "01111",
      "_links" : {
        "self" : {
          "href" : "http://localhost/api/address/2"
        },
        "address" : {
          "href" : "http://localhost/api/address/2"
        },
        "byteOrder" : {
          "href" : "http://localhost/api/address/2/byteOrder"
        }
      }
    }, {
      "id" : 3,
      "streetAddress" : null,
      "city" : "Sacramento",
      "state" : "CA",
      "zip" : null,
      "_links" : {
        "self" : {
          "href" : "http://localhost/api/address/3"
        },
        "address" : {
          "href" : "http://localhost/api/address/3"
        },
        "byteOrder" : {
          "href" : "http://localhost/api/address/3/byteOrder"
        }
      }
    }, {
      "id" : 4,
      "streetAddress" : null,
      "city" : "Sacramento",
      "state" : "CA",
      "zip" : null,
      "_links" : {
        "self" : {
          "href" : "http://localhost/api/address/4"
        },
        "address" : {
          "href" : "http://localhost/api/address/4"
        },
        "byteOrder" : {
          "href" : "http://localhost/api/address/4/byteOrder"
        }
      }
    }, {
      "id" : 5,
      "streetAddress" : null,
      "city" : "adfa",
      "state" : "CA",
      "zip" : null,
      "_links" : {
        "self" : {
          "href" : "http://localhost/api/address/5"
        },
        "address" : {
          "href" : "http://localhost/api/address/5"
        },
        "byteOrder" : {
          "href" : "http://localhost/api/address/5/byteOrder"
        }
      }
    }, {
      "id" : 6,
      "streetAddress" : null,
      "city" : "adfafd",
      "state" : "AK",
      "zip" : null,
      "_links" : {
        "self" : {
          "href" : "http://localhost/api/address/6"
        },
        "address" : {
          "href" : "http://localhost/api/address/6"
        },
        "byteOrder" : {
          "href" : "http://localhost/api/address/6/byteOrder"
        }
      }
    }, {
      "id" : 7,
      "streetAddress" : null,
      "city" : "dafds",
      "state" : "DE",
      "zip" : null,
      "_links" : {
        "self" : {
          "href" : "http://localhost/api/address/7"
        },
        "address" : {
          "href" : "http://localhost/api/address/7"
        },
        "byteOrder" : {
          "href" : "http://localhost/api/address/7/byteOrder"
        }
      }
    }, {
      "id" : 8,
      "streetAddress" : null,
      "city" : "Mountain View",
      "state" : "CA",
      "zip" : null,
      "_links" : {
        "self" : {
          "href" : "http://localhost/api/address/8"
        },
        "address" : {
          "href" : "http://localhost/api/address/8"
        },
        "byteOrder" : {
          "href" : "http://localhost/api/address/8/byteOrder"
        }
      }
    }, {
      "id" : 9,
      "streetAddress" : null,
      "city" : "dfsf",
      "state" : "CA",
      "zip" : null,
      "_links" : {
        "self" : {
          "href" : "http://localhost/api/address/9"
        },
        "address" : {
          "href" : "http://localhost/api/address/9"
        },
        "byteOrder" : {
          "href" : "http://localhost/api/address/9/byteOrder"
        }
      }
    }, {
      "id" : 10,
      "streetAddress" : null,
      "city" : "dfafda",
      "state" : "CA",
      "zip" : null,
      "_links" : {
        "self" : {
          "href" : "http://localhost/api/address/10"
        },
        "address" : {
          "href" : "http://localhost/api/address/10"
        },
        "byteOrder" : {
          "href" : "http://localhost/api/address/10/byteOrder"
        }
      }
    }, {
      "id" : 11,
      "streetAddress" : null,
      "city" : "Sacramento",
      "state" : "CA",
      "zip" : null,
      "_links" : {
        "self" : {
          "href" : "http://localhost/api/address/11"
        },
        "address" : {
          "href" : "http://localhost/api/address/11"
        },
        "byteOrder" : {
          "href" : "http://localhost/api/address/11/byteOrder"
        }
      }
    }, {
      "id" : 12,
      "streetAddress" : null,
      "city" : "Mountain View",
      "state" : "CA",
      "zip" : null,
      "_links" : {
        "self" : {
          "href" : "http://localhost/api/address/12"
        },
        "address" : {
          "href" : "http://localhost/api/address/12"
        },
        "byteOrder" : {
          "href" : "http://localhost/api/address/12/byteOrder"
        }
      }
    }, {
      "id" : 13,
      "streetAddress" : null,
      "city" : "Sacramento",
      "state" : "CA",
      "zip" : null,
      "_links" : {
        "self" : {
          "href" : "http://localhost/api/address/13"
        },
        "address" : {
          "href" : "http://localhost/api/address/13"
        },
        "byteOrder" : {
          "href" : "http://localhost/api/address/13/byteOrder"
        }
      }
    }, {
      "id" : 14,
      "streetAddress" : null,
      "city" : "Sacramento",
      "state" : "CA",
      "zip" : null,
      "_links" : {
        "self" : {
          "href" : "http://localhost/api/address/14"
        },
        "address" : {
          "href" : "http://localhost/api/address/14"
        },
        "byteOrder" : {
          "href" : "http://localhost/api/address/14/byteOrder"
        }
      }
    }, {
      "id" : 15,
      "streetAddress" : null,
      "city" : "dfafda",
      "state" : "CA",
      "zip" : null,
      "_links" : {
        "self" : {
          "href" : "http://localhost/api/address/15"
        },
        "address" : {
          "href" : "http://localhost/api/address/15"
        },
        "byteOrder" : {
          "href" : "http://localhost/api/address/15/byteOrder"
        }
      }
    }, {
      "id" : 16,
      "streetAddress" : null,
      "city" : "dfafda",
      "state" : "CA",
      "zip" : null,
      "_links" : {
        "self" : {
          "href" : "http://localhost/api/address/16"
        },
        "address" : {
          "href" : "http://localhost/api/address/16"
        },
        "byteOrder" : {
          "href" : "http://localhost/api/address/16/byteOrder"
        }
      }
    } ]
  },
  "_links" : {
    "self" : {
      "href" : "http://localhost/api/address"
    },
    "profile" : {
      "href" : "http://localhost/api/profile/address"
    }
  },
  "page" : {
    "size" : 20,
    "totalElements" : 16,
    "totalPages" : 1,
    "number" : 0
  }
}
    Forwarded URL = null
   Redirected URL = null
          Cookies = []
]]></system-out>
  </testcase>
  <testcase name="checkReturnID1" classname="net.revature.binarybuiltbyte.project2.AddressTest" time="0.088">
    <failure message="JSON path &quot;$.streetAddress&quot; expected:&lt;333 Santa Fe Ave&gt; but was:&lt;123 elm street&gt;" type="java.lang.AssertionError"><![CDATA[java.lang.AssertionError: JSON path "$.streetAddress" expected:<333 Santa Fe Ave> but was:<123 elm street>
	at net.revature.binarybuiltbyte.project2.AddressTest.checkReturnID1(AddressTest.java:85)
]]></failure>
    <system-out><![CDATA[
MockHttpServletRequest:
      HTTP Method = GET
      Request URI = /api/address/1
       Parameters = {}
          Headers = []
             Body = null
    Session Attrs = {}

Handler:
             Type = org.springframework.data.rest.webmvc.RepositoryEntityController
           Method = org.springframework.data.rest.webmvc.RepositoryEntityController#getItemResource(RootResourceInformation, Serializable, PersistentEntityResourceAssembler, HttpHeaders)

Async:
    Async started = false
     Async result = null

Resolved Exception:
             Type = null

ModelAndView:
        View name = null
             View = null
            Model = null

FlashMap:
       Attributes = null

MockHttpServletResponse:
           Status = 200
    Error message = null
          Headers = [Vary:"Origin", "Access-Control-Request-Method", "Access-Control-Request-Headers", Content-Type:"application/hal+json", X-Content-Type-Options:"nosniff", X-XSS-Protection:"1; mode=block", Cache-Control:"no-cache, no-store, max-age=0, must-revalidate", Pragma:"no-cache", Expires:"0", X-Frame-Options:"DENY"]
     Content type = application/hal+json
             Body = {
  "id" : 1,
  "streetAddress" : "123 elm street",
  "city" : "mountain view",
  "state" : "CA",
  "zip" : "91111",
  "_links" : {
    "self" : {
      "href" : "http://localhost/api/address/1"
    },
    "address" : {
      "href" : "http://localhost/api/address/1"
    },
    "byteOrder" : {
      "href" : "http://localhost/api/address/1/byteOrder"
    }
  }
}
    Forwarded URL = null
   Redirected URL = null
          Cookies = []

MockHttpServletRequest:
      HTTP Method = GET
      Request URI = /api/address/1
       Parameters = {}
          Headers = []
             Body = null
    Session Attrs = {}

Handler:
             Type = org.springframework.data.rest.webmvc.RepositoryEntityController
           Method = org.springframework.data.rest.webmvc.RepositoryEntityController#getItemResource(RootResourceInformation, Serializable, PersistentEntityResourceAssembler, HttpHeaders)

Async:
    Async started = false
     Async result = null

Resolved Exception:
             Type = null

ModelAndView:
        View name = null
             View = null
            Model = null

FlashMap:
       Attributes = null

MockHttpServletResponse:
           Status = 200
    Error message = null
          Headers = [Vary:"Origin", "Access-Control-Request-Method", "Access-Control-Request-Headers", Content-Type:"application/hal+json", X-Content-Type-Options:"nosniff", X-XSS-Protection:"1; mode=block", Cache-Control:"no-cache, no-store, max-age=0, must-revalidate", Pragma:"no-cache", Expires:"0", X-Frame-Options:"DENY"]
     Content type = application/hal+json
             Body = {
  "id" : 1,
  "streetAddress" : "123 elm street",
  "city" : "mountain view",
  "state" : "CA",
  "zip" : "91111",
  "_links" : {
    "self" : {
      "href" : "http://localhost/api/address/1"
    },
    "address" : {
      "href" : "http://localhost/api/address/1"
    },
    "byteOrder" : {
      "href" : "http://localhost/api/address/1/byteOrder"
    }
  }
}
    Forwarded URL = null
   Redirected URL = null
          Cookies = []
]]></system-out>
  </testcase>
  <testcase name="checkPopulatingCorrectly" classname="net.revature.binarybuiltbyte.project2.AddressTest" time="0.098">
    <failure message="JSON path &quot;$.._embedded.addresses.[0].streetAddress&quot; expected:&lt;333 Santa Fe Ave&gt; but was:&lt;123 elm street&gt;" type="java.lang.AssertionError"><![CDATA[java.lang.AssertionError: JSON path "$.._embedded.addresses.[0].streetAddress" expected:<333 Santa Fe Ave> but was:<123 elm street>
	at net.revature.binarybuiltbyte.project2.AddressTest.checkPopulatingCorrectly(AddressTest.java:70)
]]></failure>
    <system-out><![CDATA[
MockHttpServletRequest:
      HTTP Method = GET
      Request URI = /api/address
       Parameters = {}
          Headers = []
             Body = null
    Session Attrs = {}

Handler:
             Type = org.springframework.data.rest.webmvc.RepositoryEntityController
           Method = org.springframework.data.rest.webmvc.RepositoryEntityController#getCollectionResource(RootResourceInformation, DefaultedPageable, Sort, PersistentEntityResourceAssembler)

Async:
    Async started = false
     Async result = null

Resolved Exception:
             Type = null

ModelAndView:
        View name = null
             View = null
            Model = null

FlashMap:
       Attributes = null

MockHttpServletResponse:
           Status = 200
    Error message = null
          Headers = [Vary:"Origin", "Access-Control-Request-Method", "Access-Control-Request-Headers", Content-Type:"application/hal+json", X-Content-Type-Options:"nosniff", X-XSS-Protection:"1; mode=block", Cache-Control:"no-cache, no-store, max-age=0, must-revalidate", Pragma:"no-cache", Expires:"0", X-Frame-Options:"DENY"]
     Content type = application/hal+json
             Body = {
  "_embedded" : {
    "addresses" : [ {
      "id" : 1,
      "streetAddress" : "123 elm street",
      "city" : "mountain view",
      "state" : "CA",
      "zip" : "91111",
      "_links" : {
        "self" : {
          "href" : "http://localhost/api/address/1"
        },
        "address" : {
          "href" : "http://localhost/api/address/1"
        },
        "byteOrder" : {
          "href" : "http://localhost/api/address/1/byteOrder"
        }
      }
    }, {
      "id" : 2,
      "streetAddress" : "1111 crazy street",
      "city" : "sacramento",
      "state" : "CA",
      "zip" : "01111",
      "_links" : {
        "self" : {
          "href" : "http://localhost/api/address/2"
        },
        "address" : {
          "href" : "http://localhost/api/address/2"
        },
        "byteOrder" : {
          "href" : "http://localhost/api/address/2/byteOrder"
        }
      }
    }, {
      "id" : 3,
      "streetAddress" : null,
      "city" : "Sacramento",
      "state" : "CA",
      "zip" : null,
      "_links" : {
        "self" : {
          "href" : "http://localhost/api/address/3"
        },
        "address" : {
          "href" : "http://localhost/api/address/3"
        },
        "byteOrder" : {
          "href" : "http://localhost/api/address/3/byteOrder"
        }
      }
    }, {
      "id" : 4,
      "streetAddress" : null,
      "city" : "Sacramento",
      "state" : "CA",
      "zip" : null,
      "_links" : {
        "self" : {
          "href" : "http://localhost/api/address/4"
        },
        "address" : {
          "href" : "http://localhost/api/address/4"
        },
        "byteOrder" : {
          "href" : "http://localhost/api/address/4/byteOrder"
        }
      }
    }, {
      "id" : 5,
      "streetAddress" : null,
      "city" : "adfa",
      "state" : "CA",
      "zip" : null,
      "_links" : {
        "self" : {
          "href" : "http://localhost/api/address/5"
        },
        "address" : {
          "href" : "http://localhost/api/address/5"
        },
        "byteOrder" : {
          "href" : "http://localhost/api/address/5/byteOrder"
        }
      }
    }, {
      "id" : 6,
      "streetAddress" : null,
      "city" : "adfafd",
      "state" : "AK",
      "zip" : null,
      "_links" : {
        "self" : {
          "href" : "http://localhost/api/address/6"
        },
        "address" : {
          "href" : "http://localhost/api/address/6"
        },
        "byteOrder" : {
          "href" : "http://localhost/api/address/6/byteOrder"
        }
      }
    }, {
      "id" : 7,
      "streetAddress" : null,
      "city" : "dafds",
      "state" : "DE",
      "zip" : null,
      "_links" : {
        "self" : {
          "href" : "http://localhost/api/address/7"
        },
        "address" : {
          "href" : "http://localhost/api/address/7"
        },
        "byteOrder" : {
          "href" : "http://localhost/api/address/7/byteOrder"
        }
      }
    }, {
      "id" : 8,
      "streetAddress" : null,
      "city" : "Mountain View",
      "state" : "CA",
      "zip" : null,
      "_links" : {
        "self" : {
          "href" : "http://localhost/api/address/8"
        },
        "address" : {
          "href" : "http://localhost/api/address/8"
        },
        "byteOrder" : {
          "href" : "http://localhost/api/address/8/byteOrder"
        }
      }
    }, {
      "id" : 9,
      "streetAddress" : null,
      "city" : "dfsf",
      "state" : "CA",
      "zip" : null,
      "_links" : {
        "self" : {
          "href" : "http://localhost/api/address/9"
        },
        "address" : {
          "href" : "http://localhost/api/address/9"
        },
        "byteOrder" : {
          "href" : "http://localhost/api/address/9/byteOrder"
        }
      }
    }, {
      "id" : 10,
      "streetAddress" : null,
      "city" : "dfafda",
      "state" : "CA",
      "zip" : null,
      "_links" : {
        "self" : {
          "href" : "http://localhost/api/address/10"
        },
        "address" : {
          "href" : "http://localhost/api/address/10"
        },
        "byteOrder" : {
          "href" : "http://localhost/api/address/10/byteOrder"
        }
      }
    }, {
      "id" : 11,
      "streetAddress" : null,
      "city" : "Sacramento",
      "state" : "CA",
      "zip" : null,
      "_links" : {
        "self" : {
          "href" : "http://localhost/api/address/11"
        },
        "address" : {
          "href" : "http://localhost/api/address/11"
        },
        "byteOrder" : {
          "href" : "http://localhost/api/address/11/byteOrder"
        }
      }
    }, {
      "id" : 12,
      "streetAddress" : null,
      "city" : "Mountain View",
      "state" : "CA",
      "zip" : null,
      "_links" : {
        "self" : {
          "href" : "http://localhost/api/address/12"
        },
        "address" : {
          "href" : "http://localhost/api/address/12"
        },
        "byteOrder" : {
          "href" : "http://localhost/api/address/12/byteOrder"
        }
      }
    }, {
      "id" : 13,
      "streetAddress" : null,
      "city" : "Sacramento",
      "state" : "CA",
      "zip" : null,
      "_links" : {
        "self" : {
          "href" : "http://localhost/api/address/13"
        },
        "address" : {
          "href" : "http://localhost/api/address/13"
        },
        "byteOrder" : {
          "href" : "http://localhost/api/address/13/byteOrder"
        }
      }
    }, {
      "id" : 14,
      "streetAddress" : null,
      "city" : "Sacramento",
      "state" : "CA",
      "zip" : null,
      "_links" : {
        "self" : {
          "href" : "http://localhost/api/address/14"
        },
        "address" : {
          "href" : "http://localhost/api/address/14"
        },
        "byteOrder" : {
          "href" : "http://localhost/api/address/14/byteOrder"
        }
      }
    }, {
      "id" : 15,
      "streetAddress" : null,
      "city" : "dfafda",
      "state" : "CA",
      "zip" : null,
      "_links" : {
        "self" : {
          "href" : "http://localhost/api/address/15"
        },
        "address" : {
          "href" : "http://localhost/api/address/15"
        },
        "byteOrder" : {
          "href" : "http://localhost/api/address/15/byteOrder"
        }
      }
    }, {
      "id" : 16,
      "streetAddress" : null,
      "city" : "dfafda",
      "state" : "CA",
      "zip" : null,
      "_links" : {
        "self" : {
          "href" : "http://localhost/api/address/16"
        },
        "address" : {
          "href" : "http://localhost/api/address/16"
        },
        "byteOrder" : {
          "href" : "http://localhost/api/address/16/byteOrder"
        }
      }
    } ]
  },
  "_links" : {
    "self" : {
      "href" : "http://localhost/api/address"
    },
    "profile" : {
      "href" : "http://localhost/api/profile/address"
    }
  },
  "page" : {
    "size" : 20,
    "totalElements" : 16,
    "totalPages" : 1,
    "number" : 0
  }
}
    Forwarded URL = null
   Redirected URL = null
          Cookies = []

MockHttpServletRequest:
      HTTP Method = GET
      Request URI = /api/address
       Parameters = {}
          Headers = []
             Body = null
    Session Attrs = {}

Handler:
             Type = org.springframework.data.rest.webmvc.RepositoryEntityController
           Method = org.springframework.data.rest.webmvc.RepositoryEntityController#getCollectionResource(RootResourceInformation, DefaultedPageable, Sort, PersistentEntityResourceAssembler)

Async:
    Async started = false
     Async result = null

Resolved Exception:
             Type = null

ModelAndView:
        View name = null
             View = null
            Model = null

FlashMap:
       Attributes = null

MockHttpServletResponse:
           Status = 200
    Error message = null
          Headers = [Vary:"Origin", "Access-Control-Request-Method", "Access-Control-Request-Headers", Content-Type:"application/hal+json", X-Content-Type-Options:"nosniff", X-XSS-Protection:"1; mode=block", Cache-Control:"no-cache, no-store, max-age=0, must-revalidate", Pragma:"no-cache", Expires:"0", X-Frame-Options:"DENY"]
     Content type = application/hal+json
             Body = {
  "_embedded" : {
    "addresses" : [ {
      "id" : 1,
      "streetAddress" : "123 elm street",
      "city" : "mountain view",
      "state" : "CA",
      "zip" : "91111",
      "_links" : {
        "self" : {
          "href" : "http://localhost/api/address/1"
        },
        "address" : {
          "href" : "http://localhost/api/address/1"
        },
        "byteOrder" : {
          "href" : "http://localhost/api/address/1/byteOrder"
        }
      }
    }, {
      "id" : 2,
      "streetAddress" : "1111 crazy street",
      "city" : "sacramento",
      "state" : "CA",
      "zip" : "01111",
      "_links" : {
        "self" : {
          "href" : "http://localhost/api/address/2"
        },
        "address" : {
          "href" : "http://localhost/api/address/2"
        },
        "byteOrder" : {
          "href" : "http://localhost/api/address/2/byteOrder"
        }
      }
    }, {
      "id" : 3,
      "streetAddress" : null,
      "city" : "Sacramento",
      "state" : "CA",
      "zip" : null,
      "_links" : {
        "self" : {
          "href" : "http://localhost/api/address/3"
        },
        "address" : {
          "href" : "http://localhost/api/address/3"
        },
        "byteOrder" : {
          "href" : "http://localhost/api/address/3/byteOrder"
        }
      }
    }, {
      "id" : 4,
      "streetAddress" : null,
      "city" : "Sacramento",
      "state" : "CA",
      "zip" : null,
      "_links" : {
        "self" : {
          "href" : "http://localhost/api/address/4"
        },
        "address" : {
          "href" : "http://localhost/api/address/4"
        },
        "byteOrder" : {
          "href" : "http://localhost/api/address/4/byteOrder"
        }
      }
    }, {
      "id" : 5,
      "streetAddress" : null,
      "city" : "adfa",
      "state" : "CA",
      "zip" : null,
      "_links" : {
        "self" : {
          "href" : "http://localhost/api/address/5"
        },
        "address" : {
          "href" : "http://localhost/api/address/5"
        },
        "byteOrder" : {
          "href" : "http://localhost/api/address/5/byteOrder"
        }
      }
    }, {
      "id" : 6,
      "streetAddress" : null,
      "city" : "adfafd",
      "state" : "AK",
      "zip" : null,
      "_links" : {
        "self" : {
          "href" : "http://localhost/api/address/6"
        },
        "address" : {
          "href" : "http://localhost/api/address/6"
        },
        "byteOrder" : {
          "href" : "http://localhost/api/address/6/byteOrder"
        }
      }
    }, {
      "id" : 7,
      "streetAddress" : null,
      "city" : "dafds",
      "state" : "DE",
      "zip" : null,
      "_links" : {
        "self" : {
          "href" : "http://localhost/api/address/7"
        },
        "address" : {
          "href" : "http://localhost/api/address/7"
        },
        "byteOrder" : {
          "href" : "http://localhost/api/address/7/byteOrder"
        }
      }
    }, {
      "id" : 8,
      "streetAddress" : null,
      "city" : "Mountain View",
      "state" : "CA",
      "zip" : null,
      "_links" : {
        "self" : {
          "href" : "http://localhost/api/address/8"
        },
        "address" : {
          "href" : "http://localhost/api/address/8"
        },
        "byteOrder" : {
          "href" : "http://localhost/api/address/8/byteOrder"
        }
      }
    }, {
      "id" : 9,
      "streetAddress" : null,
      "city" : "dfsf",
      "state" : "CA",
      "zip" : null,
      "_links" : {
        "self" : {
          "href" : "http://localhost/api/address/9"
        },
        "address" : {
          "href" : "http://localhost/api/address/9"
        },
        "byteOrder" : {
          "href" : "http://localhost/api/address/9/byteOrder"
        }
      }
    }, {
      "id" : 10,
      "streetAddress" : null,
      "city" : "dfafda",
      "state" : "CA",
      "zip" : null,
      "_links" : {
        "self" : {
          "href" : "http://localhost/api/address/10"
        },
        "address" : {
          "href" : "http://localhost/api/address/10"
        },
        "byteOrder" : {
          "href" : "http://localhost/api/address/10/byteOrder"
        }
      }
    }, {
      "id" : 11,
      "streetAddress" : null,
      "city" : "Sacramento",
      "state" : "CA",
      "zip" : null,
      "_links" : {
        "self" : {
          "href" : "http://localhost/api/address/11"
        },
        "address" : {
          "href" : "http://localhost/api/address/11"
        },
        "byteOrder" : {
          "href" : "http://localhost/api/address/11/byteOrder"
        }
      }
    }, {
      "id" : 12,
      "streetAddress" : null,
      "city" : "Mountain View",
      "state" : "CA",
      "zip" : null,
      "_links" : {
        "self" : {
          "href" : "http://localhost/api/address/12"
        },
        "address" : {
          "href" : "http://localhost/api/address/12"
        },
        "byteOrder" : {
          "href" : "http://localhost/api/address/12/byteOrder"
        }
      }
    }, {
      "id" : 13,
      "streetAddress" : null,
      "city" : "Sacramento",
      "state" : "CA",
      "zip" : null,
      "_links" : {
        "self" : {
          "href" : "http://localhost/api/address/13"
        },
        "address" : {
          "href" : "http://localhost/api/address/13"
        },
        "byteOrder" : {
          "href" : "http://localhost/api/address/13/byteOrder"
        }
      }
    }, {
      "id" : 14,
      "streetAddress" : null,
      "city" : "Sacramento",
      "state" : "CA",
      "zip" : null,
      "_links" : {
        "self" : {
          "href" : "http://localhost/api/address/14"
        },
        "address" : {
          "href" : "http://localhost/api/address/14"
        },
        "byteOrder" : {
          "href" : "http://localhost/api/address/14/byteOrder"
        }
      }
    }, {
      "id" : 15,
      "streetAddress" : null,
      "city" : "dfafda",
      "state" : "CA",
      "zip" : null,
      "_links" : {
        "self" : {
          "href" : "http://localhost/api/address/15"
        },
        "address" : {
          "href" : "http://localhost/api/address/15"
        },
        "byteOrder" : {
          "href" : "http://localhost/api/address/15/byteOrder"
        }
      }
    }, {
      "id" : 16,
      "streetAddress" : null,
      "city" : "dfafda",
      "state" : "CA",
      "zip" : null,
      "_links" : {
        "self" : {
          "href" : "http://localhost/api/address/16"
        },
        "address" : {
          "href" : "http://localhost/api/address/16"
        },
        "byteOrder" : {
          "href" : "http://localhost/api/address/16/byteOrder"
        }
      }
    } ]
  },
  "_links" : {
    "self" : {
      "href" : "http://localhost/api/address"
    },
    "profile" : {
      "href" : "http://localhost/api/profile/address"
    }
  },
  "page" : {
    "size" : 20,
    "totalElements" : 16,
    "totalPages" : 1,
    "number" : 0
  }
}
    Forwarded URL = null
   Redirected URL = null
          Cookies = []
]]></system-out>
  </testcase>
</testsuite>